CRITICAL - 2023-01-09 21:41:07 --> Object of class CodeIgniter\Database\MySQLi\Result could not be converted to string
in APPPATH\Views\admin\calendar.php on line 64.
 1 SYSTEMPATH\View\View.php(213): include()
 2 SYSTEMPATH\View\View.php(216): CodeIgniter\View\View->CodeIgniter\View\{closure}()
 3 SYSTEMPATH\Common.php(1135): CodeIgniter\View\View->render('admin/calendar', [], true)
 4 APPPATH\Controllers\Admin.php(309): view('admin/calendar', [...])
 5 SYSTEMPATH\CodeIgniter.php(898): App\Controllers\Admin->admin_calendar()
 6 SYSTEMPATH\CodeIgniter.php(468): CodeIgniter\CodeIgniter->runController(Object(App\Controllers\Admin))
 7 SYSTEMPATH\CodeIgniter.php(351): CodeIgniter\CodeIgniter->handleRequest(null, Object(Config\Cache), false)
 8 FCPATH\index.php(55): CodeIgniter\CodeIgniter->run()
 9 SYSTEMPATH\Commands\Server\rewrite.php(43): require_once('FCPATH\\index.php')
CRITICAL - 2023-01-09 21:49:23 --> Array to string conversion
in APPPATH\Views\admin\calendar.php on line 64.
 1 APPPATH\Views\admin\calendar.php(64): CodeIgniter\Debug\Exceptions->errorHandler(2, 'Array to string conversion', 'APPPATH\\Views\\admin\\calendar.php', 64)
 2 SYSTEMPATH\View\View.php(213): include('APPPATH\\Views\\admin\\calendar.php')
 3 SYSTEMPATH\View\View.php(216): CodeIgniter\View\View->CodeIgniter\View\{closure}()
 4 SYSTEMPATH\Common.php(1135): CodeIgniter\View\View->render('admin/calendar', [], true)
 5 APPPATH\Controllers\Admin.php(309): view('admin/calendar', [...])
 6 SYSTEMPATH\CodeIgniter.php(898): App\Controllers\Admin->admin_calendar()
 7 SYSTEMPATH\CodeIgniter.php(468): CodeIgniter\CodeIgniter->runController(Object(App\Controllers\Admin))
 8 SYSTEMPATH\CodeIgniter.php(351): CodeIgniter\CodeIgniter->handleRequest(null, Object(Config\Cache), false)
 9 FCPATH\index.php(55): CodeIgniter\CodeIgniter->run()
10 SYSTEMPATH\Commands\Server\rewrite.php(43): require_once('FCPATH\\index.php')
