CRITICAL - 2023-01-18 01:51:21 --> Class "App\Controllers\DateTime" not found
in APPPATH\Controllers\Api.php on line 123.
 1 SYSTEMPATH\CodeIgniter.php(898): App\Controllers\Api->startSectionAttendance('1', 'Mercury', '1', '1', '1')
 2 SYSTEMPATH\CodeIgniter.php(468): CodeIgniter\CodeIgniter->runController(Object(App\Controllers\Api))
 3 SYSTEMPATH\CodeIgniter.php(351): CodeIgniter\CodeIgniter->handleRequest(null, Object(Config\Cache), false)
 4 FCPATH\index.php(55): CodeIgniter\CodeIgniter->run()
 5 SYSTEMPATH\Commands\Server\rewrite.php(43): require_once('FCPATH\\index.php')
CRITICAL - 2023-01-18 01:51:44 --> Call to undefined function App\Controllers\DateTime()
in APPPATH\Controllers\Api.php on line 123.
 1 SYSTEMPATH\CodeIgniter.php(898): App\Controllers\Api->startSectionAttendance('1', 'Mercury', '1', '1', '1')
 2 SYSTEMPATH\CodeIgniter.php(468): CodeIgniter\CodeIgniter->runController(Object(App\Controllers\Api))
 3 SYSTEMPATH\CodeIgniter.php(351): CodeIgniter\CodeIgniter->handleRequest(null, Object(Config\Cache), false)
 4 FCPATH\index.php(55): CodeIgniter\CodeIgniter->run()
 5 SYSTEMPATH\Commands\Server\rewrite.php(43): require_once('FCPATH\\index.php')
CRITICAL - 2023-01-18 01:51:55 --> Call to a member function add() on string
in APPPATH\Controllers\Api.php on line 124.
 1 SYSTEMPATH\CodeIgniter.php(898): App\Controllers\Api->startSectionAttendance('1', 'Mercury', '1', '1', '1')
 2 SYSTEMPATH\CodeIgniter.php(468): CodeIgniter\CodeIgniter->runController(Object(App\Controllers\Api))
 3 SYSTEMPATH\CodeIgniter.php(351): CodeIgniter\CodeIgniter->handleRequest(null, Object(Config\Cache), false)
 4 FCPATH\index.php(55): CodeIgniter\CodeIgniter->run()
 5 SYSTEMPATH\Commands\Server\rewrite.php(43): require_once('FCPATH\\index.php')
CRITICAL - 2023-01-18 01:54:26 --> Undefined variable $studentData
in APPPATH\Controllers\Api.php on line 144.
 1 APPPATH\Controllers\Api.php(144): CodeIgniter\Debug\Exceptions->errorHandler(2, 'Undefined variable $studentData', 'APPPATH\\Controllers\\Api.php', 144)
 2 SYSTEMPATH\CodeIgniter.php(898): App\Controllers\Api->startSectionAttendance('1', 'Mercury', '1', '1', '1')
 3 SYSTEMPATH\CodeIgniter.php(468): CodeIgniter\CodeIgniter->runController(Object(App\Controllers\Api))
 4 SYSTEMPATH\CodeIgniter.php(351): CodeIgniter\CodeIgniter->handleRequest(null, Object(Config\Cache), false)
 5 FCPATH\index.php(55): CodeIgniter\CodeIgniter->run()
 6 SYSTEMPATH\Commands\Server\rewrite.php(43): require_once('FCPATH\\index.php')
CRITICAL - 2023-01-18 01:54:57 --> Undefined variable $STUDENT_ID
in APPPATH\Controllers\Api.php on line 150.
 1 APPPATH\Controllers\Api.php(150): CodeIgniter\Debug\Exceptions->errorHandler(2, 'Undefined variable $STUDENT_ID', 'APPPATH\\Controllers\\Api.php', 150)
 2 SYSTEMPATH\CodeIgniter.php(898): App\Controllers\Api->startSectionAttendance('1', 'Mercury', '1', '1', '1')
 3 SYSTEMPATH\CodeIgniter.php(468): CodeIgniter\CodeIgniter->runController(Object(App\Controllers\Api))
 4 SYSTEMPATH\CodeIgniter.php(351): CodeIgniter\CodeIgniter->handleRequest(null, Object(Config\Cache), false)
 5 FCPATH\index.php(55): CodeIgniter\CodeIgniter->run()
 6 SYSTEMPATH\Commands\Server\rewrite.php(43): require_once('FCPATH\\index.php')
CRITICAL - 2023-01-18 01:58:15 --> Maximum execution time of 60 seconds exceeded
in SYSTEMPATH\Database\MySQLi\Connection.php on line 293.
 1 [internal function]: CodeIgniter\Debug\Exceptions->shutdownHandler()
CRITICAL - 2023-01-18 14:14:57 --> Call to undefined function CodeIgniter\locale_set_default()
in SYSTEMPATH\CodeIgniter.php on line 193.
 1 ROOTPATH\spark(71): CodeIgniter\CodeIgniter->initialize()
ERROR - 2023-01-18 21:32:17 --> Cannot add or update a child row: a foreign key constraint fails (`attendance_management_system`.`student_attendance`, CONSTRAINT `student_attendance_ibfk_4` FOREIGN KEY (`TEACHER_SECTION_ID`) REFERENCES `teacher_sections` (`ID`))
CRITICAL - 2023-01-18 21:32:17 --> Cannot add or update a child row: a foreign key constraint fails (`attendance_management_system`.`student_attendance`, CONSTRAINT `student_attendance_ibfk_4` FOREIGN KEY (`TEACHER_SECTION_ID`) REFERENCES `teacher_sections` (`ID`))
in SYSTEMPATH\Database\MySQLi\Connection.php on line 292.
 1 SYSTEMPATH\Database\MySQLi\Connection.php(292): mysqli->query('INSERT INTO `student_attendance` (`TIME_IN`, `STUDENT_ID`, `GRADE_SECTION_ID`, `DATE_START`, `DATE_END`, `DATE`, `TEACHER_ID`) VALUES (NULL, \'2\', \'1\', \'2023-01-13 07:43:26\', \'2023-01-19 07:43:26\', \'2023-01-18\', \'1\')', 0)
 2 SYSTEMPATH\Database\BaseConnection.php(678): CodeIgniter\Database\MySQLi\Connection->execute('INSERT INTO `student_attendance` (`TIME_IN`, `STUDENT_ID`, `GRADE_SECTION_ID`, `DATE_START`, `DATE_END`, `DATE`, `TEACHER_ID`) VALUES (NULL, \'2\', \'1\', \'2023-01-13 07:43:26\', \'2023-01-19 07:43:26\', \'2023-01-18\', \'1\')')
 3 SYSTEMPATH\Database\BaseConnection.php(606): CodeIgniter\Database\BaseConnection->simpleQuery('INSERT INTO `student_attendance` (`TIME_IN`, `STUDENT_ID`, `GRADE_SECTION_ID`, `DATE_START`, `DATE_END`, `DATE`, `TEACHER_ID`) VALUES (NULL, \'2\', \'1\', \'2023-01-13 07:43:26\', \'2023-01-19 07:43:26\', \'2023-01-18\', \'1\')')
 4 SYSTEMPATH\Database\BaseBuilder.php(1904): CodeIgniter\Database\BaseConnection->query('INSERT INTO `student_attendance` (`TIME_IN`, `STUDENT_ID`, `GRADE_SECTION_ID`, `DATE_START`, `DATE_END`, `DATE`, `TEACHER_ID`) VALUES (:TIME_IN:, :STUDENT_ID:, :GRADE_SECTION_ID:, :DATE_START:, :DATE_END:, :DATE:, :TEACHER_ID:)', [...], false)
 5 SYSTEMPATH\Model.php(278): CodeIgniter\Database\BaseBuilder->insert()
 6 SYSTEMPATH\BaseModel.php(738): CodeIgniter\Model->doInsert([...])
 7 SYSTEMPATH\Model.php(666): CodeIgniter\BaseModel->insert([...], false)
 8 SYSTEMPATH\BaseModel.php(658): CodeIgniter\Model->insert([...], false)
 9 APPPATH\Controllers\Api.php(150): CodeIgniter\BaseModel->save([...])
10 SYSTEMPATH\CodeIgniter.php(898): App\Controllers\Api->startSectionAttendance()
11 SYSTEMPATH\CodeIgniter.php(468): CodeIgniter\CodeIgniter->runController(Object(App\Controllers\Api))
12 SYSTEMPATH\CodeIgniter.php(351): CodeIgniter\CodeIgniter->handleRequest(null, Object(Config\Cache), false)
13 FCPATH\index.php(55): CodeIgniter\CodeIgniter->run()
14 SYSTEMPATH\Commands\Server\rewrite.php(43): require_once('FCPATH\\index.php')
ERROR - 2023-01-18 21:33:37 --> Cannot add or update a child row: a foreign key constraint fails (`attendance_management_system`.`student_attendance`, CONSTRAINT `student_attendance_ibfk_4` FOREIGN KEY (`TEACHER_SECTION_ID`) REFERENCES `teacher_sections` (`ID`))
CRITICAL - 2023-01-18 21:33:37 --> Cannot add or update a child row: a foreign key constraint fails (`attendance_management_system`.`student_attendance`, CONSTRAINT `student_attendance_ibfk_4` FOREIGN KEY (`TEACHER_SECTION_ID`) REFERENCES `teacher_sections` (`ID`))
in SYSTEMPATH\Database\MySQLi\Connection.php on line 292.
 1 SYSTEMPATH\Database\MySQLi\Connection.php(292): mysqli->query('INSERT INTO `student_attendance` (`TIME_IN`, `STUDENT_ID`, `GRADE_SECTION_ID`, `DATE_START`, `DATE_END`, `DATE`, `TEACHER_ID`) VALUES (NULL, \'2\', \'1\', \'2023-01-13 07:43:26\', \'2023-01-19 07:43:26\', \'2023-01-18\', \'1\')', 0)
 2 SYSTEMPATH\Database\BaseConnection.php(678): CodeIgniter\Database\MySQLi\Connection->execute('INSERT INTO `student_attendance` (`TIME_IN`, `STUDENT_ID`, `GRADE_SECTION_ID`, `DATE_START`, `DATE_END`, `DATE`, `TEACHER_ID`) VALUES (NULL, \'2\', \'1\', \'2023-01-13 07:43:26\', \'2023-01-19 07:43:26\', \'2023-01-18\', \'1\')')
 3 SYSTEMPATH\Database\BaseConnection.php(606): CodeIgniter\Database\BaseConnection->simpleQuery('INSERT INTO `student_attendance` (`TIME_IN`, `STUDENT_ID`, `GRADE_SECTION_ID`, `DATE_START`, `DATE_END`, `DATE`, `TEACHER_ID`) VALUES (NULL, \'2\', \'1\', \'2023-01-13 07:43:26\', \'2023-01-19 07:43:26\', \'2023-01-18\', \'1\')')
 4 SYSTEMPATH\Database\BaseBuilder.php(1904): CodeIgniter\Database\BaseConnection->query('INSERT INTO `student_attendance` (`TIME_IN`, `STUDENT_ID`, `GRADE_SECTION_ID`, `DATE_START`, `DATE_END`, `DATE`, `TEACHER_ID`) VALUES (:TIME_IN:, :STUDENT_ID:, :GRADE_SECTION_ID:, :DATE_START:, :DATE_END:, :DATE:, :TEACHER_ID:)', [...], false)
 5 SYSTEMPATH\Model.php(278): CodeIgniter\Database\BaseBuilder->insert()
 6 SYSTEMPATH\BaseModel.php(738): CodeIgniter\Model->doInsert([...])
 7 SYSTEMPATH\Model.php(666): CodeIgniter\BaseModel->insert([...], false)
 8 SYSTEMPATH\BaseModel.php(658): CodeIgniter\Model->insert([...], false)
 9 APPPATH\Controllers\Api.php(150): CodeIgniter\BaseModel->save([...])
10 SYSTEMPATH\CodeIgniter.php(898): App\Controllers\Api->startSectionAttendance()
11 SYSTEMPATH\CodeIgniter.php(468): CodeIgniter\CodeIgniter->runController(Object(App\Controllers\Api))
12 SYSTEMPATH\CodeIgniter.php(351): CodeIgniter\CodeIgniter->handleRequest(null, Object(Config\Cache), false)
13 FCPATH\index.php(55): CodeIgniter\CodeIgniter->run()
14 SYSTEMPATH\Commands\Server\rewrite.php(43): require_once('FCPATH\\index.php')
ERROR - 2023-01-18 21:35:06 --> Cannot add or update a child row: a foreign key constraint fails (`attendance_management_system`.`student_attendance`, CONSTRAINT `student_attendance_ibfk_4` FOREIGN KEY (`TEACHER_SECTION_ID`) REFERENCES `teacher_sections` (`ID`))
CRITICAL - 2023-01-18 21:35:06 --> Cannot add or update a child row: a foreign key constraint fails (`attendance_management_system`.`student_attendance`, CONSTRAINT `student_attendance_ibfk_4` FOREIGN KEY (`TEACHER_SECTION_ID`) REFERENCES `teacher_sections` (`ID`))
in SYSTEMPATH\Database\MySQLi\Connection.php on line 292.
 1 SYSTEMPATH\Database\MySQLi\Connection.php(292): mysqli->query('INSERT INTO `student_attendance` (`TIME_IN`, `STUDENT_ID`, `GRADE_SECTION_ID`, `DATE_START`, `DATE_END`, `DATE`, `TEACHER_ID`) VALUES (NULL, \'2\', \'1\', \'2023-01-13 07:43:26\', \'2023-01-19 07:43:26\', \'2023-01-18\', \'1\')', 0)
 2 SYSTEMPATH\Database\BaseConnection.php(678): CodeIgniter\Database\MySQLi\Connection->execute('INSERT INTO `student_attendance` (`TIME_IN`, `STUDENT_ID`, `GRADE_SECTION_ID`, `DATE_START`, `DATE_END`, `DATE`, `TEACHER_ID`) VALUES (NULL, \'2\', \'1\', \'2023-01-13 07:43:26\', \'2023-01-19 07:43:26\', \'2023-01-18\', \'1\')')
 3 SYSTEMPATH\Database\BaseConnection.php(606): CodeIgniter\Database\BaseConnection->simpleQuery('INSERT INTO `student_attendance` (`TIME_IN`, `STUDENT_ID`, `GRADE_SECTION_ID`, `DATE_START`, `DATE_END`, `DATE`, `TEACHER_ID`) VALUES (NULL, \'2\', \'1\', \'2023-01-13 07:43:26\', \'2023-01-19 07:43:26\', \'2023-01-18\', \'1\')')
 4 SYSTEMPATH\Database\BaseBuilder.php(1904): CodeIgniter\Database\BaseConnection->query('INSERT INTO `student_attendance` (`TIME_IN`, `STUDENT_ID`, `GRADE_SECTION_ID`, `DATE_START`, `DATE_END`, `DATE`, `TEACHER_ID`) VALUES (:TIME_IN:, :STUDENT_ID:, :GRADE_SECTION_ID:, :DATE_START:, :DATE_END:, :DATE:, :TEACHER_ID:)', [...], false)
 5 SYSTEMPATH\Model.php(278): CodeIgniter\Database\BaseBuilder->insert()
 6 SYSTEMPATH\BaseModel.php(738): CodeIgniter\Model->doInsert([...])
 7 SYSTEMPATH\Model.php(666): CodeIgniter\BaseModel->insert([...], false)
 8 SYSTEMPATH\BaseModel.php(658): CodeIgniter\Model->insert([...], false)
 9 APPPATH\Controllers\Api.php(152): CodeIgniter\BaseModel->save([...])
10 SYSTEMPATH\CodeIgniter.php(898): App\Controllers\Api->startSectionAttendance()
11 SYSTEMPATH\CodeIgniter.php(468): CodeIgniter\CodeIgniter->runController(Object(App\Controllers\Api))
12 SYSTEMPATH\CodeIgniter.php(351): CodeIgniter\CodeIgniter->handleRequest(null, Object(Config\Cache), false)
13 FCPATH\index.php(55): CodeIgniter\CodeIgniter->run()
14 SYSTEMPATH\Commands\Server\rewrite.php(43): require_once('FCPATH\\index.php')
ERROR - 2023-01-18 21:38:54 --> Cannot add or update a child row: a foreign key constraint fails (`attendance_management_system`.`student_attendance`, CONSTRAINT `student_attendance_ibfk_4` FOREIGN KEY (`TEACHER_SECTION_ID`) REFERENCES `teacher_sections` (`ID`))
CRITICAL - 2023-01-18 21:38:54 --> Cannot add or update a child row: a foreign key constraint fails (`attendance_management_system`.`student_attendance`, CONSTRAINT `student_attendance_ibfk_4` FOREIGN KEY (`TEACHER_SECTION_ID`) REFERENCES `teacher_sections` (`ID`))
in SYSTEMPATH\Database\MySQLi\Connection.php on line 292.
 1 SYSTEMPATH\Database\MySQLi\Connection.php(292): mysqli->query('INSERT INTO `student_attendance` (`TIME_IN`, `STUDENT_ID`, `GRADE_SECTION_ID`, `DATE_START`, `DATE_END`, `DATE`, `TEACHER_ID`) VALUES (NULL, \'2\', \'1\', \'2023-01-20 07:43:26\', \'2023-01-21 07:43:26\', \'2023-01-18\', \'1\')', 0)
 2 SYSTEMPATH\Database\BaseConnection.php(678): CodeIgniter\Database\MySQLi\Connection->execute('INSERT INTO `student_attendance` (`TIME_IN`, `STUDENT_ID`, `GRADE_SECTION_ID`, `DATE_START`, `DATE_END`, `DATE`, `TEACHER_ID`) VALUES (NULL, \'2\', \'1\', \'2023-01-20 07:43:26\', \'2023-01-21 07:43:26\', \'2023-01-18\', \'1\')')
 3 SYSTEMPATH\Database\BaseConnection.php(606): CodeIgniter\Database\BaseConnection->simpleQuery('INSERT INTO `student_attendance` (`TIME_IN`, `STUDENT_ID`, `GRADE_SECTION_ID`, `DATE_START`, `DATE_END`, `DATE`, `TEACHER_ID`) VALUES (NULL, \'2\', \'1\', \'2023-01-20 07:43:26\', \'2023-01-21 07:43:26\', \'2023-01-18\', \'1\')')
 4 SYSTEMPATH\Database\BaseBuilder.php(1904): CodeIgniter\Database\BaseConnection->query('INSERT INTO `student_attendance` (`TIME_IN`, `STUDENT_ID`, `GRADE_SECTION_ID`, `DATE_START`, `DATE_END`, `DATE`, `TEACHER_ID`) VALUES (:TIME_IN:, :STUDENT_ID:, :GRADE_SECTION_ID:, :DATE_START:, :DATE_END:, :DATE:, :TEACHER_ID:)', [...], false)
 5 SYSTEMPATH\Model.php(278): CodeIgniter\Database\BaseBuilder->insert()
 6 SYSTEMPATH\BaseModel.php(738): CodeIgniter\Model->doInsert([...])
 7 SYSTEMPATH\Model.php(666): CodeIgniter\BaseModel->insert([...], false)
 8 SYSTEMPATH\BaseModel.php(658): CodeIgniter\Model->insert([...], false)
 9 APPPATH\Controllers\Api.php(151): CodeIgniter\BaseModel->save([...])
10 SYSTEMPATH\CodeIgniter.php(898): App\Controllers\Api->startSectionAttendance()
11 SYSTEMPATH\CodeIgniter.php(468): CodeIgniter\CodeIgniter->runController(Object(App\Controllers\Api))
12 SYSTEMPATH\CodeIgniter.php(351): CodeIgniter\CodeIgniter->handleRequest(null, Object(Config\Cache), false)
13 FCPATH\index.php(55): CodeIgniter\CodeIgniter->run()
14 SYSTEMPATH\Commands\Server\rewrite.php(43): require_once('FCPATH\\index.php')
ERROR - 2023-01-18 21:39:21 --> Cannot add or update a child row: a foreign key constraint fails (`attendance_management_system`.`student_attendance`, CONSTRAINT `student_attendance_ibfk_4` FOREIGN KEY (`TEACHER_SECTION_ID`) REFERENCES `teacher_sections` (`ID`))
CRITICAL - 2023-01-18 21:39:21 --> Cannot add or update a child row: a foreign key constraint fails (`attendance_management_system`.`student_attendance`, CONSTRAINT `student_attendance_ibfk_4` FOREIGN KEY (`TEACHER_SECTION_ID`) REFERENCES `teacher_sections` (`ID`))
in SYSTEMPATH\Database\MySQLi\Connection.php on line 292.
 1 SYSTEMPATH\Database\MySQLi\Connection.php(292): mysqli->query('INSERT INTO `student_attendance` (`TIME_IN`, `STUDENT_ID`, `GRADE_SECTION_ID`, `DATE_START`, `DATE_END`, `DATE`, `TEACHER_ID`) VALUES (NULL, \'2\', \'1\', \'2023-01-20 07:43:26\', \'2023-01-21 07:43:26\', \'2023-01-18\', \'1\')', 0)
 2 SYSTEMPATH\Database\BaseConnection.php(678): CodeIgniter\Database\MySQLi\Connection->execute('INSERT INTO `student_attendance` (`TIME_IN`, `STUDENT_ID`, `GRADE_SECTION_ID`, `DATE_START`, `DATE_END`, `DATE`, `TEACHER_ID`) VALUES (NULL, \'2\', \'1\', \'2023-01-20 07:43:26\', \'2023-01-21 07:43:26\', \'2023-01-18\', \'1\')')
 3 SYSTEMPATH\Database\BaseConnection.php(606): CodeIgniter\Database\BaseConnection->simpleQuery('INSERT INTO `student_attendance` (`TIME_IN`, `STUDENT_ID`, `GRADE_SECTION_ID`, `DATE_START`, `DATE_END`, `DATE`, `TEACHER_ID`) VALUES (NULL, \'2\', \'1\', \'2023-01-20 07:43:26\', \'2023-01-21 07:43:26\', \'2023-01-18\', \'1\')')
 4 SYSTEMPATH\Database\BaseBuilder.php(1904): CodeIgniter\Database\BaseConnection->query('INSERT INTO `student_attendance` (`TIME_IN`, `STUDENT_ID`, `GRADE_SECTION_ID`, `DATE_START`, `DATE_END`, `DATE`, `TEACHER_ID`) VALUES (:TIME_IN:, :STUDENT_ID:, :GRADE_SECTION_ID:, :DATE_START:, :DATE_END:, :DATE:, :TEACHER_ID:)', [...], false)
 5 SYSTEMPATH\Model.php(278): CodeIgniter\Database\BaseBuilder->insert()
 6 SYSTEMPATH\BaseModel.php(738): CodeIgniter\Model->doInsert([...])
 7 SYSTEMPATH\Model.php(666): CodeIgniter\BaseModel->insert([...], false)
 8 SYSTEMPATH\BaseModel.php(658): CodeIgniter\Model->insert([...], false)
 9 APPPATH\Controllers\Api.php(151): CodeIgniter\BaseModel->save([...])
10 SYSTEMPATH\CodeIgniter.php(898): App\Controllers\Api->startSectionAttendance()
11 SYSTEMPATH\CodeIgniter.php(468): CodeIgniter\CodeIgniter->runController(Object(App\Controllers\Api))
12 SYSTEMPATH\CodeIgniter.php(351): CodeIgniter\CodeIgniter->handleRequest(null, Object(Config\Cache), false)
13 FCPATH\index.php(55): CodeIgniter\CodeIgniter->run()
14 SYSTEMPATH\Commands\Server\rewrite.php(43): require_once('FCPATH\\index.php')
ERROR - 2023-01-18 21:39:44 --> Cannot add or update a child row: a foreign key constraint fails (`attendance_management_system`.`student_attendance`, CONSTRAINT `student_attendance_ibfk_4` FOREIGN KEY (`TEACHER_SECTION_ID`) REFERENCES `teacher_sections` (`ID`))
CRITICAL - 2023-01-18 21:39:44 --> Cannot add or update a child row: a foreign key constraint fails (`attendance_management_system`.`student_attendance`, CONSTRAINT `student_attendance_ibfk_4` FOREIGN KEY (`TEACHER_SECTION_ID`) REFERENCES `teacher_sections` (`ID`))
in SYSTEMPATH\Database\MySQLi\Connection.php on line 292.
 1 SYSTEMPATH\Database\MySQLi\Connection.php(292): mysqli->query('INSERT INTO `student_attendance` (`TIME_IN`, `STUDENT_ID`, `GRADE_SECTION_ID`, `DATE_START`, `DATE_END`, `DATE`, `TEACHER_ID`, `REMARKS`) VALUES (NULL, \'2\', \'1\', \'2023-01-20 07:43:26\', \'2023-01-21 07:43:26\', \'2023-01-18\', \'1\', \'Present\')', 0)
 2 SYSTEMPATH\Database\BaseConnection.php(678): CodeIgniter\Database\MySQLi\Connection->execute('INSERT INTO `student_attendance` (`TIME_IN`, `STUDENT_ID`, `GRADE_SECTION_ID`, `DATE_START`, `DATE_END`, `DATE`, `TEACHER_ID`, `REMARKS`) VALUES (NULL, \'2\', \'1\', \'2023-01-20 07:43:26\', \'2023-01-21 07:43:26\', \'2023-01-18\', \'1\', \'Present\')')
 3 SYSTEMPATH\Database\BaseConnection.php(606): CodeIgniter\Database\BaseConnection->simpleQuery('INSERT INTO `student_attendance` (`TIME_IN`, `STUDENT_ID`, `GRADE_SECTION_ID`, `DATE_START`, `DATE_END`, `DATE`, `TEACHER_ID`, `REMARKS`) VALUES (NULL, \'2\', \'1\', \'2023-01-20 07:43:26\', \'2023-01-21 07:43:26\', \'2023-01-18\', \'1\', \'Present\')')
 4 SYSTEMPATH\Database\BaseBuilder.php(1904): CodeIgniter\Database\BaseConnection->query('INSERT INTO `student_attendance` (`TIME_IN`, `STUDENT_ID`, `GRADE_SECTION_ID`, `DATE_START`, `DATE_END`, `DATE`, `TEACHER_ID`, `REMARKS`) VALUES (:TIME_IN:, :STUDENT_ID:, :GRADE_SECTION_ID:, :DATE_START:, :DATE_END:, :DATE:, :TEACHER_ID:, :REMARKS:)', [...], false)
 5 SYSTEMPATH\Model.php(278): CodeIgniter\Database\BaseBuilder->insert()
 6 SYSTEMPATH\BaseModel.php(738): CodeIgniter\Model->doInsert([...])
 7 SYSTEMPATH\Model.php(666): CodeIgniter\BaseModel->insert([...], false)
 8 SYSTEMPATH\BaseModel.php(658): CodeIgniter\Model->insert([...], false)
 9 APPPATH\Controllers\Api.php(152): CodeIgniter\BaseModel->save([...])
10 SYSTEMPATH\CodeIgniter.php(898): App\Controllers\Api->startSectionAttendance()
11 SYSTEMPATH\CodeIgniter.php(468): CodeIgniter\CodeIgniter->runController(Object(App\Controllers\Api))
12 SYSTEMPATH\CodeIgniter.php(351): CodeIgniter\CodeIgniter->handleRequest(null, Object(Config\Cache), false)
13 FCPATH\index.php(55): CodeIgniter\CodeIgniter->run()
14 SYSTEMPATH\Commands\Server\rewrite.php(43): require_once('FCPATH\\index.php')
ERROR - 2023-01-18 21:40:18 --> Cannot add or update a child row: a foreign key constraint fails (`attendance_management_system`.`student_attendance`, CONSTRAINT `student_attendance_ibfk_4` FOREIGN KEY (`TEACHER_SECTION_ID`) REFERENCES `teacher_sections` (`ID`))
CRITICAL - 2023-01-18 21:40:18 --> Cannot add or update a child row: a foreign key constraint fails (`attendance_management_system`.`student_attendance`, CONSTRAINT `student_attendance_ibfk_4` FOREIGN KEY (`TEACHER_SECTION_ID`) REFERENCES `teacher_sections` (`ID`))
in SYSTEMPATH\Database\MySQLi\Connection.php on line 292.
 1 SYSTEMPATH\Database\MySQLi\Connection.php(292): mysqli->query('INSERT INTO `student_attendance` (`TIME_IN`, `STUDENT_ID`, `GRADE_SECTION_ID`, `DATE_START`, `DATE_END`, `DATE`, `TEACHER_ID`, `REMARKS`) VALUES (NULL, \'2\', \'1\', \'2023-01-20 07:43:26\', \'2023-01-21 07:43:26\', \'2023-01-18\', \'1\', \'Present\')', 0)
 2 SYSTEMPATH\Database\BaseConnection.php(678): CodeIgniter\Database\MySQLi\Connection->execute('INSERT INTO `student_attendance` (`TIME_IN`, `STUDENT_ID`, `GRADE_SECTION_ID`, `DATE_START`, `DATE_END`, `DATE`, `TEACHER_ID`, `REMARKS`) VALUES (NULL, \'2\', \'1\', \'2023-01-20 07:43:26\', \'2023-01-21 07:43:26\', \'2023-01-18\', \'1\', \'Present\')')
 3 SYSTEMPATH\Database\BaseConnection.php(606): CodeIgniter\Database\BaseConnection->simpleQuery('INSERT INTO `student_attendance` (`TIME_IN`, `STUDENT_ID`, `GRADE_SECTION_ID`, `DATE_START`, `DATE_END`, `DATE`, `TEACHER_ID`, `REMARKS`) VALUES (NULL, \'2\', \'1\', \'2023-01-20 07:43:26\', \'2023-01-21 07:43:26\', \'2023-01-18\', \'1\', \'Present\')')
 4 SYSTEMPATH\Database\BaseBuilder.php(1904): CodeIgniter\Database\BaseConnection->query('INSERT INTO `student_attendance` (`TIME_IN`, `STUDENT_ID`, `GRADE_SECTION_ID`, `DATE_START`, `DATE_END`, `DATE`, `TEACHER_ID`, `REMARKS`) VALUES (:TIME_IN:, :STUDENT_ID:, :GRADE_SECTION_ID:, :DATE_START:, :DATE_END:, :DATE:, :TEACHER_ID:, :REMARKS:)', [...], false)
 5 SYSTEMPATH\Model.php(278): CodeIgniter\Database\BaseBuilder->insert()
 6 SYSTEMPATH\BaseModel.php(738): CodeIgniter\Model->doInsert([...])
 7 SYSTEMPATH\Model.php(666): CodeIgniter\BaseModel->insert([...], false)
 8 SYSTEMPATH\BaseModel.php(658): CodeIgniter\Model->insert([...], false)
 9 APPPATH\Controllers\Api.php(152): CodeIgniter\BaseModel->save([...])
10 SYSTEMPATH\CodeIgniter.php(898): App\Controllers\Api->startSectionAttendance()
11 SYSTEMPATH\CodeIgniter.php(468): CodeIgniter\CodeIgniter->runController(Object(App\Controllers\Api))
12 SYSTEMPATH\CodeIgniter.php(351): CodeIgniter\CodeIgniter->handleRequest(null, Object(Config\Cache), false)
13 FCPATH\index.php(55): CodeIgniter\CodeIgniter->run()
14 SYSTEMPATH\Commands\Server\rewrite.php(43): require_once('FCPATH\\index.php')
ERROR - 2023-01-18 21:41:13 --> Cannot add or update a child row: a foreign key constraint fails (`attendance_management_system`.`student_attendance`, CONSTRAINT `student_attendance_ibfk_4` FOREIGN KEY (`TEACHER_SECTION_ID`) REFERENCES `teacher_sections` (`ID`) ON UPDATE CASCADE)
CRITICAL - 2023-01-18 21:41:13 --> Cannot add or update a child row: a foreign key constraint fails (`attendance_management_system`.`student_attendance`, CONSTRAINT `student_attendance_ibfk_4` FOREIGN KEY (`TEACHER_SECTION_ID`) REFERENCES `teacher_sections` (`ID`) ON UPDATE CASCADE)
in SYSTEMPATH\Database\MySQLi\Connection.php on line 292.
 1 SYSTEMPATH\Database\MySQLi\Connection.php(292): mysqli->query('INSERT INTO `student_attendance` (`TIME_IN`, `STUDENT_ID`, `GRADE_SECTION_ID`, `DATE_START`, `DATE_END`, `DATE`, `TEACHER_ID`, `REMARKS`) VALUES (NULL, \'2\', \'1\', \'2023-01-20 07:43:26\', \'2023-01-21 07:43:26\', \'2023-01-18\', \'1\', \'Present\')', 0)
 2 SYSTEMPATH\Database\BaseConnection.php(678): CodeIgniter\Database\MySQLi\Connection->execute('INSERT INTO `student_attendance` (`TIME_IN`, `STUDENT_ID`, `GRADE_SECTION_ID`, `DATE_START`, `DATE_END`, `DATE`, `TEACHER_ID`, `REMARKS`) VALUES (NULL, \'2\', \'1\', \'2023-01-20 07:43:26\', \'2023-01-21 07:43:26\', \'2023-01-18\', \'1\', \'Present\')')
 3 SYSTEMPATH\Database\BaseConnection.php(606): CodeIgniter\Database\BaseConnection->simpleQuery('INSERT INTO `student_attendance` (`TIME_IN`, `STUDENT_ID`, `GRADE_SECTION_ID`, `DATE_START`, `DATE_END`, `DATE`, `TEACHER_ID`, `REMARKS`) VALUES (NULL, \'2\', \'1\', \'2023-01-20 07:43:26\', \'2023-01-21 07:43:26\', \'2023-01-18\', \'1\', \'Present\')')
 4 SYSTEMPATH\Database\BaseBuilder.php(1904): CodeIgniter\Database\BaseConnection->query('INSERT INTO `student_attendance` (`TIME_IN`, `STUDENT_ID`, `GRADE_SECTION_ID`, `DATE_START`, `DATE_END`, `DATE`, `TEACHER_ID`, `REMARKS`) VALUES (:TIME_IN:, :STUDENT_ID:, :GRADE_SECTION_ID:, :DATE_START:, :DATE_END:, :DATE:, :TEACHER_ID:, :REMARKS:)', [...], false)
 5 SYSTEMPATH\Model.php(278): CodeIgniter\Database\BaseBuilder->insert()
 6 SYSTEMPATH\BaseModel.php(738): CodeIgniter\Model->doInsert([...])
 7 SYSTEMPATH\Model.php(666): CodeIgniter\BaseModel->insert([...], false)
 8 SYSTEMPATH\BaseModel.php(658): CodeIgniter\Model->insert([...], false)
 9 APPPATH\Controllers\Api.php(152): CodeIgniter\BaseModel->save([...])
10 SYSTEMPATH\CodeIgniter.php(898): App\Controllers\Api->startSectionAttendance()
11 SYSTEMPATH\CodeIgniter.php(468): CodeIgniter\CodeIgniter->runController(Object(App\Controllers\Api))
12 SYSTEMPATH\CodeIgniter.php(351): CodeIgniter\CodeIgniter->handleRequest(null, Object(Config\Cache), false)
13 FCPATH\index.php(55): CodeIgniter\CodeIgniter->run()
14 SYSTEMPATH\Commands\Server\rewrite.php(43): require_once('FCPATH\\index.php')
CRITICAL - 2023-01-18 09:55:51 --> strtotime(): Argument #2 ($baseTimestamp) must be of type ?int, string given
in APPPATH\Controllers\Api.php on line 127.
 1 APPPATH\Controllers\Api.php(127): strtotime('09:55:51', ' +30 minutes')
 2 SYSTEMPATH\CodeIgniter.php(898): App\Controllers\Api->startSectionAttendance('1', '1', 'Mercury', '1', '1')
 3 SYSTEMPATH\CodeIgniter.php(468): CodeIgniter\CodeIgniter->runController(Object(App\Controllers\Api))
 4 SYSTEMPATH\CodeIgniter.php(351): CodeIgniter\CodeIgniter->handleRequest(null, Object(Config\Cache), false)
 5 FCPATH\index.php(55): CodeIgniter\CodeIgniter->run()
 6 SYSTEMPATH\Commands\Server\rewrite.php(43): require_once('FCPATH\\index.php')
