CRITICAL - 2023-01-19 00:07:58 --> Undefined variable $dateToday
in APPPATH\Controllers\Api.php on line 127.
 1 APPPATH\Controllers\Api.php(127): CodeIgniter\Debug\Exceptions->errorHandler(2, 'Undefined variable $dateToday', 'APPPATH\\Controllers\\Api.php', 127)
 2 SYSTEMPATH\CodeIgniter.php(898): App\Controllers\Api->startSectionAttendance('1', '1', 'Mercury', '1', '1')
 3 SYSTEMPATH\CodeIgniter.php(468): CodeIgniter\CodeIgniter->runController(Object(App\Controllers\Api))
 4 SYSTEMPATH\CodeIgniter.php(351): CodeIgniter\CodeIgniter->handleRequest(null, Object(Config\Cache), false)
 5 FCPATH\index.php(55): CodeIgniter\CodeIgniter->run()
 6 SYSTEMPATH\Commands\Server\rewrite.php(43): require_once('FCPATH\\index.php')
CRITICAL - 2023-01-19 00:08:41 --> Undefined variable $dateEnd
in APPPATH\Controllers\Api.php on line 129.
 1 APPPATH\Controllers\Api.php(129): CodeIgniter\Debug\Exceptions->errorHandler(2, 'Undefined variable $dateEnd', 'APPPATH\\Controllers\\Api.php', 129)
 2 SYSTEMPATH\CodeIgniter.php(898): App\Controllers\Api->startSectionAttendance('1', '1', 'Mercury', '1', '1')
 3 SYSTEMPATH\CodeIgniter.php(468): CodeIgniter\CodeIgniter->runController(Object(App\Controllers\Api))
 4 SYSTEMPATH\CodeIgniter.php(351): CodeIgniter\CodeIgniter->handleRequest(null, Object(Config\Cache), false)
 5 FCPATH\index.php(55): CodeIgniter\CodeIgniter->run()
 6 SYSTEMPATH\Commands\Server\rewrite.php(43): require_once('FCPATH\\index.php')
ERROR - 2023-01-19 01:17:01 --> Unknown column 'Jeff' in 'where clause'
CRITICAL - 2023-01-19 01:17:01 --> Unknown column 'Jeff' in 'where clause'
in SYSTEMPATH\Database\MySQLi\Connection.php on line 292.
 1 SYSTEMPATH\Database\MySQLi\Connection.php(292): mysqli->query('SELECT * FROM student where lower(FIRSTNAME) = `Jeff`
                    and LRN = `955299913619`', 0)
 2 SYSTEMPATH\Database\BaseConnection.php(678): CodeIgniter\Database\MySQLi\Connection->execute('SELECT * FROM student where lower(FIRSTNAME) = `Jeff`
                    and LRN = `955299913619`')
 3 SYSTEMPATH\Database\BaseConnection.php(606): CodeIgniter\Database\BaseConnection->simpleQuery('SELECT * FROM student where lower(FIRSTNAME) = `Jeff`
                    and LRN = `955299913619`')
 4 SYSTEMPATH\Model.php(767): CodeIgniter\Database\BaseConnection->query('SELECT * FROM student where lower(FIRSTNAME) = `Jeff`
                    and LRN = `955299913619`')
 5 APPPATH\Controllers\Api.php(198): CodeIgniter\Model->__call('query', [...])
 6 SYSTEMPATH\CodeIgniter.php(898): App\Controllers\Api->updateStudentAttendance('$1')
 7 SYSTEMPATH\CodeIgniter.php(468): CodeIgniter\CodeIgniter->runController(Object(App\Controllers\Api))
 8 SYSTEMPATH\CodeIgniter.php(351): CodeIgniter\CodeIgniter->handleRequest(null, Object(Config\Cache), false)
 9 FCPATH\index.php(55): CodeIgniter\CodeIgniter->run()
10 SYSTEMPATH\Commands\Server\rewrite.php(43): require_once('FCPATH\\index.php')
ERROR - 2023-01-19 01:18:08 --> Unknown column 'Jeff' in 'where clause'
CRITICAL - 2023-01-19 01:18:08 --> Unknown column 'Jeff' in 'where clause'
in SYSTEMPATH\Database\MySQLi\Connection.php on line 292.
 1 SYSTEMPATH\Database\MySQLi\Connection.php(292): mysqli->query('SELECT * FROM student where lower(FIRSTNAME) = lower(`Jeff`)
                    and LRN = `955299913619`', 0)
 2 SYSTEMPATH\Database\BaseConnection.php(678): CodeIgniter\Database\MySQLi\Connection->execute('SELECT * FROM student where lower(FIRSTNAME) = lower(`Jeff`)
                    and LRN = `955299913619`')
 3 SYSTEMPATH\Database\BaseConnection.php(606): CodeIgniter\Database\BaseConnection->simpleQuery('SELECT * FROM student where lower(FIRSTNAME) = lower(`Jeff`)
                    and LRN = `955299913619`')
 4 SYSTEMPATH\Model.php(767): CodeIgniter\Database\BaseConnection->query('SELECT * FROM student where lower(FIRSTNAME) = lower(`Jeff`)
                    and LRN = `955299913619`')
 5 APPPATH\Controllers\Api.php(198): CodeIgniter\Model->__call('query', [...])
 6 SYSTEMPATH\CodeIgniter.php(898): App\Controllers\Api->updateStudentAttendance('$1')
 7 SYSTEMPATH\CodeIgniter.php(468): CodeIgniter\CodeIgniter->runController(Object(App\Controllers\Api))
 8 SYSTEMPATH\CodeIgniter.php(351): CodeIgniter\CodeIgniter->handleRequest(null, Object(Config\Cache), false)
 9 FCPATH\index.php(55): CodeIgniter\CodeIgniter->run()
10 SYSTEMPATH\Commands\Server\rewrite.php(43): require_once('FCPATH\\index.php')
ERROR - 2023-01-19 01:19:15 --> Unknown column '955299913619' in 'where clause'
CRITICAL - 2023-01-19 01:19:15 --> Unknown column '955299913619' in 'where clause'
in SYSTEMPATH\Database\MySQLi\Connection.php on line 292.
 1 SYSTEMPATH\Database\MySQLi\Connection.php(292): mysqli->query('SELECT * FROM student where lower(FIRSTNAME) = lower(\'Jeff\')
                    and LRN = `955299913619`', 0)
 2 SYSTEMPATH\Database\BaseConnection.php(678): CodeIgniter\Database\MySQLi\Connection->execute('SELECT * FROM student where lower(FIRSTNAME) = lower(\'Jeff\')
                    and LRN = `955299913619`')
 3 SYSTEMPATH\Database\BaseConnection.php(606): CodeIgniter\Database\BaseConnection->simpleQuery('SELECT * FROM student where lower(FIRSTNAME) = lower(\'Jeff\')
                    and LRN = `955299913619`')
 4 SYSTEMPATH\Model.php(767): CodeIgniter\Database\BaseConnection->query('SELECT * FROM student where lower(FIRSTNAME) = lower(\'Jeff\')
                    and LRN = `955299913619`')
 5 APPPATH\Controllers\Api.php(198): CodeIgniter\Model->__call('query', [...])
 6 SYSTEMPATH\CodeIgniter.php(898): App\Controllers\Api->updateStudentAttendance('$1')
 7 SYSTEMPATH\CodeIgniter.php(468): CodeIgniter\CodeIgniter->runController(Object(App\Controllers\Api))
 8 SYSTEMPATH\CodeIgniter.php(351): CodeIgniter\CodeIgniter->handleRequest(null, Object(Config\Cache), false)
 9 FCPATH\index.php(55): CodeIgniter\CodeIgniter->run()
10 SYSTEMPATH\Commands\Server\rewrite.php(43): require_once('FCPATH\\index.php')
ERROR - 2023-01-19 01:19:42 --> Unknown column '955299913619' in 'where clause'
CRITICAL - 2023-01-19 01:19:42 --> Unknown column '955299913619' in 'where clause'
in SYSTEMPATH\Database\MySQLi\Connection.php on line 292.
 1 SYSTEMPATH\Database\MySQLi\Connection.php(292): mysqli->query('SELECT * FROM student where lower(FIRSTNAME) = lower(\'Jeff\')
                    and LRN = `955299913619`', 0)
 2 SYSTEMPATH\Database\BaseConnection.php(678): CodeIgniter\Database\MySQLi\Connection->execute('SELECT * FROM student where lower(FIRSTNAME) = lower(\'Jeff\')
                    and LRN = `955299913619`')
 3 SYSTEMPATH\Database\BaseConnection.php(606): CodeIgniter\Database\BaseConnection->simpleQuery('SELECT * FROM student where lower(FIRSTNAME) = lower(\'Jeff\')
                    and LRN = `955299913619`')
 4 SYSTEMPATH\Model.php(767): CodeIgniter\Database\BaseConnection->query('SELECT * FROM student where lower(FIRSTNAME) = lower(\'Jeff\')
                    and LRN = `955299913619`')
 5 APPPATH\Controllers\Api.php(198): CodeIgniter\Model->__call('query', [...])
 6 SYSTEMPATH\CodeIgniter.php(898): App\Controllers\Api->updateStudentAttendance()
 7 SYSTEMPATH\CodeIgniter.php(468): CodeIgniter\CodeIgniter->runController(Object(App\Controllers\Api))
 8 SYSTEMPATH\CodeIgniter.php(351): CodeIgniter\CodeIgniter->handleRequest(null, Object(Config\Cache), false)
 9 FCPATH\index.php(55): CodeIgniter\CodeIgniter->run()
10 SYSTEMPATH\Commands\Server\rewrite.php(43): require_once('FCPATH\\index.php')
ERROR - 2023-01-19 01:19:54 --> Unknown column '2' in 'where clause'
CRITICAL - 2023-01-19 01:19:54 --> Unknown column '2' in 'where clause'
in SYSTEMPATH\Database\MySQLi\Connection.php on line 292.
 1 SYSTEMPATH\Database\MySQLi\Connection.php(292): mysqli->query('SELECT * from student_attendance WHERE 
                        STUDENT_ID = `2` and `DATE` = `2023-01-19` and  TEACHER_SECTION_ID = `1`', 0)
 2 SYSTEMPATH\Database\BaseConnection.php(678): CodeIgniter\Database\MySQLi\Connection->execute('SELECT * from student_attendance WHERE 
                        STUDENT_ID = `2` and `DATE` = `2023-01-19` and  TEACHER_SECTION_ID = `1`')
 3 SYSTEMPATH\Database\BaseConnection.php(606): CodeIgniter\Database\BaseConnection->simpleQuery('SELECT * from student_attendance WHERE 
                        STUDENT_ID = `2` and `DATE` = `2023-01-19` and  TEACHER_SECTION_ID = `1`')
 4 SYSTEMPATH\Model.php(767): CodeIgniter\Database\BaseConnection->query('SELECT * from student_attendance WHERE 
                        STUDENT_ID = `2` and `DATE` = `2023-01-19` and  TEACHER_SECTION_ID = `1`')
 5 APPPATH\Controllers\Api.php(206): CodeIgniter\Model->__call('query', [...])
 6 SYSTEMPATH\CodeIgniter.php(898): App\Controllers\Api->updateStudentAttendance()
 7 SYSTEMPATH\CodeIgniter.php(468): CodeIgniter\CodeIgniter->runController(Object(App\Controllers\Api))
 8 SYSTEMPATH\CodeIgniter.php(351): CodeIgniter\CodeIgniter->handleRequest(null, Object(Config\Cache), false)
 9 FCPATH\index.php(55): CodeIgniter\CodeIgniter->run()
10 SYSTEMPATH\Commands\Server\rewrite.php(43): require_once('FCPATH\\index.php')
CRITICAL - 2023-01-19 01:20:32 --> Call to undefined method CodeIgniter\Database\MySQLi\Result::getResut()
in APPPATH\Controllers\Api.php on line 208.
 1 SYSTEMPATH\CodeIgniter.php(898): App\Controllers\Api->updateStudentAttendance()
 2 SYSTEMPATH\CodeIgniter.php(468): CodeIgniter\CodeIgniter->runController(Object(App\Controllers\Api))
 3 SYSTEMPATH\CodeIgniter.php(351): CodeIgniter\CodeIgniter->handleRequest(null, Object(Config\Cache), false)
 4 FCPATH\index.php(55): CodeIgniter\CodeIgniter->run()
 5 SYSTEMPATH\Commands\Server\rewrite.php(43): require_once('FCPATH\\index.php')
CRITICAL - 2023-01-19 01:20:45 --> Undefined variable $queryAttendance
in APPPATH\Controllers\Api.php on line 210.
 1 APPPATH\Controllers\Api.php(210): CodeIgniter\Debug\Exceptions->errorHandler(2, 'Undefined variable $queryAttendance', 'APPPATH\\Controllers\\Api.php', 210)
 2 SYSTEMPATH\CodeIgniter.php(898): App\Controllers\Api->updateStudentAttendance()
 3 SYSTEMPATH\CodeIgniter.php(468): CodeIgniter\CodeIgniter->runController(Object(App\Controllers\Api))
 4 SYSTEMPATH\CodeIgniter.php(351): CodeIgniter\CodeIgniter->handleRequest(null, Object(Config\Cache), false)
 5 FCPATH\index.php(55): CodeIgniter\CodeIgniter->run()
 6 SYSTEMPATH\Commands\Server\rewrite.php(43): require_once('FCPATH\\index.php')
ERROR - 2023-01-19 08:33:27 --> You have an error in your SQL syntax; check the manual that corresponds to your MariaDB server version for the right syntax to use near '.
                INNER JOIN student s on s.ID = sa.STUDENT_ID
            ...' at line 1
CRITICAL - 2023-01-19 08:33:27 --> You have an error in your SQL syntax; check the manual that corresponds to your MariaDB server version for the right syntax to use near '.
                INNER JOIN student s on s.ID = sa.STUDENT_ID
            ...' at line 1
in SYSTEMPATH\Database\MySQLi\Connection.php on line 292.
 1 SYSTEMPATH\Database\MySQLi\Connection.php(292): mysqli->query('SELECT * from  student_attendance sa.
                INNER JOIN student s on s.ID = sa.STUDENT_ID
                WHERE sa.TEACHER_SECTION_ID = \'1\' GROUP BY DATE', 0)
 2 SYSTEMPATH\Database\BaseConnection.php(678): CodeIgniter\Database\MySQLi\Connection->execute('SELECT * from  student_attendance sa.
                INNER JOIN student s on s.ID = sa.STUDENT_ID
                WHERE sa.TEACHER_SECTION_ID = \'1\' GROUP BY DATE')
 3 SYSTEMPATH\Database\BaseConnection.php(606): CodeIgniter\Database\BaseConnection->simpleQuery('SELECT * from  student_attendance sa.
                INNER JOIN student s on s.ID = sa.STUDENT_ID
                WHERE sa.TEACHER_SECTION_ID = \'1\' GROUP BY DATE')
 4 SYSTEMPATH\Model.php(767): CodeIgniter\Database\BaseConnection->query('SELECT * from  student_attendance sa.
                INNER JOIN student s on s.ID = sa.STUDENT_ID
                WHERE sa.TEACHER_SECTION_ID = \'1\' GROUP BY DATE')
 5 APPPATH\Controllers\Api.php(243): CodeIgniter\Model->__call('query', [...])
 6 SYSTEMPATH\CodeIgniter.php(898): App\Controllers\Api->attendances('1')
 7 SYSTEMPATH\CodeIgniter.php(468): CodeIgniter\CodeIgniter->runController(Object(App\Controllers\Api))
 8 SYSTEMPATH\CodeIgniter.php(351): CodeIgniter\CodeIgniter->handleRequest(null, Object(Config\Cache), false)
 9 FCPATH\index.php(55): CodeIgniter\CodeIgniter->run()
10 SYSTEMPATH\Commands\Server\rewrite.php(43): require_once('FCPATH\\index.php')
ERROR - 2023-01-19 09:39:38 --> You have an error in your SQL syntax; check the manual that corresponds to your MariaDB server version for the right syntax to use near '.
                INNER JOIN student s on s.ID = sa.STUDENT_ID
            ...' at line 2
CRITICAL - 2023-01-19 09:39:38 --> You have an error in your SQL syntax; check the manual that corresponds to your MariaDB server version for the right syntax to use near '.
                INNER JOIN student s on s.ID = sa.STUDENT_ID
            ...' at line 2
in SYSTEMPATH\Database\MySQLi\Connection.php on line 292.
 1 SYSTEMPATH\Database\MySQLi\Connection.php(292): mysqli->query('SELECT sa.TIME_IN, sa.ID as ID, sa.DATE,  
                s.FIRSTNAME, s.LASTNAME, s.MIDDLENAME from student_attendance sa.
                INNER JOIN student s on s.ID = sa.STUDENT_ID
                WHERE sa.`DATE` = \'2023-01-19\' and sa.TEACHER_SECTION_ID = \'1\'', 0)
 2 SYSTEMPATH\Database\BaseConnection.php(678): CodeIgniter\Database\MySQLi\Connection->execute('SELECT sa.TIME_IN, sa.ID as ID, sa.DATE,  
                s.FIRSTNAME, s.LASTNAME, s.MIDDLENAME from student_attendance sa.
                INNER JOIN student s on s.ID = sa.STUDENT_ID
                WHERE sa.`DATE` = \'2023-01-19\' and sa.TEACHER_SECTION_ID = \'1\'')
 3 SYSTEMPATH\Database\BaseConnection.php(606): CodeIgniter\Database\BaseConnection->simpleQuery('SELECT sa.TIME_IN, sa.ID as ID, sa.DATE,  
                s.FIRSTNAME, s.LASTNAME, s.MIDDLENAME from student_attendance sa.
                INNER JOIN student s on s.ID = sa.STUDENT_ID
                WHERE sa.`DATE` = \'2023-01-19\' and sa.TEACHER_SECTION_ID = \'1\'')
 4 SYSTEMPATH\Model.php(767): CodeIgniter\Database\BaseConnection->query('SELECT sa.TIME_IN, sa.ID as ID, sa.DATE,  
                s.FIRSTNAME, s.LASTNAME, s.MIDDLENAME from student_attendance sa.
                INNER JOIN student s on s.ID = sa.STUDENT_ID
                WHERE sa.`DATE` = \'2023-01-19\' and sa.TEACHER_SECTION_ID = \'1\'')
 5 APPPATH\Controllers\Api.php(257): CodeIgniter\Model->__call('query', [...])
 6 SYSTEMPATH\CodeIgniter.php(898): App\Controllers\Api->section_attendance('2023-01-19', '1')
 7 SYSTEMPATH\CodeIgniter.php(468): CodeIgniter\CodeIgniter->runController(Object(App\Controllers\Api))
 8 SYSTEMPATH\CodeIgniter.php(351): CodeIgniter\CodeIgniter->handleRequest(null, Object(Config\Cache), false)
 9 FCPATH\index.php(55): CodeIgniter\CodeIgniter->run()
10 SYSTEMPATH\Commands\Server\rewrite.php(43): require_once('FCPATH\\index.php')
ERROR - 2023-01-19 09:39:56 --> You have an error in your SQL syntax; check the manual that corresponds to your MariaDB server version for the right syntax to use near '.
                INNER JOIN student s on s.ID = sa.STUDENT_ID
            ...' at line 2
CRITICAL - 2023-01-19 09:39:56 --> You have an error in your SQL syntax; check the manual that corresponds to your MariaDB server version for the right syntax to use near '.
                INNER JOIN student s on s.ID = sa.STUDENT_ID
            ...' at line 2
in SYSTEMPATH\Database\MySQLi\Connection.php on line 292.
 1 SYSTEMPATH\Database\MySQLi\Connection.php(292): mysqli->query('SELECT sa.TIME_IN, sa.ID as ID, sa.DATE,  
                s.FIRSTNAME, s.LASTNAME, s.MIDDLENAME from student_attendance sa.
                INNER JOIN student s on s.ID = sa.STUDENT_ID
                WHERE sa.DATE = \'2023-01-19\' and sa.TEACHER_SECTION_ID = \'1\'', 0)
 2 SYSTEMPATH\Database\BaseConnection.php(678): CodeIgniter\Database\MySQLi\Connection->execute('SELECT sa.TIME_IN, sa.ID as ID, sa.DATE,  
                s.FIRSTNAME, s.LASTNAME, s.MIDDLENAME from student_attendance sa.
                INNER JOIN student s on s.ID = sa.STUDENT_ID
                WHERE sa.DATE = \'2023-01-19\' and sa.TEACHER_SECTION_ID = \'1\'')
 3 SYSTEMPATH\Database\BaseConnection.php(606): CodeIgniter\Database\BaseConnection->simpleQuery('SELECT sa.TIME_IN, sa.ID as ID, sa.DATE,  
                s.FIRSTNAME, s.LASTNAME, s.MIDDLENAME from student_attendance sa.
                INNER JOIN student s on s.ID = sa.STUDENT_ID
                WHERE sa.DATE = \'2023-01-19\' and sa.TEACHER_SECTION_ID = \'1\'')
 4 SYSTEMPATH\Model.php(767): CodeIgniter\Database\BaseConnection->query('SELECT sa.TIME_IN, sa.ID as ID, sa.DATE,  
                s.FIRSTNAME, s.LASTNAME, s.MIDDLENAME from student_attendance sa.
                INNER JOIN student s on s.ID = sa.STUDENT_ID
                WHERE sa.DATE = \'2023-01-19\' and sa.TEACHER_SECTION_ID = \'1\'')
 5 APPPATH\Controllers\Api.php(257): CodeIgniter\Model->__call('query', [...])
 6 SYSTEMPATH\CodeIgniter.php(898): App\Controllers\Api->section_attendance('2023-01-19', '1')
 7 SYSTEMPATH\CodeIgniter.php(468): CodeIgniter\CodeIgniter->runController(Object(App\Controllers\Api))
 8 SYSTEMPATH\CodeIgniter.php(351): CodeIgniter\CodeIgniter->handleRequest(null, Object(Config\Cache), false)
 9 FCPATH\index.php(55): CodeIgniter\CodeIgniter->run()
10 SYSTEMPATH\Commands\Server\rewrite.php(43): require_once('FCPATH\\index.php')
ERROR - 2023-01-19 21:30:06 --> Error connecting to the database: No connection could be made because the target machine actively refused it
CRITICAL - 2023-01-19 21:30:06 --> Unable to connect to the database.
Main connection [MySQLi]: No connection could be made because the target machine actively refused it
in SYSTEMPATH\Database\BaseConnection.php on line 415.
 1 SYSTEMPATH\Database\BaseConnection.php(585): CodeIgniter\Database\BaseConnection->initialize()
 2 SYSTEMPATH\Database\BaseBuilder.php(1585): CodeIgniter\Database\BaseConnection->query('SELECT *
FROM `account`
WHERE `USERNAME` = :USERNAME:
 LIMIT 1', [...], false)
 3 SYSTEMPATH\Model.php(249): CodeIgniter\Database\BaseBuilder->get()
 4 SYSTEMPATH\BaseModel.php(622): CodeIgniter\Model->doFirst()
 5 APPPATH\Controllers\Login.php(28): CodeIgniter\BaseModel->first()
 6 SYSTEMPATH\CodeIgniter.php(898): App\Controllers\Login->verifyData()
 7 SYSTEMPATH\CodeIgniter.php(468): CodeIgniter\CodeIgniter->runController(Object(App\Controllers\Login))
 8 SYSTEMPATH\CodeIgniter.php(351): CodeIgniter\CodeIgniter->handleRequest(null, Object(Config\Cache), false)
 9 FCPATH\index.php(55): CodeIgniter\CodeIgniter->run()
10 SYSTEMPATH\Commands\Server\rewrite.php(43): require_once('FCPATH\\index.php')
ERROR - 2023-01-19 21:30:25 --> Error connecting to the database: No connection could be made because the target machine actively refused it
CRITICAL - 2023-01-19 21:30:25 --> Unable to connect to the database.
Main connection [MySQLi]: No connection could be made because the target machine actively refused it
in SYSTEMPATH\Database\BaseConnection.php on line 415.
 1 SYSTEMPATH\Database\BaseConnection.php(585): CodeIgniter\Database\BaseConnection->initialize()
 2 SYSTEMPATH\Database\BaseBuilder.php(1585): CodeIgniter\Database\BaseConnection->query('SELECT *
FROM `account`
WHERE `USERNAME` = :USERNAME:
 LIMIT 1', [...], false)
 3 SYSTEMPATH\Model.php(249): CodeIgniter\Database\BaseBuilder->get()
 4 SYSTEMPATH\BaseModel.php(622): CodeIgniter\Model->doFirst()
 5 APPPATH\Controllers\Login.php(28): CodeIgniter\BaseModel->first()
 6 SYSTEMPATH\CodeIgniter.php(898): App\Controllers\Login->verifyData()
 7 SYSTEMPATH\CodeIgniter.php(468): CodeIgniter\CodeIgniter->runController(Object(App\Controllers\Login))
 8 SYSTEMPATH\CodeIgniter.php(351): CodeIgniter\CodeIgniter->handleRequest(null, Object(Config\Cache), false)
 9 FCPATH\index.php(55): CodeIgniter\CodeIgniter->run()
10 SYSTEMPATH\Commands\Server\rewrite.php(43): require_once('FCPATH\\index.php')
ERROR - 2023-01-19 21:31:03 --> Error connecting to the database: No connection could be made because the target machine actively refused it
CRITICAL - 2023-01-19 21:31:03 --> Unable to connect to the database.
Main connection [MySQLi]: No connection could be made because the target machine actively refused it
in SYSTEMPATH\Database\BaseConnection.php on line 415.
 1 SYSTEMPATH\Database\BaseConnection.php(585): CodeIgniter\Database\BaseConnection->initialize()
 2 SYSTEMPATH\Database\BaseBuilder.php(1585): CodeIgniter\Database\BaseConnection->query('SELECT *
FROM `account`
WHERE `USERNAME` = :USERNAME:
 LIMIT 1', [...], false)
 3 SYSTEMPATH\Model.php(249): CodeIgniter\Database\BaseBuilder->get()
 4 SYSTEMPATH\BaseModel.php(622): CodeIgniter\Model->doFirst()
 5 APPPATH\Controllers\Login.php(28): CodeIgniter\BaseModel->first()
 6 SYSTEMPATH\CodeIgniter.php(898): App\Controllers\Login->verifyData()
 7 SYSTEMPATH\CodeIgniter.php(468): CodeIgniter\CodeIgniter->runController(Object(App\Controllers\Login))
 8 SYSTEMPATH\CodeIgniter.php(351): CodeIgniter\CodeIgniter->handleRequest(null, Object(Config\Cache), false)
 9 FCPATH\index.php(55): CodeIgniter\CodeIgniter->run()
10 SYSTEMPATH\Commands\Server\rewrite.php(43): require_once('FCPATH\\index.php')
CRITICAL - 2023-01-19 22:01:31 --> Call to a member function insertID() on bool
in APPPATH\Controllers\Admin.php on line 147.
 1 SYSTEMPATH\CodeIgniter.php(898): App\Controllers\Admin->create_user()
 2 SYSTEMPATH\CodeIgniter.php(468): CodeIgniter\CodeIgniter->runController(Object(App\Controllers\Admin))
 3 SYSTEMPATH\CodeIgniter.php(351): CodeIgniter\CodeIgniter->handleRequest(null, Object(Config\Cache), false)
 4 FCPATH\index.php(55): CodeIgniter\CodeIgniter->run()
 5 SYSTEMPATH\Commands\Server\rewrite.php(43): require_once('FCPATH\\index.php')
CRITICAL - 2023-01-19 22:04:28 --> Call to a member function getInsertId() on bool
in APPPATH\Controllers\Admin.php on line 147.
 1 SYSTEMPATH\CodeIgniter.php(898): App\Controllers\Admin->create_user()
 2 SYSTEMPATH\CodeIgniter.php(468): CodeIgniter\CodeIgniter->runController(Object(App\Controllers\Admin))
 3 SYSTEMPATH\CodeIgniter.php(351): CodeIgniter\CodeIgniter->handleRequest(null, Object(Config\Cache), false)
 4 FCPATH\index.php(55): CodeIgniter\CodeIgniter->run()
 5 SYSTEMPATH\Commands\Server\rewrite.php(43): require_once('FCPATH\\index.php')
CRITICAL - 2023-01-19 22:05:28 --> Undefined property: App\Controllers\Admin::$teacherSectionModel
in APPPATH\Controllers\Admin.php on line 147.
 1 APPPATH\Controllers\Admin.php(147): CodeIgniter\Debug\Exceptions->errorHandler(2, 'Undefined property: App\\Controllers\\Admin::$teacherSectionModel', 'APPPATH\\Controllers\\Admin.php', 147)
 2 SYSTEMPATH\CodeIgniter.php(898): App\Controllers\Admin->create_user()
 3 SYSTEMPATH\CodeIgniter.php(468): CodeIgniter\CodeIgniter->runController(Object(App\Controllers\Admin))
 4 SYSTEMPATH\CodeIgniter.php(351): CodeIgniter\CodeIgniter->handleRequest(null, Object(Config\Cache), false)
 5 FCPATH\index.php(55): CodeIgniter\CodeIgniter->run()
 6 SYSTEMPATH\Commands\Server\rewrite.php(43): require_once('FCPATH\\index.php')
CRITICAL - 2023-01-19 22:06:03 --> Undefined property: App\Controllers\Admin::$teacherSectionModels
in APPPATH\Controllers\Admin.php on line 147.
 1 APPPATH\Controllers\Admin.php(147): CodeIgniter\Debug\Exceptions->errorHandler(2, 'Undefined property: App\\Controllers\\Admin::$teacherSectionModels', 'APPPATH\\Controllers\\Admin.php', 147)
 2 SYSTEMPATH\CodeIgniter.php(898): App\Controllers\Admin->create_user()
 3 SYSTEMPATH\CodeIgniter.php(468): CodeIgniter\CodeIgniter->runController(Object(App\Controllers\Admin))
 4 SYSTEMPATH\CodeIgniter.php(351): CodeIgniter\CodeIgniter->handleRequest(null, Object(Config\Cache), false)
 5 FCPATH\index.php(55): CodeIgniter\CodeIgniter->run()
 6 SYSTEMPATH\Commands\Server\rewrite.php(43): require_once('FCPATH\\index.php')
