CRITICAL - 2022-09-26 10:51:22 --> Trying to access array offset on value of type null
in APPPATH\Views\user\teachersettings.php on line 85.
 1 APPPATH\Views\user\teachersettings.php(85): CodeIgniter\Debug\Exceptions->errorHandler(8, 'Trying to access array offset on value of type null', 'APPPATH\\Views\\user\\teachersettings.php', 85, [...])
 2 SYSTEMPATH\View\View.php(213): include('APPPATH\\Views\\user\\teachersettings.php')
 3 SYSTEMPATH\View\View.php(216): CodeIgniter\View\View->CodeIgniter\View\{closure}()
 4 SYSTEMPATH\Common.php(1135): CodeIgniter\View\View->render('user/teachersettings', [], true)
 5 APPPATH\Controllers\Home.php(52): view('user/teachersettings', [...])
 6 SYSTEMPATH\CodeIgniter.php(898): App\Controllers\Home->teacher_setting()
 7 SYSTEMPATH\CodeIgniter.php(468): CodeIgniter\CodeIgniter->runController(Object(App\Controllers\Home))
 8 SYSTEMPATH\CodeIgniter.php(351): CodeIgniter\CodeIgniter->handleRequest(null, Object(Config\Cache), false)
 9 FCPATH\index.php(55): CodeIgniter\CodeIgniter->run()
10 SYSTEMPATH\Commands\Server\rewrite.php(43): require_once('FCPATH\\index.php')
CRITICAL - 2022-09-26 11:29:32 --> Undefined variable: year
in APPPATH\Views\user\attendance.php on line 70.
 1 APPPATH\Views\user\attendance.php(70): CodeIgniter\Debug\Exceptions->errorHandler(8, 'Undefined variable: year', 'APPPATH\\Views\\user\\attendance.php', 70, [])
 2 SYSTEMPATH\View\View.php(213): include('APPPATH\\Views\\user\\attendance.php')
 3 SYSTEMPATH\View\View.php(216): CodeIgniter\View\View->CodeIgniter\View\{closure}()
 4 SYSTEMPATH\Common.php(1135): CodeIgniter\View\View->render('user/attendance', [], true)
 5 APPPATH\Controllers\Home.php(219): view('user/attendance')
 6 SYSTEMPATH\CodeIgniter.php(898): App\Controllers\Home->attendance()
 7 SYSTEMPATH\CodeIgniter.php(468): CodeIgniter\CodeIgniter->runController(Object(App\Controllers\Home))
 8 SYSTEMPATH\CodeIgniter.php(351): CodeIgniter\CodeIgniter->handleRequest(null, Object(Config\Cache), false)
 9 FCPATH\index.php(55): CodeIgniter\CodeIgniter->run()
10 SYSTEMPATH\Commands\Server\rewrite.php(43): require_once('FCPATH\\index.php')
