CRITICAL - 2022-06-28 21:47:10 --> Undefined variable: year
in APPPATH\Views\user\sections\section.php on line 4.
 1 APPPATH\Views\user\sections\section.php(4): CodeIgniter\Debug\Exceptions->errorHandler(8, 'Undefined variable: year', 'APPPATH\\Views\\user\\sections\\section.php', 4, [...])
 2 SYSTEMPATH\View\View.php(213): include('APPPATH\\Views\\user\\sections\\section.php')
 3 SYSTEMPATH\View\View.php(216): CodeIgniter\View\View->CodeIgniter\View\{closure}()
 4 SYSTEMPATH\Common.php(1135): CodeIgniter\View\View->render('user/sections/section', [], true)
 5 APPPATH\Controllers\Home.php(38): view('user/sections/section', [...])
 6 SYSTEMPATH\CodeIgniter.php(898): App\Controllers\Home->student_year('1')
 7 SYSTEMPATH\CodeIgniter.php(468): CodeIgniter\CodeIgniter->runController(Object(App\Controllers\Home))
 8 SYSTEMPATH\CodeIgniter.php(351): CodeIgniter\CodeIgniter->handleRequest(null, Object(Config\Cache), false)
 9 FCPATH\index.php(55): CodeIgniter\CodeIgniter->run()
10 SYSTEMPATH\Commands\Server\rewrite.php(43): require_once('FCPATH\\index.php')
CRITICAL - 2022-06-28 21:47:23 --> Undefined variable: year
in APPPATH\Views\user\sections\section.php on line 4.
 1 APPPATH\Views\user\sections\section.php(4): CodeIgniter\Debug\Exceptions->errorHandler(8, 'Undefined variable: year', 'APPPATH\\Views\\user\\sections\\section.php', 4, [...])
 2 SYSTEMPATH\View\View.php(213): include('APPPATH\\Views\\user\\sections\\section.php')
 3 SYSTEMPATH\View\View.php(216): CodeIgniter\View\View->CodeIgniter\View\{closure}()
 4 SYSTEMPATH\Common.php(1135): CodeIgniter\View\View->render('user/sections/section', [], true)
 5 APPPATH\Controllers\Home.php(38): view('user/sections/section', [...])
 6 SYSTEMPATH\CodeIgniter.php(898): App\Controllers\Home->student_year('1')
 7 SYSTEMPATH\CodeIgniter.php(468): CodeIgniter\CodeIgniter->runController(Object(App\Controllers\Home))
 8 SYSTEMPATH\CodeIgniter.php(351): CodeIgniter\CodeIgniter->handleRequest(null, Object(Config\Cache), false)
 9 FCPATH\index.php(55): CodeIgniter\CodeIgniter->run()
10 SYSTEMPATH\Commands\Server\rewrite.php(43): require_once('FCPATH\\index.php')
CRITICAL - 2022-06-28 21:50:16 --> Undefined variable: year_name
in APPPATH\Views\user\sections\section.php on line 48.
 1 APPPATH\Views\user\sections\section.php(48): CodeIgniter\Debug\Exceptions->errorHandler(8, 'Undefined variable: year_name', 'APPPATH\\Views\\user\\sections\\section.php', 48, [...])
 2 SYSTEMPATH\View\View.php(213): include('APPPATH\\Views\\user\\sections\\section.php')
 3 SYSTEMPATH\View\View.php(216): CodeIgniter\View\View->CodeIgniter\View\{closure}()
 4 SYSTEMPATH\Common.php(1135): CodeIgniter\View\View->render('user/sections/section', [], true)
 5 APPPATH\Controllers\Home.php(38): view('user/sections/section', [...])
 6 SYSTEMPATH\CodeIgniter.php(898): App\Controllers\Home->student_year('1')
 7 SYSTEMPATH\CodeIgniter.php(468): CodeIgniter\CodeIgniter->runController(Object(App\Controllers\Home))
 8 SYSTEMPATH\CodeIgniter.php(351): CodeIgniter\CodeIgniter->handleRequest(null, Object(Config\Cache), false)
 9 FCPATH\index.php(55): CodeIgniter\CodeIgniter->run()
10 SYSTEMPATH\Commands\Server\rewrite.php(43): require_once('FCPATH\\index.php')
CRITICAL - 2022-06-28 21:50:17 --> Undefined variable: year_name
in APPPATH\Views\user\sections\section.php on line 48.
 1 APPPATH\Views\user\sections\section.php(48): CodeIgniter\Debug\Exceptions->errorHandler(8, 'Undefined variable: year_name', 'APPPATH\\Views\\user\\sections\\section.php', 48, [...])
 2 SYSTEMPATH\View\View.php(213): include('APPPATH\\Views\\user\\sections\\section.php')
 3 SYSTEMPATH\View\View.php(216): CodeIgniter\View\View->CodeIgniter\View\{closure}()
 4 SYSTEMPATH\Common.php(1135): CodeIgniter\View\View->render('user/sections/section', [], true)
 5 APPPATH\Controllers\Home.php(38): view('user/sections/section', [...])
 6 SYSTEMPATH\CodeIgniter.php(898): App\Controllers\Home->student_year('1')
 7 SYSTEMPATH\CodeIgniter.php(468): CodeIgniter\CodeIgniter->runController(Object(App\Controllers\Home))
 8 SYSTEMPATH\CodeIgniter.php(351): CodeIgniter\CodeIgniter->handleRequest(null, Object(Config\Cache), false)
 9 FCPATH\index.php(55): CodeIgniter\CodeIgniter->run()
10 SYSTEMPATH\Commands\Server\rewrite.php(43): require_once('FCPATH\\index.php')
CRITICAL - 2022-06-28 21:50:18 --> Undefined variable: year_name
in APPPATH\Views\user\sections\section.php on line 48.
 1 APPPATH\Views\user\sections\section.php(48): CodeIgniter\Debug\Exceptions->errorHandler(8, 'Undefined variable: year_name', 'APPPATH\\Views\\user\\sections\\section.php', 48, [...])
 2 SYSTEMPATH\View\View.php(213): include('APPPATH\\Views\\user\\sections\\section.php')
 3 SYSTEMPATH\View\View.php(216): CodeIgniter\View\View->CodeIgniter\View\{closure}()
 4 SYSTEMPATH\Common.php(1135): CodeIgniter\View\View->render('user/sections/section', [], true)
 5 APPPATH\Controllers\Home.php(38): view('user/sections/section', [...])
 6 SYSTEMPATH\CodeIgniter.php(898): App\Controllers\Home->student_year('1')
 7 SYSTEMPATH\CodeIgniter.php(468): CodeIgniter\CodeIgniter->runController(Object(App\Controllers\Home))
 8 SYSTEMPATH\CodeIgniter.php(351): CodeIgniter\CodeIgniter->handleRequest(null, Object(Config\Cache), false)
 9 FCPATH\index.php(55): CodeIgniter\CodeIgniter->run()
10 SYSTEMPATH\Commands\Server\rewrite.php(43): require_once('FCPATH\\index.php')
