CRITICAL - 2022-08-31 08:58:52 --> Undefined variable $account
in APPPATH\Views\user\teachersettings.php on line 71.
 1 APPPATH\Views\user\teachersettings.php(71): CodeIgniter\Debug\Exceptions->errorHandler(2, 'Undefined variable $account', 'APPPATH\\Views\\user\\teachersettings.php', 71)
 2 SYSTEMPATH\View\View.php(213): include('APPPATH\\Views\\user\\teachersettings.php')
 3 SYSTEMPATH\View\View.php(216): CodeIgniter\View\View->CodeIgniter\View\{closure}()
 4 SYSTEMPATH\Common.php(1135): CodeIgniter\View\View->render('user/teachersettings', [], true)
 5 APPPATH\Controllers\Home.php(31): view('user/teachersettings')
 6 SYSTEMPATH\CodeIgniter.php(898): App\Controllers\Home->teacher_setting()
 7 SYSTEMPATH\CodeIgniter.php(468): CodeIgniter\CodeIgniter->runController(Object(App\Controllers\Home))
 8 SYSTEMPATH\CodeIgniter.php(351): CodeIgniter\CodeIgniter->handleRequest(null, Object(Config\Cache), false)
 9 FCPATH\index.php(55): CodeIgniter\CodeIgniter->run()
10 SYSTEMPATH\Commands\Server\rewrite.php(43): require_once('FCPATH\\index.php')
CRITICAL - 2022-08-31 09:02:42 --> Undefined variable $fName
in APPPATH\Views\user\teachersettings.php on line 91.
 1 APPPATH\Views\user\teachersettings.php(91): CodeIgniter\Debug\Exceptions->errorHandler(2, 'Undefined variable $fName', 'APPPATH\\Views\\user\\teachersettings.php', 91)
 2 SYSTEMPATH\View\View.php(213): include('APPPATH\\Views\\user\\teachersettings.php')
 3 SYSTEMPATH\View\View.php(216): CodeIgniter\View\View->CodeIgniter\View\{closure}()
 4 SYSTEMPATH\Common.php(1135): CodeIgniter\View\View->render('user/teachersettings', [], true)
 5 APPPATH\Controllers\Home.php(31): view('user/teachersettings')
 6 SYSTEMPATH\CodeIgniter.php(898): App\Controllers\Home->teacher_setting()
 7 SYSTEMPATH\CodeIgniter.php(468): CodeIgniter\CodeIgniter->runController(Object(App\Controllers\Home))
 8 SYSTEMPATH\CodeIgniter.php(351): CodeIgniter\CodeIgniter->handleRequest(null, Object(Config\Cache), false)
 9 FCPATH\index.php(55): CodeIgniter\CodeIgniter->run()
10 SYSTEMPATH\Commands\Server\rewrite.php(43): require_once('FCPATH\\index.php')
CRITICAL - 2022-08-31 09:35:15 --> Undefined variable $userData
in APPPATH\Views\user\teachersettings.php on line 69.
 1 APPPATH\Views\user\teachersettings.php(69): CodeIgniter\Debug\Exceptions->errorHandler(2, 'Undefined variable $userData', 'APPPATH\\Views\\user\\teachersettings.php', 69)
 2 SYSTEMPATH\View\View.php(213): include('APPPATH\\Views\\user\\teachersettings.php')
 3 SYSTEMPATH\View\View.php(216): CodeIgniter\View\View->CodeIgniter\View\{closure}()
 4 SYSTEMPATH\Common.php(1135): CodeIgniter\View\View->render('user/teachersettings', [], true)
 5 APPPATH\Controllers\Home.php(31): view('user/teachersettings')
 6 SYSTEMPATH\CodeIgniter.php(898): App\Controllers\Home->teacher_setting()
 7 SYSTEMPATH\CodeIgniter.php(468): CodeIgniter\CodeIgniter->runController(Object(App\Controllers\Home))
 8 SYSTEMPATH\CodeIgniter.php(351): CodeIgniter\CodeIgniter->handleRequest(null, Object(Config\Cache), false)
 9 FCPATH\index.php(55): CodeIgniter\CodeIgniter->run()
10 SYSTEMPATH\Commands\Server\rewrite.php(43): require_once('FCPATH\\index.php')
CRITICAL - 2022-08-31 09:36:00 --> Undefined variable $id
in APPPATH\Controllers\Home.php on line 31.
 1 APPPATH\Controllers\Home.php(31): CodeIgniter\Debug\Exceptions->errorHandler(2, 'Undefined variable $id', 'APPPATH\\Controllers\\Home.php', 31)
 2 SYSTEMPATH\CodeIgniter.php(898): App\Controllers\Home->teacher_setting()
 3 SYSTEMPATH\CodeIgniter.php(468): CodeIgniter\CodeIgniter->runController(Object(App\Controllers\Home))
 4 SYSTEMPATH\CodeIgniter.php(351): CodeIgniter\CodeIgniter->handleRequest(null, Object(Config\Cache), false)
 5 FCPATH\index.php(55): CodeIgniter\CodeIgniter->run()
 6 SYSTEMPATH\Commands\Server\rewrite.php(43): require_once('FCPATH\\index.php')
CRITICAL - 2022-08-31 09:36:32 --> Undefined variable $userData
in APPPATH\Views\user\teachersettings.php on line 69.
 1 APPPATH\Views\user\teachersettings.php(69): CodeIgniter\Debug\Exceptions->errorHandler(2, 'Undefined variable $userData', 'APPPATH\\Views\\user\\teachersettings.php', 69)
 2 SYSTEMPATH\View\View.php(213): include('APPPATH\\Views\\user\\teachersettings.php')
 3 SYSTEMPATH\View\View.php(216): CodeIgniter\View\View->CodeIgniter\View\{closure}()
 4 SYSTEMPATH\Common.php(1135): CodeIgniter\View\View->render('user/teachersettings', [], true)
 5 APPPATH\Controllers\Home.php(34): view('user/teachersettings', [...])
 6 SYSTEMPATH\CodeIgniter.php(898): App\Controllers\Home->teacher_setting()
 7 SYSTEMPATH\CodeIgniter.php(468): CodeIgniter\CodeIgniter->runController(Object(App\Controllers\Home))
 8 SYSTEMPATH\CodeIgniter.php(351): CodeIgniter\CodeIgniter->handleRequest(null, Object(Config\Cache), false)
 9 FCPATH\index.php(55): CodeIgniter\CodeIgniter->run()
10 SYSTEMPATH\Commands\Server\rewrite.php(43): require_once('FCPATH\\index.php')
CRITICAL - 2022-08-31 09:37:59 --> Undefined variable $userData
in APPPATH\Views\user\teachersettings.php on line 73.
 1 APPPATH\Views\user\teachersettings.php(73): CodeIgniter\Debug\Exceptions->errorHandler(2, 'Undefined variable $userData', 'APPPATH\\Views\\user\\teachersettings.php', 73)
 2 SYSTEMPATH\View\View.php(213): include('APPPATH\\Views\\user\\teachersettings.php')
 3 SYSTEMPATH\View\View.php(216): CodeIgniter\View\View->CodeIgniter\View\{closure}()
 4 SYSTEMPATH\Common.php(1135): CodeIgniter\View\View->render('user/teachersettings', [], true)
 5 APPPATH\Controllers\Home.php(34): view('user/teachersettings', [...])
 6 SYSTEMPATH\CodeIgniter.php(898): App\Controllers\Home->teacher_setting()
 7 SYSTEMPATH\CodeIgniter.php(468): CodeIgniter\CodeIgniter->runController(Object(App\Controllers\Home))
 8 SYSTEMPATH\CodeIgniter.php(351): CodeIgniter\CodeIgniter->handleRequest(null, Object(Config\Cache), false)
 9 FCPATH\index.php(55): CodeIgniter\CodeIgniter->run()
10 SYSTEMPATH\Commands\Server\rewrite.php(43): require_once('FCPATH\\index.php')
CRITICAL - 2022-08-31 09:38:15 --> Undefined variable $userData
in APPPATH\Views\user\teachersettings.php on line 73.
 1 APPPATH\Views\user\teachersettings.php(73): CodeIgniter\Debug\Exceptions->errorHandler(2, 'Undefined variable $userData', 'APPPATH\\Views\\user\\teachersettings.php', 73)
 2 SYSTEMPATH\View\View.php(213): include('APPPATH\\Views\\user\\teachersettings.php')
 3 SYSTEMPATH\View\View.php(216): CodeIgniter\View\View->CodeIgniter\View\{closure}()
 4 SYSTEMPATH\Common.php(1135): CodeIgniter\View\View->render('user/teachersettings', [], true)
 5 APPPATH\Controllers\Home.php(34): view('user/teachersettings', [...])
 6 SYSTEMPATH\CodeIgniter.php(898): App\Controllers\Home->teacher_setting()
 7 SYSTEMPATH\CodeIgniter.php(468): CodeIgniter\CodeIgniter->runController(Object(App\Controllers\Home))
 8 SYSTEMPATH\CodeIgniter.php(351): CodeIgniter\CodeIgniter->handleRequest(null, Object(Config\Cache), false)
 9 FCPATH\index.php(55): CodeIgniter\CodeIgniter->run()
10 SYSTEMPATH\Commands\Server\rewrite.php(43): require_once('FCPATH\\index.php')
CRITICAL - 2022-08-31 09:38:15 --> Undefined variable $userData
in APPPATH\Views\user\teachersettings.php on line 73.
 1 APPPATH\Views\user\teachersettings.php(73): CodeIgniter\Debug\Exceptions->errorHandler(2, 'Undefined variable $userData', 'APPPATH\\Views\\user\\teachersettings.php', 73)
 2 SYSTEMPATH\View\View.php(213): include('APPPATH\\Views\\user\\teachersettings.php')
 3 SYSTEMPATH\View\View.php(216): CodeIgniter\View\View->CodeIgniter\View\{closure}()
 4 SYSTEMPATH\Common.php(1135): CodeIgniter\View\View->render('user/teachersettings', [], true)
 5 APPPATH\Controllers\Home.php(34): view('user/teachersettings', [...])
 6 SYSTEMPATH\CodeIgniter.php(898): App\Controllers\Home->teacher_setting()
 7 SYSTEMPATH\CodeIgniter.php(468): CodeIgniter\CodeIgniter->runController(Object(App\Controllers\Home))
 8 SYSTEMPATH\CodeIgniter.php(351): CodeIgniter\CodeIgniter->handleRequest(null, Object(Config\Cache), false)
 9 FCPATH\index.php(55): CodeIgniter\CodeIgniter->run()
10 SYSTEMPATH\Commands\Server\rewrite.php(43): require_once('FCPATH\\index.php')
CRITICAL - 2022-08-31 09:38:16 --> Undefined variable $userData
in APPPATH\Views\user\teachersettings.php on line 73.
 1 APPPATH\Views\user\teachersettings.php(73): CodeIgniter\Debug\Exceptions->errorHandler(2, 'Undefined variable $userData', 'APPPATH\\Views\\user\\teachersettings.php', 73)
 2 SYSTEMPATH\View\View.php(213): include('APPPATH\\Views\\user\\teachersettings.php')
 3 SYSTEMPATH\View\View.php(216): CodeIgniter\View\View->CodeIgniter\View\{closure}()
 4 SYSTEMPATH\Common.php(1135): CodeIgniter\View\View->render('user/teachersettings', [], true)
 5 APPPATH\Controllers\Home.php(34): view('user/teachersettings', [...])
 6 SYSTEMPATH\CodeIgniter.php(898): App\Controllers\Home->teacher_setting()
 7 SYSTEMPATH\CodeIgniter.php(468): CodeIgniter\CodeIgniter->runController(Object(App\Controllers\Home))
 8 SYSTEMPATH\CodeIgniter.php(351): CodeIgniter\CodeIgniter->handleRequest(null, Object(Config\Cache), false)
 9 FCPATH\index.php(55): CodeIgniter\CodeIgniter->run()
10 SYSTEMPATH\Commands\Server\rewrite.php(43): require_once('FCPATH\\index.php')
CRITICAL - 2022-08-31 09:38:23 --> Undefined variable $userData
in APPPATH\Views\user\teachersettings.php on line 73.
 1 APPPATH\Views\user\teachersettings.php(73): CodeIgniter\Debug\Exceptions->errorHandler(2, 'Undefined variable $userData', 'APPPATH\\Views\\user\\teachersettings.php', 73)
 2 SYSTEMPATH\View\View.php(213): include('APPPATH\\Views\\user\\teachersettings.php')
 3 SYSTEMPATH\View\View.php(216): CodeIgniter\View\View->CodeIgniter\View\{closure}()
 4 SYSTEMPATH\Common.php(1135): CodeIgniter\View\View->render('user/teachersettings', [], true)
 5 APPPATH\Controllers\Home.php(34): view('user/teachersettings', [...])
 6 SYSTEMPATH\CodeIgniter.php(898): App\Controllers\Home->teacher_setting()
 7 SYSTEMPATH\CodeIgniter.php(468): CodeIgniter\CodeIgniter->runController(Object(App\Controllers\Home))
 8 SYSTEMPATH\CodeIgniter.php(351): CodeIgniter\CodeIgniter->handleRequest(null, Object(Config\Cache), false)
 9 FCPATH\index.php(55): CodeIgniter\CodeIgniter->run()
10 SYSTEMPATH\Commands\Server\rewrite.php(43): require_once('FCPATH\\index.php')
CRITICAL - 2022-08-31 09:38:44 --> view(): Argument #2 ($data) must be of type array, CodeIgniter\Database\MySQLi\Result given, called in C:\Users\Solutions Resource\Projects\Web-and-Mobile-Attendance-System\app\Controllers\Home.php on line 34
in SYSTEMPATH\Common.php on line 1121.
 1 APPPATH\Controllers\Home.php(34): view('user/teachersettings', Object(CodeIgniter\Database\MySQLi\Result))
 2 SYSTEMPATH\CodeIgniter.php(898): App\Controllers\Home->teacher_setting()
 3 SYSTEMPATH\CodeIgniter.php(468): CodeIgniter\CodeIgniter->runController(Object(App\Controllers\Home))
 4 SYSTEMPATH\CodeIgniter.php(351): CodeIgniter\CodeIgniter->handleRequest(null, Object(Config\Cache), false)
 5 FCPATH\index.php(55): CodeIgniter\CodeIgniter->run()
 6 SYSTEMPATH\Commands\Server\rewrite.php(43): require_once('FCPATH\\index.php')
CRITICAL - 2022-08-31 09:40:21 --> Undefined variable $lastName
in APPPATH\Views\user\teachersettings.php on line 74.
 1 APPPATH\Views\user\teachersettings.php(74): CodeIgniter\Debug\Exceptions->errorHandler(2, 'Undefined variable $lastName', 'APPPATH\\Views\\user\\teachersettings.php', 74)
 2 SYSTEMPATH\View\View.php(213): include('APPPATH\\Views\\user\\teachersettings.php')
 3 SYSTEMPATH\View\View.php(216): CodeIgniter\View\View->CodeIgniter\View\{closure}()
 4 SYSTEMPATH\Common.php(1135): CodeIgniter\View\View->render('user/teachersettings', [], true)
 5 APPPATH\Controllers\Home.php(37): view('user/teachersettings', [...])
 6 SYSTEMPATH\CodeIgniter.php(898): App\Controllers\Home->teacher_setting()
 7 SYSTEMPATH\CodeIgniter.php(468): CodeIgniter\CodeIgniter->runController(Object(App\Controllers\Home))
 8 SYSTEMPATH\CodeIgniter.php(351): CodeIgniter\CodeIgniter->handleRequest(null, Object(Config\Cache), false)
 9 FCPATH\index.php(55): CodeIgniter\CodeIgniter->run()
10 SYSTEMPATH\Commands\Server\rewrite.php(43): require_once('FCPATH\\index.php')
CRITICAL - 2022-08-31 09:47:05 --> CodeIgniter\HTTP\RedirectResponse::to(): Argument #2 ($code) must be of type ?int, array given, called in C:\Users\Solutions Resource\Projects\Web-and-Mobile-Attendance-System\app\Controllers\Home.php on line 128
in SYSTEMPATH\HTTP\RedirectResponse.php on line 32.
 1 APPPATH\Controllers\Home.php(128): CodeIgniter\HTTP\RedirectResponse->to('update_teacher', [...])
 2 SYSTEMPATH\CodeIgniter.php(898): App\Controllers\Home->update_teacher_info()
 3 SYSTEMPATH\CodeIgniter.php(468): CodeIgniter\CodeIgniter->runController(Object(App\Controllers\Home))
 4 SYSTEMPATH\CodeIgniter.php(351): CodeIgniter\CodeIgniter->handleRequest(null, Object(Config\Cache), false)
 5 FCPATH\index.php(55): CodeIgniter\CodeIgniter->run()
 6 SYSTEMPATH\Commands\Server\rewrite.php(43): require_once('FCPATH\\index.php')
CRITICAL - 2022-08-31 09:48:01 --> Undefined variable $userData
in APPPATH\Views\user\teachersettings.php on line 73.
 1 APPPATH\Views\user\teachersettings.php(73): CodeIgniter\Debug\Exceptions->errorHandler(2, 'Undefined variable $userData', 'APPPATH\\Views\\user\\teachersettings.php', 73)
 2 SYSTEMPATH\View\View.php(213): include('APPPATH\\Views\\user\\teachersettings.php')
 3 SYSTEMPATH\View\View.php(216): CodeIgniter\View\View->CodeIgniter\View\{closure}()
 4 SYSTEMPATH\Common.php(1135): CodeIgniter\View\View->render('user/teachersettings', [], true)
 5 APPPATH\Controllers\Home.php(128): view('user/teachersettings', [...])
 6 SYSTEMPATH\CodeIgniter.php(898): App\Controllers\Home->update_teacher_info()
 7 SYSTEMPATH\CodeIgniter.php(468): CodeIgniter\CodeIgniter->runController(Object(App\Controllers\Home))
 8 SYSTEMPATH\CodeIgniter.php(351): CodeIgniter\CodeIgniter->handleRequest(null, Object(Config\Cache), false)
 9 FCPATH\index.php(55): CodeIgniter\CodeIgniter->run()
10 SYSTEMPATH\Commands\Server\rewrite.php(43): require_once('FCPATH\\index.php')
CRITICAL - 2022-08-31 09:48:58 --> Undefined variable $getData
in APPPATH\Controllers\Home.php on line 128.
 1 APPPATH\Controllers\Home.php(128): CodeIgniter\Debug\Exceptions->errorHandler(2, 'Undefined variable $getData', 'APPPATH\\Controllers\\Home.php', 128)
 2 SYSTEMPATH\CodeIgniter.php(898): App\Controllers\Home->update_teacher_info()
 3 SYSTEMPATH\CodeIgniter.php(468): CodeIgniter\CodeIgniter->runController(Object(App\Controllers\Home))
 4 SYSTEMPATH\CodeIgniter.php(351): CodeIgniter\CodeIgniter->handleRequest(null, Object(Config\Cache), false)
 5 FCPATH\index.php(55): CodeIgniter\CodeIgniter->run()
 6 SYSTEMPATH\Commands\Server\rewrite.php(43): require_once('FCPATH\\index.php')
CRITICAL - 2022-08-31 10:54:09 --> Call to undefined function App\Controllers\reidrect()
in APPPATH\Controllers\Home.php on line 152.
 1 SYSTEMPATH\CodeIgniter.php(898): App\Controllers\Home->update_teacher_account()
 2 SYSTEMPATH\CodeIgniter.php(468): CodeIgniter\CodeIgniter->runController(Object(App\Controllers\Home))
 3 SYSTEMPATH\CodeIgniter.php(351): CodeIgniter\CodeIgniter->handleRequest(null, Object(Config\Cache), false)
 4 FCPATH\index.php(55): CodeIgniter\CodeIgniter->run()
 5 SYSTEMPATH\Commands\Server\rewrite.php(43): require_once('FCPATH\\index.php')
CRITICAL - 2022-08-31 10:54:33 --> Call to undefined function App\Controllers\reidrect()
in APPPATH\Controllers\Home.php on line 152.
 1 SYSTEMPATH\CodeIgniter.php(898): App\Controllers\Home->update_teacher_account()
 2 SYSTEMPATH\CodeIgniter.php(468): CodeIgniter\CodeIgniter->runController(Object(App\Controllers\Home))
 3 SYSTEMPATH\CodeIgniter.php(351): CodeIgniter\CodeIgniter->handleRequest(null, Object(Config\Cache), false)
 4 FCPATH\index.php(55): CodeIgniter\CodeIgniter->run()
 5 SYSTEMPATH\Commands\Server\rewrite.php(43): require_once('FCPATH\\index.php')
CRITICAL - 2022-08-31 10:55:45 --> Call to undefined function App\Controllers\reidrect()
in APPPATH\Controllers\Home.php on line 152.
 1 SYSTEMPATH\CodeIgniter.php(898): App\Controllers\Home->update_teacher_account()
 2 SYSTEMPATH\CodeIgniter.php(468): CodeIgniter\CodeIgniter->runController(Object(App\Controllers\Home))
 3 SYSTEMPATH\CodeIgniter.php(351): CodeIgniter\CodeIgniter->handleRequest(null, Object(Config\Cache), false)
 4 FCPATH\index.php(55): CodeIgniter\CodeIgniter->run()
 5 SYSTEMPATH\Commands\Server\rewrite.php(43): require_once('FCPATH\\index.php')
