CRITICAL - 2022-10-16 04:25:01 --> Undefined variable $yearName
in APPPATH\Views\user\sections.php on line 49.
 1 APPPATH\Views\user\sections.php(49): CodeIgniter\Debug\Exceptions->errorHandler(2, 'Undefined variable $yearName', 'APPPATH\\Views\\user\\sections.php', 49)
 2 SYSTEMPATH\View\View.php(213): include('APPPATH\\Views\\user\\sections.php')
 3 SYSTEMPATH\View\View.php(216): CodeIgniter\View\View->CodeIgniter\View\{closure}()
 4 SYSTEMPATH\Common.php(1135): CodeIgniter\View\View->render('user/sections', [], true)
 5 APPPATH\Controllers\Home.php(311): view('user/sections')
 6 SYSTEMPATH\CodeIgniter.php(898): App\Controllers\Home->section_list()
 7 SYSTEMPATH\CodeIgniter.php(468): CodeIgniter\CodeIgniter->runController(Object(App\Controllers\Home))
 8 SYSTEMPATH\CodeIgniter.php(351): CodeIgniter\CodeIgniter->handleRequest(null, Object(Config\Cache), false)
 9 FCPATH\index.php(55): CodeIgniter\CodeIgniter->run()
10 SYSTEMPATH\Commands\Server\rewrite.php(43): require_once('FCPATH\\index.php')
CRITICAL - 2022-10-16 04:25:22 --> Undefined variable $section
in APPPATH\Views\user\sections.php on line 61.
 1 APPPATH\Views\user\sections.php(61): CodeIgniter\Debug\Exceptions->errorHandler(2, 'Undefined variable $section', 'APPPATH\\Views\\user\\sections.php', 61)
 2 SYSTEMPATH\View\View.php(213): include('APPPATH\\Views\\user\\sections.php')
 3 SYSTEMPATH\View\View.php(216): CodeIgniter\View\View->CodeIgniter\View\{closure}()
 4 SYSTEMPATH\Common.php(1135): CodeIgniter\View\View->render('user/sections', [], true)
 5 APPPATH\Controllers\Home.php(311): view('user/sections')
 6 SYSTEMPATH\CodeIgniter.php(898): App\Controllers\Home->section_list()
 7 SYSTEMPATH\CodeIgniter.php(468): CodeIgniter\CodeIgniter->runController(Object(App\Controllers\Home))
 8 SYSTEMPATH\CodeIgniter.php(351): CodeIgniter\CodeIgniter->handleRequest(null, Object(Config\Cache), false)
 9 FCPATH\index.php(55): CodeIgniter\CodeIgniter->run()
10 SYSTEMPATH\Commands\Server\rewrite.php(43): require_once('FCPATH\\index.php')
CRITICAL - 2022-10-16 05:00:09 --> Cannot declare class App\Models\Student, because the name is already in use
in APPPATH\Models\TeacherSections.php on line 7.
 1 [internal function]: CodeIgniter\Debug\Exceptions->shutdownHandler()
CRITICAL - 2022-10-16 05:00:43 --> Undefined property: App\Controllers\Home::$teacherSectionModel
in APPPATH\Controllers\Home.php on line 312.
 1 APPPATH\Controllers\Home.php(312): CodeIgniter\Debug\Exceptions->errorHandler(2, 'Undefined property: App\\Controllers\\Home::$teacherSectionModel', 'APPPATH\\Controllers\\Home.php', 312)
 2 SYSTEMPATH\CodeIgniter.php(898): App\Controllers\Home->section_list()
 3 SYSTEMPATH\CodeIgniter.php(468): CodeIgniter\CodeIgniter->runController(Object(App\Controllers\Home))
 4 SYSTEMPATH\CodeIgniter.php(351): CodeIgniter\CodeIgniter->handleRequest(null, Object(Config\Cache), false)
 5 FCPATH\index.php(55): CodeIgniter\CodeIgniter->run()
 6 SYSTEMPATH\Commands\Server\rewrite.php(43): require_once('FCPATH\\index.php')
CRITICAL - 2022-10-16 05:01:13 --> Undefined property: App\Controllers\Home::$gradeSectionModel
in APPPATH\Controllers\Home.php on line 317.
 1 APPPATH\Controllers\Home.php(317): CodeIgniter\Debug\Exceptions->errorHandler(2, 'Undefined property: App\\Controllers\\Home::$gradeSectionModel', 'APPPATH\\Controllers\\Home.php', 317)
 2 SYSTEMPATH\CodeIgniter.php(898): App\Controllers\Home->section_list()
 3 SYSTEMPATH\CodeIgniter.php(468): CodeIgniter\CodeIgniter->runController(Object(App\Controllers\Home))
 4 SYSTEMPATH\CodeIgniter.php(351): CodeIgniter\CodeIgniter->handleRequest(null, Object(Config\Cache), false)
 5 FCPATH\index.php(55): CodeIgniter\CodeIgniter->run()
 6 SYSTEMPATH\Commands\Server\rewrite.php(43): require_once('FCPATH\\index.php')
CRITICAL - 2022-10-16 05:24:07 --> Optional parameter $year declared before required parameter $gradeSectionID is implicitly treated as a required parameter
in APPPATH\Controllers\Home.php on line 334.
 1 SYSTEMPATH\Autoloader\Autoloader.php(284): CodeIgniter\Debug\Exceptions->errorHandler(8192, 'Optional parameter $year declared before required parameter $gradeSectionID is implicitly treated as a required parameter', 'APPPATH\\Controllers\\Home.php', 334)
 2 SYSTEMPATH\Autoloader\Autoloader.php(284): include_once()
 3 SYSTEMPATH\Autoloader\Autoloader.php(261): CodeIgniter\Autoloader\Autoloader->includeFile('APPPATH\\Controllers\\Home.php')
 4 SYSTEMPATH\Autoloader\Autoloader.php(239): CodeIgniter\Autoloader\Autoloader->loadInNamespace('App\\Controllers\\Home')
 5 [internal function]: CodeIgniter\Autoloader\Autoloader->loadClass('App\\Controllers\\Home')
 6 SYSTEMPATH\CodeIgniter.php(848): class_exists('\\App\\Controllers\\Home', true)
 7 SYSTEMPATH\CodeIgniter.php(455): CodeIgniter\CodeIgniter->startController()
 8 SYSTEMPATH\CodeIgniter.php(351): CodeIgniter\CodeIgniter->handleRequest(null, Object(Config\Cache), false)
 9 FCPATH\index.php(55): CodeIgniter\CodeIgniter->run()
10 SYSTEMPATH\Commands\Server\rewrite.php(43): require_once('FCPATH\\index.php')
CRITICAL - 2022-10-16 05:24:10 --> Optional parameter $year declared before required parameter $gradeSectionID is implicitly treated as a required parameter
in APPPATH\Controllers\Home.php on line 334.
 1 SYSTEMPATH\Autoloader\Autoloader.php(284): CodeIgniter\Debug\Exceptions->errorHandler(8192, 'Optional parameter $year declared before required parameter $gradeSectionID is implicitly treated as a required parameter', 'APPPATH\\Controllers\\Home.php', 334)
 2 SYSTEMPATH\Autoloader\Autoloader.php(284): include_once()
 3 SYSTEMPATH\Autoloader\Autoloader.php(261): CodeIgniter\Autoloader\Autoloader->includeFile('APPPATH\\Controllers\\Home.php')
 4 SYSTEMPATH\Autoloader\Autoloader.php(239): CodeIgniter\Autoloader\Autoloader->loadInNamespace('App\\Controllers\\Home')
 5 [internal function]: CodeIgniter\Autoloader\Autoloader->loadClass('App\\Controllers\\Home')
 6 SYSTEMPATH\CodeIgniter.php(848): class_exists('\\App\\Controllers\\Home', true)
 7 SYSTEMPATH\CodeIgniter.php(455): CodeIgniter\CodeIgniter->startController()
 8 SYSTEMPATH\CodeIgniter.php(351): CodeIgniter\CodeIgniter->handleRequest(null, Object(Config\Cache), false)
 9 FCPATH\index.php(55): CodeIgniter\CodeIgniter->run()
10 SYSTEMPATH\Commands\Server\rewrite.php(43): require_once('FCPATH\\index.php')
CRITICAL - 2022-10-16 05:24:12 --> Optional parameter $year declared before required parameter $gradeSectionID is implicitly treated as a required parameter
in APPPATH\Controllers\Home.php on line 334.
 1 SYSTEMPATH\Autoloader\Autoloader.php(284): CodeIgniter\Debug\Exceptions->errorHandler(8192, 'Optional parameter $year declared before required parameter $gradeSectionID is implicitly treated as a required parameter', 'APPPATH\\Controllers\\Home.php', 334)
 2 SYSTEMPATH\Autoloader\Autoloader.php(284): include_once()
 3 SYSTEMPATH\Autoloader\Autoloader.php(261): CodeIgniter\Autoloader\Autoloader->includeFile('APPPATH\\Controllers\\Home.php')
 4 SYSTEMPATH\Autoloader\Autoloader.php(239): CodeIgniter\Autoloader\Autoloader->loadInNamespace('App\\Controllers\\Home')
 5 [internal function]: CodeIgniter\Autoloader\Autoloader->loadClass('App\\Controllers\\Home')
 6 SYSTEMPATH\CodeIgniter.php(848): class_exists('\\App\\Controllers\\Home', true)
 7 SYSTEMPATH\CodeIgniter.php(455): CodeIgniter\CodeIgniter->startController()
 8 SYSTEMPATH\CodeIgniter.php(351): CodeIgniter\CodeIgniter->handleRequest(null, Object(Config\Cache), false)
 9 FCPATH\index.php(55): CodeIgniter\CodeIgniter->run()
10 SYSTEMPATH\Commands\Server\rewrite.php(43): require_once('FCPATH\\index.php')
CRITICAL - 2022-10-16 05:24:14 --> Optional parameter $year declared before required parameter $gradeSectionID is implicitly treated as a required parameter
in APPPATH\Controllers\Home.php on line 334.
 1 SYSTEMPATH\Autoloader\Autoloader.php(284): CodeIgniter\Debug\Exceptions->errorHandler(8192, 'Optional parameter $year declared before required parameter $gradeSectionID is implicitly treated as a required parameter', 'APPPATH\\Controllers\\Home.php', 334)
 2 SYSTEMPATH\Autoloader\Autoloader.php(284): include_once()
 3 SYSTEMPATH\Autoloader\Autoloader.php(261): CodeIgniter\Autoloader\Autoloader->includeFile('APPPATH\\Controllers\\Home.php')
 4 SYSTEMPATH\Autoloader\Autoloader.php(239): CodeIgniter\Autoloader\Autoloader->loadInNamespace('App\\Controllers\\Home')
 5 [internal function]: CodeIgniter\Autoloader\Autoloader->loadClass('App\\Controllers\\Home')
 6 SYSTEMPATH\CodeIgniter.php(848): class_exists('\\App\\Controllers\\Home', true)
 7 SYSTEMPATH\CodeIgniter.php(455): CodeIgniter\CodeIgniter->startController()
 8 SYSTEMPATH\CodeIgniter.php(351): CodeIgniter\CodeIgniter->handleRequest(null, Object(Config\Cache), false)
 9 FCPATH\index.php(55): CodeIgniter\CodeIgniter->run()
10 SYSTEMPATH\Commands\Server\rewrite.php(43): require_once('FCPATH\\index.php')
CRITICAL - 2022-10-16 05:24:26 --> Optional parameter $year declared before required parameter $gradeSectionID is implicitly treated as a required parameter
in APPPATH\Controllers\Home.php on line 334.
 1 SYSTEMPATH\Autoloader\Autoloader.php(284): CodeIgniter\Debug\Exceptions->errorHandler(8192, 'Optional parameter $year declared before required parameter $gradeSectionID is implicitly treated as a required parameter', 'APPPATH\\Controllers\\Home.php', 334)
 2 SYSTEMPATH\Autoloader\Autoloader.php(284): include_once()
 3 SYSTEMPATH\Autoloader\Autoloader.php(261): CodeIgniter\Autoloader\Autoloader->includeFile('APPPATH\\Controllers\\Home.php')
 4 SYSTEMPATH\Autoloader\Autoloader.php(239): CodeIgniter\Autoloader\Autoloader->loadInNamespace('App\\Controllers\\Home')
 5 [internal function]: CodeIgniter\Autoloader\Autoloader->loadClass('App\\Controllers\\Home')
 6 SYSTEMPATH\CodeIgniter.php(848): class_exists('\\App\\Controllers\\Home', true)
 7 SYSTEMPATH\CodeIgniter.php(455): CodeIgniter\CodeIgniter->startController()
 8 SYSTEMPATH\CodeIgniter.php(351): CodeIgniter\CodeIgniter->handleRequest(null, Object(Config\Cache), false)
 9 FCPATH\index.php(55): CodeIgniter\CodeIgniter->run()
10 SYSTEMPATH\Commands\Server\rewrite.php(43): require_once('FCPATH\\index.php')
CRITICAL - 2022-10-16 05:32:07 --> Undefined variable $section
in APPPATH\Views\user\sections.php on line 88.
 1 APPPATH\Views\user\sections.php(88): CodeIgniter\Debug\Exceptions->errorHandler(2, 'Undefined variable $section', 'APPPATH\\Views\\user\\sections.php', 88)
 2 SYSTEMPATH\View\View.php(213): include('APPPATH\\Views\\user\\sections.php')
 3 SYSTEMPATH\View\View.php(216): CodeIgniter\View\View->CodeIgniter\View\{closure}()
 4 SYSTEMPATH\Common.php(1135): CodeIgniter\View\View->render('user/sections', [], true)
 5 APPPATH\Controllers\Home.php(328): view('user/sections', [...])
 6 SYSTEMPATH\CodeIgniter.php(898): App\Controllers\Home->section_list()
 7 SYSTEMPATH\CodeIgniter.php(468): CodeIgniter\CodeIgniter->runController(Object(App\Controllers\Home))
 8 SYSTEMPATH\CodeIgniter.php(351): CodeIgniter\CodeIgniter->handleRequest(null, Object(Config\Cache), false)
 9 FCPATH\index.php(55): CodeIgniter\CodeIgniter->run()
10 SYSTEMPATH\Commands\Server\rewrite.php(43): require_once('FCPATH\\index.php')
CRITICAL - 2022-10-16 05:33:03 --> Undefined variable $YEAR
in APPPATH\Controllers\Home.php on line 336.
 1 APPPATH\Controllers\Home.php(336): CodeIgniter\Debug\Exceptions->errorHandler(2, 'Undefined variable $YEAR', 'APPPATH\\Controllers\\Home.php', 336)
 2 SYSTEMPATH\CodeIgniter.php(898): App\Controllers\Home->section_attendance('MERCURY', '1', '1')
 3 SYSTEMPATH\CodeIgniter.php(468): CodeIgniter\CodeIgniter->runController(Object(App\Controllers\Home))
 4 SYSTEMPATH\CodeIgniter.php(351): CodeIgniter\CodeIgniter->handleRequest(null, Object(Config\Cache), false)
 5 FCPATH\index.php(55): CodeIgniter\CodeIgniter->run()
 6 SYSTEMPATH\Commands\Server\rewrite.php(43): require_once('FCPATH\\index.php')
CRITICAL - 2022-10-16 05:36:54 --> Undefined variable $year
in APPPATH\Controllers\Home.php on line 336.
 1 APPPATH\Controllers\Home.php(336): CodeIgniter\Debug\Exceptions->errorHandler(2, 'Undefined variable $year', 'APPPATH\\Controllers\\Home.php', 336)
 2 SYSTEMPATH\CodeIgniter.php(898): App\Controllers\Home->section_attendance('MERCURY', '1', '1')
 3 SYSTEMPATH\CodeIgniter.php(468): CodeIgniter\CodeIgniter->runController(Object(App\Controllers\Home))
 4 SYSTEMPATH\CodeIgniter.php(351): CodeIgniter\CodeIgniter->handleRequest(null, Object(Config\Cache), false)
 5 FCPATH\index.php(55): CodeIgniter\CodeIgniter->run()
 6 SYSTEMPATH\Commands\Server\rewrite.php(43): require_once('FCPATH\\index.php')
CRITICAL - 2022-10-16 18:50:19 --> Undefined variable $gradeSectionID
in APPPATH\Views\user\section_attendance.php on line 120.
 1 APPPATH\Views\user\section_attendance.php(120): CodeIgniter\Debug\Exceptions->errorHandler(2, 'Undefined variable $gradeSectionID', 'APPPATH\\Views\\user\\section_attendance.php', 120)
 2 SYSTEMPATH\View\View.php(213): include('APPPATH\\Views\\user\\section_attendance.php')
 3 SYSTEMPATH\View\View.php(216): CodeIgniter\View\View->CodeIgniter\View\{closure}()
 4 SYSTEMPATH\Common.php(1135): CodeIgniter\View\View->render('user/section_attendance', [], true)
 5 APPPATH\Controllers\Home.php(375): view('user/section_attendance', [...])
 6 SYSTEMPATH\CodeIgniter.php(898): App\Controllers\Home->section_attendance('VENUS', '1', '2')
 7 SYSTEMPATH\CodeIgniter.php(468): CodeIgniter\CodeIgniter->runController(Object(App\Controllers\Home))
 8 SYSTEMPATH\CodeIgniter.php(351): CodeIgniter\CodeIgniter->handleRequest(null, Object(Config\Cache), false)
 9 FCPATH\index.php(55): CodeIgniter\CodeIgniter->run()
10 SYSTEMPATH\Commands\Server\rewrite.php(43): require_once('FCPATH\\index.php')
CRITICAL - 2022-10-16 18:50:28 --> Undefined variable $gradeSectionID
in APPPATH\Views\user\section_attendance.php on line 120.
 1 APPPATH\Views\user\section_attendance.php(120): CodeIgniter\Debug\Exceptions->errorHandler(2, 'Undefined variable $gradeSectionID', 'APPPATH\\Views\\user\\section_attendance.php', 120)
 2 SYSTEMPATH\View\View.php(213): include('APPPATH\\Views\\user\\section_attendance.php')
 3 SYSTEMPATH\View\View.php(216): CodeIgniter\View\View->CodeIgniter\View\{closure}()
 4 SYSTEMPATH\Common.php(1135): CodeIgniter\View\View->render('user/section_attendance', [], true)
 5 APPPATH\Controllers\Home.php(375): view('user/section_attendance', [...])
 6 SYSTEMPATH\CodeIgniter.php(898): App\Controllers\Home->section_attendance('MERCURY', '1', '1')
 7 SYSTEMPATH\CodeIgniter.php(468): CodeIgniter\CodeIgniter->runController(Object(App\Controllers\Home))
 8 SYSTEMPATH\CodeIgniter.php(351): CodeIgniter\CodeIgniter->handleRequest(null, Object(Config\Cache), false)
 9 FCPATH\index.php(55): CodeIgniter\CodeIgniter->run()
10 SYSTEMPATH\Commands\Server\rewrite.php(43): require_once('FCPATH\\index.php')
ERROR - 2022-10-16 18:54:26 --> Column 'TEACHER_ID' cannot be null
CRITICAL - 2022-10-16 18:54:26 --> Column 'TEACHER_ID' cannot be null
in SYSTEMPATH\Database\MySQLi\Connection.php on line 292.
 1 SYSTEMPATH\Database\MySQLi\Connection.php(292): mysqli->query('INSERT INTO `student_attendance` (`TIME_IN`, `STUDENT_ID`, `GRADE_SECTION_ID`, `DATE_START`, `DATE_END`, `DATE`, `TEACHER_ID`) VALUES (NULL, \'1\', \'1\', \'2022-10-16T20:54\', \'2022-10-16T22:54\', \'2022-10-16\', NULL)', 0)
 2 SYSTEMPATH\Database\BaseConnection.php(678): CodeIgniter\Database\MySQLi\Connection->execute('INSERT INTO `student_attendance` (`TIME_IN`, `STUDENT_ID`, `GRADE_SECTION_ID`, `DATE_START`, `DATE_END`, `DATE`, `TEACHER_ID`) VALUES (NULL, \'1\', \'1\', \'2022-10-16T20:54\', \'2022-10-16T22:54\', \'2022-10-16\', NULL)')
 3 SYSTEMPATH\Database\BaseConnection.php(606): CodeIgniter\Database\BaseConnection->simpleQuery('INSERT INTO `student_attendance` (`TIME_IN`, `STUDENT_ID`, `GRADE_SECTION_ID`, `DATE_START`, `DATE_END`, `DATE`, `TEACHER_ID`) VALUES (NULL, \'1\', \'1\', \'2022-10-16T20:54\', \'2022-10-16T22:54\', \'2022-10-16\', NULL)')
 4 SYSTEMPATH\Database\BaseBuilder.php(1904): CodeIgniter\Database\BaseConnection->query('INSERT INTO `student_attendance` (`TIME_IN`, `STUDENT_ID`, `GRADE_SECTION_ID`, `DATE_START`, `DATE_END`, `DATE`, `TEACHER_ID`) VALUES (:TIME_IN:, :STUDENT_ID:, :GRADE_SECTION_ID:, :DATE_START:, :DATE_END:, :DATE:, :TEACHER_ID:)', [...], false)
 5 SYSTEMPATH\Model.php(278): CodeIgniter\Database\BaseBuilder->insert()
 6 SYSTEMPATH\BaseModel.php(738): CodeIgniter\Model->doInsert([...])
 7 SYSTEMPATH\Model.php(666): CodeIgniter\BaseModel->insert([...], false)
 8 SYSTEMPATH\BaseModel.php(658): CodeIgniter\Model->insert([...], false)
 9 APPPATH\Controllers\Home.php(415): CodeIgniter\BaseModel->save([...])
10 SYSTEMPATH\CodeIgniter.php(898): App\Controllers\Home->add_section_attendance()
11 SYSTEMPATH\CodeIgniter.php(468): CodeIgniter\CodeIgniter->runController(Object(App\Controllers\Home))
12 SYSTEMPATH\CodeIgniter.php(351): CodeIgniter\CodeIgniter->handleRequest(null, Object(Config\Cache), false)
13 FCPATH\index.php(55): CodeIgniter\CodeIgniter->run()
14 SYSTEMPATH\Commands\Server\rewrite.php(43): require_once('FCPATH\\index.php')
ERROR - 2022-10-16 18:55:44 --> Column 'TEACHER_ID' cannot be null
CRITICAL - 2022-10-16 18:55:44 --> Column 'TEACHER_ID' cannot be null
in SYSTEMPATH\Database\MySQLi\Connection.php on line 292.
 1 SYSTEMPATH\Database\MySQLi\Connection.php(292): mysqli->query('INSERT INTO `student_attendance` (`TIME_IN`, `STUDENT_ID`, `GRADE_SECTION_ID`, `DATE_START`, `DATE_END`, `DATE`, `TEACHER_ID`) VALUES (NULL, \'1\', \'1\', \'2022-10-16T22:55\', \'2022-10-16T23:55\', \'2022-10-16\', NULL)', 0)
 2 SYSTEMPATH\Database\BaseConnection.php(678): CodeIgniter\Database\MySQLi\Connection->execute('INSERT INTO `student_attendance` (`TIME_IN`, `STUDENT_ID`, `GRADE_SECTION_ID`, `DATE_START`, `DATE_END`, `DATE`, `TEACHER_ID`) VALUES (NULL, \'1\', \'1\', \'2022-10-16T22:55\', \'2022-10-16T23:55\', \'2022-10-16\', NULL)')
 3 SYSTEMPATH\Database\BaseConnection.php(606): CodeIgniter\Database\BaseConnection->simpleQuery('INSERT INTO `student_attendance` (`TIME_IN`, `STUDENT_ID`, `GRADE_SECTION_ID`, `DATE_START`, `DATE_END`, `DATE`, `TEACHER_ID`) VALUES (NULL, \'1\', \'1\', \'2022-10-16T22:55\', \'2022-10-16T23:55\', \'2022-10-16\', NULL)')
 4 SYSTEMPATH\Database\BaseBuilder.php(1904): CodeIgniter\Database\BaseConnection->query('INSERT INTO `student_attendance` (`TIME_IN`, `STUDENT_ID`, `GRADE_SECTION_ID`, `DATE_START`, `DATE_END`, `DATE`, `TEACHER_ID`) VALUES (:TIME_IN:, :STUDENT_ID:, :GRADE_SECTION_ID:, :DATE_START:, :DATE_END:, :DATE:, :TEACHER_ID:)', [...], false)
 5 SYSTEMPATH\Model.php(278): CodeIgniter\Database\BaseBuilder->insert()
 6 SYSTEMPATH\BaseModel.php(738): CodeIgniter\Model->doInsert([...])
 7 SYSTEMPATH\Model.php(666): CodeIgniter\BaseModel->insert([...], false)
 8 SYSTEMPATH\BaseModel.php(658): CodeIgniter\Model->insert([...], false)
 9 APPPATH\Controllers\Home.php(416): CodeIgniter\BaseModel->save([...])
10 SYSTEMPATH\CodeIgniter.php(898): App\Controllers\Home->add_section_attendance()
11 SYSTEMPATH\CodeIgniter.php(468): CodeIgniter\CodeIgniter->runController(Object(App\Controllers\Home))
12 SYSTEMPATH\CodeIgniter.php(351): CodeIgniter\CodeIgniter->handleRequest(null, Object(Config\Cache), false)
13 FCPATH\index.php(55): CodeIgniter\CodeIgniter->run()
14 SYSTEMPATH\Commands\Server\rewrite.php(43): require_once('FCPATH\\index.php')
CRITICAL - 2022-10-16 18:57:59 --> Undefined variable $teacherID
in APPPATH\Controllers\Home.php on line 408.
 1 APPPATH\Controllers\Home.php(408): CodeIgniter\Debug\Exceptions->errorHandler(2, 'Undefined variable $teacherID', 'APPPATH\\Controllers\\Home.php', 408)
 2 SYSTEMPATH\CodeIgniter.php(898): App\Controllers\Home->add_section_attendance()
 3 SYSTEMPATH\CodeIgniter.php(468): CodeIgniter\CodeIgniter->runController(Object(App\Controllers\Home))
 4 SYSTEMPATH\CodeIgniter.php(351): CodeIgniter\CodeIgniter->handleRequest(null, Object(Config\Cache), false)
 5 FCPATH\index.php(55): CodeIgniter\CodeIgniter->run()
 6 SYSTEMPATH\Commands\Server\rewrite.php(43): require_once('FCPATH\\index.php')
ERROR - 2022-10-16 18:58:19 --> Column 'TEACHER_ID' cannot be null
CRITICAL - 2022-10-16 18:58:19 --> Column 'TEACHER_ID' cannot be null
in SYSTEMPATH\Database\MySQLi\Connection.php on line 292.
 1 SYSTEMPATH\Database\MySQLi\Connection.php(292): mysqli->query('INSERT INTO `student_attendance` (`TIME_IN`, `STUDENT_ID`, `GRADE_SECTION_ID`, `DATE_START`, `DATE_END`, `DATE`, `TEACHER_ID`) VALUES (NULL, \'1\', \'1\', \'2022-10-16T18:59\', \'2022-10-16T19:00\', \'2022-10-16\', NULL)', 0)
 2 SYSTEMPATH\Database\BaseConnection.php(678): CodeIgniter\Database\MySQLi\Connection->execute('INSERT INTO `student_attendance` (`TIME_IN`, `STUDENT_ID`, `GRADE_SECTION_ID`, `DATE_START`, `DATE_END`, `DATE`, `TEACHER_ID`) VALUES (NULL, \'1\', \'1\', \'2022-10-16T18:59\', \'2022-10-16T19:00\', \'2022-10-16\', NULL)')
 3 SYSTEMPATH\Database\BaseConnection.php(606): CodeIgniter\Database\BaseConnection->simpleQuery('INSERT INTO `student_attendance` (`TIME_IN`, `STUDENT_ID`, `GRADE_SECTION_ID`, `DATE_START`, `DATE_END`, `DATE`, `TEACHER_ID`) VALUES (NULL, \'1\', \'1\', \'2022-10-16T18:59\', \'2022-10-16T19:00\', \'2022-10-16\', NULL)')
 4 SYSTEMPATH\Database\BaseBuilder.php(1904): CodeIgniter\Database\BaseConnection->query('INSERT INTO `student_attendance` (`TIME_IN`, `STUDENT_ID`, `GRADE_SECTION_ID`, `DATE_START`, `DATE_END`, `DATE`, `TEACHER_ID`) VALUES (:TIME_IN:, :STUDENT_ID:, :GRADE_SECTION_ID:, :DATE_START:, :DATE_END:, :DATE:, :TEACHER_ID:)', [...], false)
 5 SYSTEMPATH\Model.php(278): CodeIgniter\Database\BaseBuilder->insert()
 6 SYSTEMPATH\BaseModel.php(738): CodeIgniter\Model->doInsert([...])
 7 SYSTEMPATH\Model.php(666): CodeIgniter\BaseModel->insert([...], false)
 8 SYSTEMPATH\BaseModel.php(658): CodeIgniter\Model->insert([...], false)
 9 APPPATH\Controllers\Home.php(416): CodeIgniter\BaseModel->save([...])
10 SYSTEMPATH\CodeIgniter.php(898): App\Controllers\Home->add_section_attendance()
11 SYSTEMPATH\CodeIgniter.php(468): CodeIgniter\CodeIgniter->runController(Object(App\Controllers\Home))
12 SYSTEMPATH\CodeIgniter.php(351): CodeIgniter\CodeIgniter->handleRequest(null, Object(Config\Cache), false)
13 FCPATH\index.php(55): CodeIgniter\CodeIgniter->run()
14 SYSTEMPATH\Commands\Server\rewrite.php(43): require_once('FCPATH\\index.php')
ERROR - 2022-10-16 19:00:06 --> Cannot add or update a child row: a foreign key constraint fails (`attendance_management_system`.`student_attendance`, CONSTRAINT `student_attendance_ibfk_3` FOREIGN KEY (`TEACHER_ID`) REFERENCES `account` (`ID`))
CRITICAL - 2022-10-16 19:00:06 --> Cannot add or update a child row: a foreign key constraint fails (`attendance_management_system`.`student_attendance`, CONSTRAINT `student_attendance_ibfk_3` FOREIGN KEY (`TEACHER_ID`) REFERENCES `account` (`ID`))
in SYSTEMPATH\Database\MySQLi\Connection.php on line 292.
 1 SYSTEMPATH\Database\MySQLi\Connection.php(292): mysqli->query('INSERT INTO `student_attendance` (`TIME_IN`, `STUDENT_ID`, `GRADE_SECTION_ID`, `DATE_START`, `DATE_END`, `DATE`) VALUES (NULL, \'1\', \'1\', \'2022-10-16T19:00\', \'2022-10-16T19:05\', \'2022-10-16\')', 0)
 2 SYSTEMPATH\Database\BaseConnection.php(678): CodeIgniter\Database\MySQLi\Connection->execute('INSERT INTO `student_attendance` (`TIME_IN`, `STUDENT_ID`, `GRADE_SECTION_ID`, `DATE_START`, `DATE_END`, `DATE`) VALUES (NULL, \'1\', \'1\', \'2022-10-16T19:00\', \'2022-10-16T19:05\', \'2022-10-16\')')
 3 SYSTEMPATH\Database\BaseConnection.php(606): CodeIgniter\Database\BaseConnection->simpleQuery('INSERT INTO `student_attendance` (`TIME_IN`, `STUDENT_ID`, `GRADE_SECTION_ID`, `DATE_START`, `DATE_END`, `DATE`) VALUES (NULL, \'1\', \'1\', \'2022-10-16T19:00\', \'2022-10-16T19:05\', \'2022-10-16\')')
 4 SYSTEMPATH\Database\BaseBuilder.php(1904): CodeIgniter\Database\BaseConnection->query('INSERT INTO `student_attendance` (`TIME_IN`, `STUDENT_ID`, `GRADE_SECTION_ID`, `DATE_START`, `DATE_END`, `DATE`) VALUES (:TIME_IN:, :STUDENT_ID:, :GRADE_SECTION_ID:, :DATE_START:, :DATE_END:, :DATE:)', [...], false)
 5 SYSTEMPATH\Model.php(278): CodeIgniter\Database\BaseBuilder->insert()
 6 SYSTEMPATH\BaseModel.php(738): CodeIgniter\Model->doInsert([...])
 7 SYSTEMPATH\Model.php(666): CodeIgniter\BaseModel->insert([...], false)
 8 SYSTEMPATH\BaseModel.php(658): CodeIgniter\Model->insert([...], false)
 9 APPPATH\Controllers\Home.php(416): CodeIgniter\BaseModel->save([...])
10 SYSTEMPATH\CodeIgniter.php(898): App\Controllers\Home->add_section_attendance()
11 SYSTEMPATH\CodeIgniter.php(468): CodeIgniter\CodeIgniter->runController(Object(App\Controllers\Home))
12 SYSTEMPATH\CodeIgniter.php(351): CodeIgniter\CodeIgniter->handleRequest(null, Object(Config\Cache), false)
13 FCPATH\index.php(55): CodeIgniter\CodeIgniter->run()
14 SYSTEMPATH\Commands\Server\rewrite.php(43): require_once('FCPATH\\index.php')
ERROR - 2022-10-16 19:02:25 --> Cannot add or update a child row: a foreign key constraint fails (`attendance_management_system`.`student_attendance`, CONSTRAINT `student_attendance_ibfk_3` FOREIGN KEY (`TEACHER_ID`) REFERENCES `account` (`ID`))
CRITICAL - 2022-10-16 19:02:25 --> Cannot add or update a child row: a foreign key constraint fails (`attendance_management_system`.`student_attendance`, CONSTRAINT `student_attendance_ibfk_3` FOREIGN KEY (`TEACHER_ID`) REFERENCES `account` (`ID`))
in SYSTEMPATH\Database\MySQLi\Connection.php on line 292.
 1 SYSTEMPATH\Database\MySQLi\Connection.php(292): mysqli->query('INSERT INTO `student_attendance` (`TIME_IN`, `STUDENT_ID`, `GRADE_SECTION_ID`, `DATE_START`, `DATE_END`, `DATE`) VALUES (NULL, \'1\', \'1\', \'2022-10-16T19:03\', \'2022-10-16T19:04\', \'2022-10-16\')', 0)
 2 SYSTEMPATH\Database\BaseConnection.php(678): CodeIgniter\Database\MySQLi\Connection->execute('INSERT INTO `student_attendance` (`TIME_IN`, `STUDENT_ID`, `GRADE_SECTION_ID`, `DATE_START`, `DATE_END`, `DATE`) VALUES (NULL, \'1\', \'1\', \'2022-10-16T19:03\', \'2022-10-16T19:04\', \'2022-10-16\')')
 3 SYSTEMPATH\Database\BaseConnection.php(606): CodeIgniter\Database\BaseConnection->simpleQuery('INSERT INTO `student_attendance` (`TIME_IN`, `STUDENT_ID`, `GRADE_SECTION_ID`, `DATE_START`, `DATE_END`, `DATE`) VALUES (NULL, \'1\', \'1\', \'2022-10-16T19:03\', \'2022-10-16T19:04\', \'2022-10-16\')')
 4 SYSTEMPATH\Database\BaseBuilder.php(1904): CodeIgniter\Database\BaseConnection->query('INSERT INTO `student_attendance` (`TIME_IN`, `STUDENT_ID`, `GRADE_SECTION_ID`, `DATE_START`, `DATE_END`, `DATE`) VALUES (:TIME_IN:, :STUDENT_ID:, :GRADE_SECTION_ID:, :DATE_START:, :DATE_END:, :DATE:)', [...], false)
 5 SYSTEMPATH\Model.php(278): CodeIgniter\Database\BaseBuilder->insert()
 6 SYSTEMPATH\BaseModel.php(738): CodeIgniter\Model->doInsert([...])
 7 SYSTEMPATH\Model.php(666): CodeIgniter\BaseModel->insert([...], false)
 8 SYSTEMPATH\BaseModel.php(658): CodeIgniter\Model->insert([...], false)
 9 APPPATH\Controllers\Home.php(417): CodeIgniter\BaseModel->save([...])
10 SYSTEMPATH\CodeIgniter.php(898): App\Controllers\Home->add_section_attendance()
11 SYSTEMPATH\CodeIgniter.php(468): CodeIgniter\CodeIgniter->runController(Object(App\Controllers\Home))
12 SYSTEMPATH\CodeIgniter.php(351): CodeIgniter\CodeIgniter->handleRequest(null, Object(Config\Cache), false)
13 FCPATH\index.php(55): CodeIgniter\CodeIgniter->run()
14 SYSTEMPATH\Commands\Server\rewrite.php(43): require_once('FCPATH\\index.php')
ERROR - 2022-10-16 19:03:25 --> Column 'TEACHER_ID' cannot be null
CRITICAL - 2022-10-16 19:03:25 --> Column 'TEACHER_ID' cannot be null
in SYSTEMPATH\Database\MySQLi\Connection.php on line 292.
 1 SYSTEMPATH\Database\MySQLi\Connection.php(292): mysqli->query('INSERT INTO `student_attendance` (`TIME_IN`, `STUDENT_ID`, `GRADE_SECTION_ID`, `DATE_START`, `DATE_END`, `DATE`, `TEACHER_ID`) VALUES (NULL, \'1\', \'1\', \'2022-10-16T19:05\', \'2022-10-16T19:10\', \'2022-10-16\', NULL)', 0)
 2 SYSTEMPATH\Database\BaseConnection.php(678): CodeIgniter\Database\MySQLi\Connection->execute('INSERT INTO `student_attendance` (`TIME_IN`, `STUDENT_ID`, `GRADE_SECTION_ID`, `DATE_START`, `DATE_END`, `DATE`, `TEACHER_ID`) VALUES (NULL, \'1\', \'1\', \'2022-10-16T19:05\', \'2022-10-16T19:10\', \'2022-10-16\', NULL)')
 3 SYSTEMPATH\Database\BaseConnection.php(606): CodeIgniter\Database\BaseConnection->simpleQuery('INSERT INTO `student_attendance` (`TIME_IN`, `STUDENT_ID`, `GRADE_SECTION_ID`, `DATE_START`, `DATE_END`, `DATE`, `TEACHER_ID`) VALUES (NULL, \'1\', \'1\', \'2022-10-16T19:05\', \'2022-10-16T19:10\', \'2022-10-16\', NULL)')
 4 SYSTEMPATH\Database\BaseBuilder.php(1904): CodeIgniter\Database\BaseConnection->query('INSERT INTO `student_attendance` (`TIME_IN`, `STUDENT_ID`, `GRADE_SECTION_ID`, `DATE_START`, `DATE_END`, `DATE`, `TEACHER_ID`) VALUES (:TIME_IN:, :STUDENT_ID:, :GRADE_SECTION_ID:, :DATE_START:, :DATE_END:, :DATE:, :TEACHER_ID:)', [...], false)
 5 SYSTEMPATH\Model.php(278): CodeIgniter\Database\BaseBuilder->insert()
 6 SYSTEMPATH\BaseModel.php(738): CodeIgniter\Model->doInsert([...])
 7 SYSTEMPATH\Model.php(666): CodeIgniter\BaseModel->insert([...], false)
 8 SYSTEMPATH\BaseModel.php(658): CodeIgniter\Model->insert([...], false)
 9 APPPATH\Controllers\Home.php(418): CodeIgniter\BaseModel->save([...])
10 SYSTEMPATH\CodeIgniter.php(898): App\Controllers\Home->add_section_attendance()
11 SYSTEMPATH\CodeIgniter.php(468): CodeIgniter\CodeIgniter->runController(Object(App\Controllers\Home))
12 SYSTEMPATH\CodeIgniter.php(351): CodeIgniter\CodeIgniter->handleRequest(null, Object(Config\Cache), false)
13 FCPATH\index.php(55): CodeIgniter\CodeIgniter->run()
14 SYSTEMPATH\Commands\Server\rewrite.php(43): require_once('FCPATH\\index.php')
CRITICAL - 2022-10-16 19:06:55 --> CodeIgniter\HTTP\RedirectResponse::to(): Argument #2 ($code) must be of type ?int, string given, called in C:\Users\Nash\Desktop\PROJECTS\MYPROJECTS\THESIS\WEB\Web-and-Mobile-Attendance-System\app\Controllers\Home.php on line 430
in SYSTEMPATH\HTTP\RedirectResponse.php on line 32.
 1 APPPATH\Controllers\Home.php(430): CodeIgniter\HTTP\RedirectResponse->to('gradeSection', 'test', 1, 'test')
 2 SYSTEMPATH\CodeIgniter.php(898): App\Controllers\Home->add_section_attendance()
 3 SYSTEMPATH\CodeIgniter.php(468): CodeIgniter\CodeIgniter->runController(Object(App\Controllers\Home))
 4 SYSTEMPATH\CodeIgniter.php(351): CodeIgniter\CodeIgniter->handleRequest(null, Object(Config\Cache), false)
 5 FCPATH\index.php(55): CodeIgniter\CodeIgniter->run()
 6 SYSTEMPATH\Commands\Server\rewrite.php(43): require_once('FCPATH\\index.php')
CRITICAL - 2022-10-16 19:08:28 --> Unsupported operand types: string + int
in APPPATH\Views\user\section_attendance.php on line 75.
 1 SYSTEMPATH\View\View.php(213): include()
 2 SYSTEMPATH\View\View.php(216): CodeIgniter\View\View->CodeIgniter\View\{closure}()
 3 SYSTEMPATH\Common.php(1135): CodeIgniter\View\View->render('user/section_attendance', [], true)
 4 APPPATH\Controllers\Home.php(368): view('user/section_attendance', [...])
 5 SYSTEMPATH\CodeIgniter.php(898): App\Controllers\Home->section_attendance('1', 'test', '1')
 6 SYSTEMPATH\CodeIgniter.php(468): CodeIgniter\CodeIgniter->runController(Object(App\Controllers\Home))
 7 SYSTEMPATH\CodeIgniter.php(351): CodeIgniter\CodeIgniter->handleRequest(null, Object(Config\Cache), false)
 8 FCPATH\index.php(55): CodeIgniter\CodeIgniter->run()
 9 SYSTEMPATH\Commands\Server\rewrite.php(43): require_once('FCPATH\\index.php')
