CRITICAL - 2022-09-24 06:56:28 --> Call to undefined function CodeIgniter\locale_set_default()
in SYSTEMPATH\CodeIgniter.php on line 193.
 1 ROOTPATH\spark(71): CodeIgniter\CodeIgniter->initialize()
CRITICAL - 2022-09-24 00:03:15 --> syntax error, unexpected ')', expecting variable (T_VARIABLE)
in APPPATH\Controllers\PdfController.php on line 32.
 1 SYSTEMPATH\Autoloader\Autoloader.php(261): CodeIgniter\Autoloader\Autoloader->includeFile('APPPATH\\Controllers\\PdfController.php')
 2 SYSTEMPATH\Autoloader\Autoloader.php(239): CodeIgniter\Autoloader\Autoloader->loadInNamespace('App\\Controllers\\PdfController')
 3 [internal function]: CodeIgniter\Autoloader\Autoloader->loadClass('App\\Controllers\\PdfController')
 4 [internal function]: spl_autoload_call('App\\Controllers\\PdfController')
 5 SYSTEMPATH\CodeIgniter.php(848): class_exists('\\App\\Controllers\\PdfController', true)
 6 SYSTEMPATH\CodeIgniter.php(455): CodeIgniter\CodeIgniter->startController()
 7 SYSTEMPATH\CodeIgniter.php(351): CodeIgniter\CodeIgniter->handleRequest(null, Object(Config\Cache), false)
 8 FCPATH\index.php(55): CodeIgniter\CodeIgniter->run()
 9 SYSTEMPATH\Commands\Server\rewrite.php(43): require_once('FCPATH\\index.php')
CRITICAL - 2022-09-24 00:07:05 --> Argument 1 passed to CodeIgniter\HTTP\RedirectResponse::to() must be of the type string, null given, called in C:\Users\Nash\Desktop\PROJECTS\MYPROJECTS\THESIS\WEB\Web-and-Mobile-Attendance-System\app\Controllers\PdfController.php on line 77
in SYSTEMPATH\HTTP\RedirectResponse.php on line 32.
 1 APPPATH\Controllers\PdfController.php(77): CodeIgniter\HTTP\RedirectResponse->to(null)
 2 SYSTEMPATH\CodeIgniter.php(898): App\Controllers\PdfController->studenHTMLTOPDF('1')
 3 SYSTEMPATH\CodeIgniter.php(468): CodeIgniter\CodeIgniter->runController(Object(App\Controllers\PdfController))
 4 SYSTEMPATH\CodeIgniter.php(351): CodeIgniter\CodeIgniter->handleRequest(null, Object(Config\Cache), false)
 5 FCPATH\index.php(55): CodeIgniter\CodeIgniter->run()
 6 SYSTEMPATH\Commands\Server\rewrite.php(43): require_once('FCPATH\\index.php')
CRITICAL - 2022-09-24 05:14:24 --> Trying to access array offset on value of type null
in APPPATH\Views\user\teachersettings.php on line 77.
 1 APPPATH\Views\user\teachersettings.php(77): CodeIgniter\Debug\Exceptions->errorHandler(8, 'Trying to access array offset on value of type null', 'APPPATH\\Views\\user\\teachersettings.php', 77, [...])
 2 SYSTEMPATH\View\View.php(213): include('APPPATH\\Views\\user\\teachersettings.php')
 3 SYSTEMPATH\View\View.php(216): CodeIgniter\View\View->CodeIgniter\View\{closure}()
 4 SYSTEMPATH\Common.php(1135): CodeIgniter\View\View->render('user/teachersettings', [], true)
 5 APPPATH\Controllers\Home.php(37): view('user/teachersettings', [...])
 6 SYSTEMPATH\CodeIgniter.php(898): App\Controllers\Home->teacher_setting()
 7 SYSTEMPATH\CodeIgniter.php(468): CodeIgniter\CodeIgniter->runController(Object(App\Controllers\Home))
 8 SYSTEMPATH\CodeIgniter.php(351): CodeIgniter\CodeIgniter->handleRequest(null, Object(Config\Cache), false)
 9 FCPATH\index.php(55): CodeIgniter\CodeIgniter->run()
10 SYSTEMPATH\Commands\Server\rewrite.php(43): require_once('FCPATH\\index.php')
CRITICAL - 2022-09-24 05:14:33 --> Trying to access array offset on value of type null
in APPPATH\Views\user\teachersettings.php on line 77.
 1 APPPATH\Views\user\teachersettings.php(77): CodeIgniter\Debug\Exceptions->errorHandler(8, 'Trying to access array offset on value of type null', 'APPPATH\\Views\\user\\teachersettings.php', 77, [...])
 2 SYSTEMPATH\View\View.php(213): include('APPPATH\\Views\\user\\teachersettings.php')
 3 SYSTEMPATH\View\View.php(216): CodeIgniter\View\View->CodeIgniter\View\{closure}()
 4 SYSTEMPATH\Common.php(1135): CodeIgniter\View\View->render('user/teachersettings', [], true)
 5 APPPATH\Controllers\Home.php(37): view('user/teachersettings', [...])
 6 SYSTEMPATH\CodeIgniter.php(898): App\Controllers\Home->teacher_setting()
 7 SYSTEMPATH\CodeIgniter.php(468): CodeIgniter\CodeIgniter->runController(Object(App\Controllers\Home))
 8 SYSTEMPATH\CodeIgniter.php(351): CodeIgniter\CodeIgniter->handleRequest(null, Object(Config\Cache), false)
 9 FCPATH\index.php(55): CodeIgniter\CodeIgniter->run()
10 SYSTEMPATH\Commands\Server\rewrite.php(43): require_once('FCPATH\\index.php')
CRITICAL - 2022-09-24 05:14:49 --> Trying to access array offset on value of type null
in APPPATH\Views\user\teachersettings.php on line 77.
 1 APPPATH\Views\user\teachersettings.php(77): CodeIgniter\Debug\Exceptions->errorHandler(8, 'Trying to access array offset on value of type null', 'APPPATH\\Views\\user\\teachersettings.php', 77, [...])
 2 SYSTEMPATH\View\View.php(213): include('APPPATH\\Views\\user\\teachersettings.php')
 3 SYSTEMPATH\View\View.php(216): CodeIgniter\View\View->CodeIgniter\View\{closure}()
 4 SYSTEMPATH\Common.php(1135): CodeIgniter\View\View->render('user/teachersettings', [], true)
 5 APPPATH\Controllers\Home.php(37): view('user/teachersettings', [...])
 6 SYSTEMPATH\CodeIgniter.php(898): App\Controllers\Home->teacher_setting()
 7 SYSTEMPATH\CodeIgniter.php(468): CodeIgniter\CodeIgniter->runController(Object(App\Controllers\Home))
 8 SYSTEMPATH\CodeIgniter.php(351): CodeIgniter\CodeIgniter->handleRequest(null, Object(Config\Cache), false)
 9 FCPATH\index.php(55): CodeIgniter\CodeIgniter->run()
10 SYSTEMPATH\Commands\Server\rewrite.php(43): require_once('FCPATH\\index.php')
CRITICAL - 2022-09-24 05:15:19 --> Trying to access array offset on value of type null
in APPPATH\Views\user\teachersettings.php on line 77.
 1 APPPATH\Views\user\teachersettings.php(77): CodeIgniter\Debug\Exceptions->errorHandler(8, 'Trying to access array offset on value of type null', 'APPPATH\\Views\\user\\teachersettings.php', 77, [...])
 2 SYSTEMPATH\View\View.php(213): include('APPPATH\\Views\\user\\teachersettings.php')
 3 SYSTEMPATH\View\View.php(216): CodeIgniter\View\View->CodeIgniter\View\{closure}()
 4 SYSTEMPATH\Common.php(1135): CodeIgniter\View\View->render('user/teachersettings', [], true)
 5 APPPATH\Controllers\Home.php(37): view('user/teachersettings', [...])
 6 SYSTEMPATH\CodeIgniter.php(898): App\Controllers\Home->teacher_setting()
 7 SYSTEMPATH\CodeIgniter.php(468): CodeIgniter\CodeIgniter->runController(Object(App\Controllers\Home))
 8 SYSTEMPATH\CodeIgniter.php(351): CodeIgniter\CodeIgniter->handleRequest(null, Object(Config\Cache), false)
 9 FCPATH\index.php(55): CodeIgniter\CodeIgniter->run()
10 SYSTEMPATH\Commands\Server\rewrite.php(43): require_once('FCPATH\\index.php')
CRITICAL - 2022-09-24 05:54:28 --> Undefined property: App\Controllers\Home::$student
in APPPATH\Controllers\Home.php on line 18.
 1 APPPATH\Controllers\Home.php(18): CodeIgniter\Debug\Exceptions->errorHandler(8, 'Undefined property: App\\Controllers\\Home::$student', 'APPPATH\\Controllers\\Home.php', 18, [...])
 2 SYSTEMPATH\CodeIgniter.php(898): App\Controllers\Home->homepage()
 3 SYSTEMPATH\CodeIgniter.php(468): CodeIgniter\CodeIgniter->runController(Object(App\Controllers\Home))
 4 SYSTEMPATH\CodeIgniter.php(351): CodeIgniter\CodeIgniter->handleRequest(null, Object(Config\Cache), false)
 5 FCPATH\index.php(55): CodeIgniter\CodeIgniter->run()
 6 SYSTEMPATH\Commands\Server\rewrite.php(43): require_once('FCPATH\\index.php')
CRITICAL - 2022-09-24 06:00:15 --> Undefined variable: data
in APPPATH\Controllers\Home.php on line 20.
 1 APPPATH\Controllers\Home.php(20): CodeIgniter\Debug\Exceptions->errorHandler(8, 'Undefined variable: data', 'APPPATH\\Controllers\\Home.php', 20, [...])
 2 SYSTEMPATH\CodeIgniter.php(898): App\Controllers\Home->homepage()
 3 SYSTEMPATH\CodeIgniter.php(468): CodeIgniter\CodeIgniter->runController(Object(App\Controllers\Home))
 4 SYSTEMPATH\CodeIgniter.php(351): CodeIgniter\CodeIgniter->handleRequest(null, Object(Config\Cache), false)
 5 FCPATH\index.php(55): CodeIgniter\CodeIgniter->run()
 6 SYSTEMPATH\Commands\Server\rewrite.php(43): require_once('FCPATH\\index.php')
CRITICAL - 2022-09-24 06:00:28 --> Call to undefined function get()
in APPPATH\Views\user\homepage.php on line 50.
 1 SYSTEMPATH\View\View.php(213): include()
 2 SYSTEMPATH\View\View.php(216): CodeIgniter\View\View->CodeIgniter\View\{closure}()
 3 SYSTEMPATH\Common.php(1135): CodeIgniter\View\View->render('user/homepage', [], true)
 4 APPPATH\Controllers\Home.php(20): view('user/homepage')
 5 SYSTEMPATH\CodeIgniter.php(898): App\Controllers\Home->homepage()
 6 SYSTEMPATH\CodeIgniter.php(468): CodeIgniter\CodeIgniter->runController(Object(App\Controllers\Home))
 7 SYSTEMPATH\CodeIgniter.php(351): CodeIgniter\CodeIgniter->handleRequest(null, Object(Config\Cache), false)
 8 FCPATH\index.php(55): CodeIgniter\CodeIgniter->run()
 9 SYSTEMPATH\Commands\Server\rewrite.php(43): require_once('FCPATH\\index.php')
CRITICAL - 2022-09-24 06:00:41 --> Object of class CodeIgniter\Database\MySQLi\Result could not be converted to string
in APPPATH\Views\user\homepage.php on line 50.
 1 SYSTEMPATH\View\View.php(213): include()
 2 SYSTEMPATH\View\View.php(216): CodeIgniter\View\View->CodeIgniter\View\{closure}()
 3 SYSTEMPATH\Common.php(1135): CodeIgniter\View\View->render('user/homepage', [], true)
 4 APPPATH\Controllers\Home.php(20): view('user/homepage')
 5 SYSTEMPATH\CodeIgniter.php(898): App\Controllers\Home->homepage()
 6 SYSTEMPATH\CodeIgniter.php(468): CodeIgniter\CodeIgniter->runController(Object(App\Controllers\Home))
 7 SYSTEMPATH\CodeIgniter.php(351): CodeIgniter\CodeIgniter->handleRequest(null, Object(Config\Cache), false)
 8 FCPATH\index.php(55): CodeIgniter\CodeIgniter->run()
 9 SYSTEMPATH\Commands\Server\rewrite.php(43): require_once('FCPATH\\index.php')
CRITICAL - 2022-09-24 06:01:50 --> Object of class CodeIgniter\Database\MySQLi\Result could not be converted to string
in APPPATH\Views\user\homepage.php on line 50.
 1 SYSTEMPATH\View\View.php(213): include()
 2 SYSTEMPATH\View\View.php(216): CodeIgniter\View\View->CodeIgniter\View\{closure}()
 3 SYSTEMPATH\Common.php(1135): CodeIgniter\View\View->render('user/homepage', [], true)
 4 APPPATH\Controllers\Home.php(23): view('user/homepage')
 5 SYSTEMPATH\CodeIgniter.php(898): App\Controllers\Home->homepage()
 6 SYSTEMPATH\CodeIgniter.php(468): CodeIgniter\CodeIgniter->runController(Object(App\Controllers\Home))
 7 SYSTEMPATH\CodeIgniter.php(351): CodeIgniter\CodeIgniter->handleRequest(null, Object(Config\Cache), false)
 8 FCPATH\index.php(55): CodeIgniter\CodeIgniter->run()
 9 SYSTEMPATH\Commands\Server\rewrite.php(43): require_once('FCPATH\\index.php')
CRITICAL - 2022-09-24 06:02:26 --> Call to undefined method CodeIgniter\Database\MySQLi\Result::countAllResults()
in APPPATH\Controllers\Home.php on line 20.
 1 SYSTEMPATH\CodeIgniter.php(898): App\Controllers\Home->homepage()
 2 SYSTEMPATH\CodeIgniter.php(468): CodeIgniter\CodeIgniter->runController(Object(App\Controllers\Home))
 3 SYSTEMPATH\CodeIgniter.php(351): CodeIgniter\CodeIgniter->handleRequest(null, Object(Config\Cache), false)
 4 FCPATH\index.php(55): CodeIgniter\CodeIgniter->run()
 5 SYSTEMPATH\Commands\Server\rewrite.php(43): require_once('FCPATH\\index.php')
CRITICAL - 2022-09-24 06:14:34 --> Argument 1 passed to CodeIgniter\HTTP\RedirectResponse::to() must be of the type string, null given, called in C:\Users\Nash\Desktop\PROJECTS\MYPROJECTS\THESIS\WEB\Web-and-Mobile-Attendance-System\app\Controllers\PdfController.php on line 77
in SYSTEMPATH\HTTP\RedirectResponse.php on line 32.
 1 APPPATH\Controllers\PdfController.php(77): CodeIgniter\HTTP\RedirectResponse->to(null)
 2 SYSTEMPATH\CodeIgniter.php(898): App\Controllers\PdfController->studenHTMLTOPDF('1')
 3 SYSTEMPATH\CodeIgniter.php(468): CodeIgniter\CodeIgniter->runController(Object(App\Controllers\PdfController))
 4 SYSTEMPATH\CodeIgniter.php(351): CodeIgniter\CodeIgniter->handleRequest(null, Object(Config\Cache), false)
 5 FCPATH\index.php(55): CodeIgniter\CodeIgniter->run()
 6 SYSTEMPATH\Commands\Server\rewrite.php(43): require_once('FCPATH\\index.php')
CRITICAL - 2022-09-24 06:15:13 --> Argument 1 passed to CodeIgniter\HTTP\RedirectResponse::to() must be of the type string, null given, called in C:\Users\Nash\Desktop\PROJECTS\MYPROJECTS\THESIS\WEB\Web-and-Mobile-Attendance-System\app\Controllers\PdfController.php on line 77
in SYSTEMPATH\HTTP\RedirectResponse.php on line 32.
 1 APPPATH\Controllers\PdfController.php(77): CodeIgniter\HTTP\RedirectResponse->to(null)
 2 SYSTEMPATH\CodeIgniter.php(898): App\Controllers\PdfController->studenHTMLTOPDF('1')
 3 SYSTEMPATH\CodeIgniter.php(468): CodeIgniter\CodeIgniter->runController(Object(App\Controllers\PdfController))
 4 SYSTEMPATH\CodeIgniter.php(351): CodeIgniter\CodeIgniter->handleRequest(null, Object(Config\Cache), false)
 5 FCPATH\index.php(55): CodeIgniter\CodeIgniter->run()
 6 SYSTEMPATH\Commands\Server\rewrite.php(43): require_once('FCPATH\\index.php')
CRITICAL - 2022-09-24 06:27:08 --> Undefined property: stdClass::$Status
in APPPATH\Views\user\notification.php on line 86.
 1 APPPATH\Views\user\notification.php(86): CodeIgniter\Debug\Exceptions->errorHandler(8, 'Undefined property: stdClass::$Status', 'APPPATH\\Views\\user\\notification.php', 86, [...])
 2 SYSTEMPATH\View\View.php(213): include('APPPATH\\Views\\user\\notification.php')
 3 SYSTEMPATH\View\View.php(216): CodeIgniter\View\View->CodeIgniter\View\{closure}()
 4 SYSTEMPATH\Common.php(1135): CodeIgniter\View\View->render('user/notification', [], true)
 5 APPPATH\Controllers\Home.php(188): view('user/notification', [...])
 6 SYSTEMPATH\CodeIgniter.php(898): App\Controllers\Home->notification()
 7 SYSTEMPATH\CodeIgniter.php(468): CodeIgniter\CodeIgniter->runController(Object(App\Controllers\Home))
 8 SYSTEMPATH\CodeIgniter.php(351): CodeIgniter\CodeIgniter->handleRequest(null, Object(Config\Cache), false)
 9 FCPATH\index.php(55): CodeIgniter\CodeIgniter->run()
10 SYSTEMPATH\Commands\Server\rewrite.php(43): require_once('FCPATH\\index.php')
CRITICAL - 2022-09-24 06:29:40 --> Undefined variable: studentData
in APPPATH\Views\user\notification.php on line 82.
 1 APPPATH\Views\user\notification.php(82): CodeIgniter\Debug\Exceptions->errorHandler(8, 'Undefined variable: studentData', 'APPPATH\\Views\\user\\notification.php', 82, [])
 2 SYSTEMPATH\View\View.php(213): include('APPPATH\\Views\\user\\notification.php')
 3 SYSTEMPATH\View\View.php(216): CodeIgniter\View\View->CodeIgniter\View\{closure}()
 4 SYSTEMPATH\Common.php(1135): CodeIgniter\View\View->render('user/notification', [], true)
 5 APPPATH\Controllers\Home.php(191): view('user/notification')
 6 SYSTEMPATH\CodeIgniter.php(898): App\Controllers\Home->notification()
 7 SYSTEMPATH\CodeIgniter.php(468): CodeIgniter\CodeIgniter->runController(Object(App\Controllers\Home))
 8 SYSTEMPATH\CodeIgniter.php(351): CodeIgniter\CodeIgniter->handleRequest(null, Object(Config\Cache), false)
 9 FCPATH\index.php(55): CodeIgniter\CodeIgniter->run()
10 SYSTEMPATH\Commands\Server\rewrite.php(43): require_once('FCPATH\\index.php')
CRITICAL - 2022-09-24 06:30:57 --> Call to a member function getResult() on null
in APPPATH\Views\user\notification.php on line 82.
 1 SYSTEMPATH\View\View.php(213): include()
 2 SYSTEMPATH\View\View.php(216): CodeIgniter\View\View->CodeIgniter\View\{closure}()
 3 SYSTEMPATH\Common.php(1135): CodeIgniter\View\View->render('user/notification', [], true)
 4 APPPATH\Controllers\Home.php(194): view('user/notification', [...])
 5 SYSTEMPATH\CodeIgniter.php(898): App\Controllers\Home->notification()
 6 SYSTEMPATH\CodeIgniter.php(468): CodeIgniter\CodeIgniter->runController(Object(App\Controllers\Home))
 7 SYSTEMPATH\CodeIgniter.php(351): CodeIgniter\CodeIgniter->handleRequest(null, Object(Config\Cache), false)
 8 FCPATH\index.php(55): CodeIgniter\CodeIgniter->run()
 9 SYSTEMPATH\Commands\Server\rewrite.php(43): require_once('FCPATH\\index.php')
CRITICAL - 2022-09-24 06:32:05 --> Trying to access array offset on value of type null
in APPPATH\Controllers\Home.php on line 180.
 1 APPPATH\Controllers\Home.php(180): CodeIgniter\Debug\Exceptions->errorHandler(8, 'Trying to access array offset on value of type null', 'APPPATH\\Controllers\\Home.php', 180, [...])
 2 SYSTEMPATH\CodeIgniter.php(898): App\Controllers\Home->notification()
 3 SYSTEMPATH\CodeIgniter.php(468): CodeIgniter\CodeIgniter->runController(Object(App\Controllers\Home))
 4 SYSTEMPATH\CodeIgniter.php(351): CodeIgniter\CodeIgniter->handleRequest(null, Object(Config\Cache), false)
 5 FCPATH\index.php(55): CodeIgniter\CodeIgniter->run()
 6 SYSTEMPATH\Commands\Server\rewrite.php(43): require_once('FCPATH\\index.php')
CRITICAL - 2022-09-24 07:09:18 --> There is no data to update.
in SYSTEMPATH\BaseModel.php on line 846.
 1 SYSTEMPATH\BaseModel.php(846): CodeIgniter\Database\Exceptions\DataException::forEmptyDataset('update')
 2 SYSTEMPATH\Model.php(692): CodeIgniter\BaseModel->update([...], [])
 3 APPPATH\Controllers\Home.php(204): CodeIgniter\Model->update('1', [...])
 4 SYSTEMPATH\CodeIgniter.php(898): App\Controllers\Home->update_student_status()
 5 SYSTEMPATH\CodeIgniter.php(468): CodeIgniter\CodeIgniter->runController(Object(App\Controllers\Home))
 6 SYSTEMPATH\CodeIgniter.php(351): CodeIgniter\CodeIgniter->handleRequest(null, Object(Config\Cache), false)
 7 FCPATH\index.php(55): CodeIgniter\CodeIgniter->run()
 8 SYSTEMPATH\Commands\Server\rewrite.php(43): require_once('FCPATH\\index.php')
