ERROR - 2022-06-22 00:26:37 --> Column 'SECTION' cannot be null
CRITICAL - 2022-06-22 00:26:37 --> Column 'SECTION' cannot be null
in SYSTEMPATH\Database\MySQLi\Connection.php on line 292.
 1 SYSTEMPATH\Database\MySQLi\Connection.php(292): mysqli->query('INSERT INTO `student` (`LASTNAME`, `MIDDLENAME`, `AGE`, `GENDER`, `QR`, `GRADE`, `SECTION`) VALUES (\'Neri\', \'Roa\', \'23\', \'1\', \'$2y$10$aS28i.VNc6a8JRC/JAIjQ.LODUZxw4HwFz4JJhSLFIoRjKXI4qD.2\', \'1\', NULL)', 0)
 2 SYSTEMPATH\Database\BaseConnection.php(678): CodeIgniter\Database\MySQLi\Connection->execute('INSERT INTO `student` (`LASTNAME`, `MIDDLENAME`, `AGE`, `GENDER`, `QR`, `GRADE`, `SECTION`) VALUES (\'Neri\', \'Roa\', \'23\', \'1\', \'$2y$10$aS28i.VNc6a8JRC/JAIjQ.LODUZxw4HwFz4JJhSLFIoRjKXI4qD.2\', \'1\', NULL)')
 3 SYSTEMPATH\Database\BaseConnection.php(606): CodeIgniter\Database\BaseConnection->simpleQuery('INSERT INTO `student` (`LASTNAME`, `MIDDLENAME`, `AGE`, `GENDER`, `QR`, `GRADE`, `SECTION`) VALUES (\'Neri\', \'Roa\', \'23\', \'1\', \'$2y$10$aS28i.VNc6a8JRC/JAIjQ.LODUZxw4HwFz4JJhSLFIoRjKXI4qD.2\', \'1\', NULL)')
 4 SYSTEMPATH\Database\BaseBuilder.php(1904): CodeIgniter\Database\BaseConnection->query('INSERT INTO `student` (`LASTNAME`, `MIDDLENAME`, `AGE`, `GENDER`, `QR`, `GRADE`, `SECTION`) VALUES (:LASTNAME:, :MIDDLENAME:, :AGE:, :GENDER:, :QR:, :GRADE:, :SECTION:)', [...], false)
 5 SYSTEMPATH\Model.php(278): CodeIgniter\Database\BaseBuilder->insert()
 6 SYSTEMPATH\BaseModel.php(738): CodeIgniter\Model->doInsert([...])
 7 SYSTEMPATH\Model.php(666): CodeIgniter\BaseModel->insert([...], false)
 8 SYSTEMPATH\BaseModel.php(658): CodeIgniter\Model->insert([...], false)
 9 APPPATH\Controllers\Home.php(81): CodeIgniter\BaseModel->save([...])
10 SYSTEMPATH\CodeIgniter.php(898): App\Controllers\Home->add_student()
11 SYSTEMPATH\CodeIgniter.php(468): CodeIgniter\CodeIgniter->runController(Object(App\Controllers\Home))
12 SYSTEMPATH\CodeIgniter.php(351): CodeIgniter\CodeIgniter->handleRequest(null, Object(Config\Cache), false)
13 FCPATH\index.php(55): CodeIgniter\CodeIgniter->run()
14 SYSTEMPATH\Commands\Server\rewrite.php(43): require_once('FCPATH\\index.php')
CRITICAL - 2022-06-22 01:48:26 --> Undefined variable: eventData
in APPPATH\Views\admin\adminsettings.php on line 71.
 1 APPPATH\Views\admin\adminsettings.php(71): CodeIgniter\Debug\Exceptions->errorHandler(8, 'Undefined variable: eventData', 'APPPATH\\Views\\admin\\adminsettings.php', 71, [...])
 2 SYSTEMPATH\View\View.php(213): include('APPPATH\\Views\\admin\\adminsettings.php')
 3 SYSTEMPATH\View\View.php(216): CodeIgniter\View\View->CodeIgniter\View\{closure}()
 4 SYSTEMPATH\Common.php(1135): CodeIgniter\View\View->render('admin/adminsettings', [], true)
 5 APPPATH\Controllers\Admin.php(27): view('admin/adminsettings', [...])
 6 SYSTEMPATH\CodeIgniter.php(898): App\Controllers\Admin->admin_settings()
 7 SYSTEMPATH\CodeIgniter.php(468): CodeIgniter\CodeIgniter->runController(Object(App\Controllers\Admin))
 8 SYSTEMPATH\CodeIgniter.php(351): CodeIgniter\CodeIgniter->handleRequest(null, Object(Config\Cache), false)
 9 FCPATH\index.php(55): CodeIgniter\CodeIgniter->run()
10 SYSTEMPATH\Commands\Server\rewrite.php(43): require_once('FCPATH\\index.php')
CRITICAL - 2022-06-22 01:48:45 --> Undefined property: stdClass::$NAME
in APPPATH\Views\admin\adminsettings.php on line 72.
 1 APPPATH\Views\admin\adminsettings.php(72): CodeIgniter\Debug\Exceptions->errorHandler(8, 'Undefined property: stdClass::$NAME', 'APPPATH\\Views\\admin\\adminsettings.php', 72, [...])
 2 SYSTEMPATH\View\View.php(213): include('APPPATH\\Views\\admin\\adminsettings.php')
 3 SYSTEMPATH\View\View.php(216): CodeIgniter\View\View->CodeIgniter\View\{closure}()
 4 SYSTEMPATH\Common.php(1135): CodeIgniter\View\View->render('admin/adminsettings', [], true)
 5 APPPATH\Controllers\Admin.php(27): view('admin/adminsettings', [...])
 6 SYSTEMPATH\CodeIgniter.php(898): App\Controllers\Admin->admin_settings()
 7 SYSTEMPATH\CodeIgniter.php(468): CodeIgniter\CodeIgniter->runController(Object(App\Controllers\Admin))
 8 SYSTEMPATH\CodeIgniter.php(351): CodeIgniter\CodeIgniter->handleRequest(null, Object(Config\Cache), false)
 9 FCPATH\index.php(55): CodeIgniter\CodeIgniter->run()
10 SYSTEMPATH\Commands\Server\rewrite.php(43): require_once('FCPATH\\index.php')
CRITICAL - 2022-06-22 01:50:36 --> Undefined property: stdClass::$NAME
in APPPATH\Views\admin\adminsettings.php on line 72.
 1 APPPATH\Views\admin\adminsettings.php(72): CodeIgniter\Debug\Exceptions->errorHandler(8, 'Undefined property: stdClass::$NAME', 'APPPATH\\Views\\admin\\adminsettings.php', 72, [...])
 2 SYSTEMPATH\View\View.php(213): include('APPPATH\\Views\\admin\\adminsettings.php')
 3 SYSTEMPATH\View\View.php(216): CodeIgniter\View\View->CodeIgniter\View\{closure}()
 4 SYSTEMPATH\Common.php(1135): CodeIgniter\View\View->render('admin/adminsettings', [], true)
 5 APPPATH\Controllers\Admin.php(27): view('admin/adminsettings', [...])
 6 SYSTEMPATH\CodeIgniter.php(898): App\Controllers\Admin->admin_settings()
 7 SYSTEMPATH\CodeIgniter.php(468): CodeIgniter\CodeIgniter->runController(Object(App\Controllers\Admin))
 8 SYSTEMPATH\CodeIgniter.php(351): CodeIgniter\CodeIgniter->handleRequest(null, Object(Config\Cache), false)
 9 FCPATH\index.php(55): CodeIgniter\CodeIgniter->run()
10 SYSTEMPATH\Commands\Server\rewrite.php(43): require_once('FCPATH\\index.php')
CRITICAL - 2022-06-22 02:01:14 --> Undefined variable: FName
in APPPATH\Views\admin\adminsettings.php on line 107.
 1 APPPATH\Views\admin\adminsettings.php(107): CodeIgniter\Debug\Exceptions->errorHandler(8, 'Undefined variable: FName', 'APPPATH\\Views\\admin\\adminsettings.php', 107, [...])
 2 SYSTEMPATH\View\View.php(213): include('APPPATH\\Views\\admin\\adminsettings.php')
 3 SYSTEMPATH\View\View.php(216): CodeIgniter\View\View->CodeIgniter\View\{closure}()
 4 SYSTEMPATH\Common.php(1135): CodeIgniter\View\View->render('admin/adminsettings', [], true)
 5 APPPATH\Controllers\Admin.php(27): view('admin/adminsettings', [...])
 6 SYSTEMPATH\CodeIgniter.php(898): App\Controllers\Admin->admin_settings()
 7 SYSTEMPATH\CodeIgniter.php(468): CodeIgniter\CodeIgniter->runController(Object(App\Controllers\Admin))
 8 SYSTEMPATH\CodeIgniter.php(351): CodeIgniter\CodeIgniter->handleRequest(null, Object(Config\Cache), false)
 9 FCPATH\index.php(55): CodeIgniter\CodeIgniter->run()
10 SYSTEMPATH\Commands\Server\rewrite.php(43): require_once('FCPATH\\index.php')
CRITICAL - 2022-06-22 02:01:48 --> Undefined variable: FName
in APPPATH\Views\admin\adminsettings.php on line 107.
 1 APPPATH\Views\admin\adminsettings.php(107): CodeIgniter\Debug\Exceptions->errorHandler(8, 'Undefined variable: FName', 'APPPATH\\Views\\admin\\adminsettings.php', 107, [...])
 2 SYSTEMPATH\View\View.php(213): include('APPPATH\\Views\\admin\\adminsettings.php')
 3 SYSTEMPATH\View\View.php(216): CodeIgniter\View\View->CodeIgniter\View\{closure}()
 4 SYSTEMPATH\Common.php(1135): CodeIgniter\View\View->render('admin/adminsettings', [], true)
 5 APPPATH\Controllers\Admin.php(27): view('admin/adminsettings', [...])
 6 SYSTEMPATH\CodeIgniter.php(898): App\Controllers\Admin->admin_settings()
 7 SYSTEMPATH\CodeIgniter.php(468): CodeIgniter\CodeIgniter->runController(Object(App\Controllers\Admin))
 8 SYSTEMPATH\CodeIgniter.php(351): CodeIgniter\CodeIgniter->handleRequest(null, Object(Config\Cache), false)
 9 FCPATH\index.php(55): CodeIgniter\CodeIgniter->run()
10 SYSTEMPATH\Commands\Server\rewrite.php(43): require_once('FCPATH\\index.php')
CRITICAL - 2022-06-22 02:03:04 --> Undefined variable: FName
in APPPATH\Views\admin\adminsettings.php on line 107.
 1 APPPATH\Views\admin\adminsettings.php(107): CodeIgniter\Debug\Exceptions->errorHandler(8, 'Undefined variable: FName', 'APPPATH\\Views\\admin\\adminsettings.php', 107, [...])
 2 SYSTEMPATH\View\View.php(213): include('APPPATH\\Views\\admin\\adminsettings.php')
 3 SYSTEMPATH\View\View.php(216): CodeIgniter\View\View->CodeIgniter\View\{closure}()
 4 SYSTEMPATH\Common.php(1135): CodeIgniter\View\View->render('admin/adminsettings', [], true)
 5 APPPATH\Controllers\Admin.php(27): view('admin/adminsettings', [...])
 6 SYSTEMPATH\CodeIgniter.php(898): App\Controllers\Admin->admin_settings()
 7 SYSTEMPATH\CodeIgniter.php(468): CodeIgniter\CodeIgniter->runController(Object(App\Controllers\Admin))
 8 SYSTEMPATH\CodeIgniter.php(351): CodeIgniter\CodeIgniter->handleRequest(null, Object(Config\Cache), false)
 9 FCPATH\index.php(55): CodeIgniter\CodeIgniter->run()
10 SYSTEMPATH\Commands\Server\rewrite.php(43): require_once('FCPATH\\index.php')
CRITICAL - 2022-06-22 06:01:27 --> Trying to access array offset on value of type null
in APPPATH\Controllers\Login.php on line 57.
 1 APPPATH\Controllers\Login.php(57): CodeIgniter\Debug\Exceptions->errorHandler(8, 'Trying to access array offset on value of type null', 'APPPATH\\Controllers\\Login.php', 57, [...])
 2 APPPATH\Controllers\Login.php(35): App\Controllers\Login->setUserSession(null)
 3 SYSTEMPATH\CodeIgniter.php(898): App\Controllers\Login->verifyData()
 4 SYSTEMPATH\CodeIgniter.php(468): CodeIgniter\CodeIgniter->runController(Object(App\Controllers\Login))
 5 SYSTEMPATH\CodeIgniter.php(351): CodeIgniter\CodeIgniter->handleRequest(null, Object(Config\Cache), false)
 6 FCPATH\index.php(55): CodeIgniter\CodeIgniter->run()
 7 SYSTEMPATH\Commands\Server\rewrite.php(43): require_once('FCPATH\\index.php')
CRITICAL - 2022-06-22 06:01:53 --> Trying to access array offset on value of type null
in APPPATH\Controllers\Login.php on line 57.
 1 APPPATH\Controllers\Login.php(57): CodeIgniter\Debug\Exceptions->errorHandler(8, 'Trying to access array offset on value of type null', 'APPPATH\\Controllers\\Login.php', 57, [...])
 2 APPPATH\Controllers\Login.php(35): App\Controllers\Login->setUserSession(null)
 3 SYSTEMPATH\CodeIgniter.php(898): App\Controllers\Login->verifyData()
 4 SYSTEMPATH\CodeIgniter.php(468): CodeIgniter\CodeIgniter->runController(Object(App\Controllers\Login))
 5 SYSTEMPATH\CodeIgniter.php(351): CodeIgniter\CodeIgniter->handleRequest(null, Object(Config\Cache), false)
 6 FCPATH\index.php(55): CodeIgniter\CodeIgniter->run()
 7 SYSTEMPATH\Commands\Server\rewrite.php(43): require_once('FCPATH\\index.php')
CRITICAL - 2022-06-22 06:02:35 --> Trying to access array offset on value of type null
in APPPATH\Controllers\Login.php on line 31.
 1 APPPATH\Controllers\Login.php(31): CodeIgniter\Debug\Exceptions->errorHandler(8, 'Trying to access array offset on value of type null', 'APPPATH\\Controllers\\Login.php', 31, [...])
 2 SYSTEMPATH\CodeIgniter.php(898): App\Controllers\Login->verifyData()
 3 SYSTEMPATH\CodeIgniter.php(468): CodeIgniter\CodeIgniter->runController(Object(App\Controllers\Login))
 4 SYSTEMPATH\CodeIgniter.php(351): CodeIgniter\CodeIgniter->handleRequest(null, Object(Config\Cache), false)
 5 FCPATH\index.php(55): CodeIgniter\CodeIgniter->run()
 6 SYSTEMPATH\Commands\Server\rewrite.php(43): require_once('FCPATH\\index.php')
CRITICAL - 2022-06-22 06:03:11 --> Trying to access array offset on value of type null
in APPPATH\Controllers\Login.php on line 30.
 1 APPPATH\Controllers\Login.php(30): CodeIgniter\Debug\Exceptions->errorHandler(8, 'Trying to access array offset on value of type null', 'APPPATH\\Controllers\\Login.php', 30, [...])
 2 SYSTEMPATH\CodeIgniter.php(898): App\Controllers\Login->verifyData()
 3 SYSTEMPATH\CodeIgniter.php(468): CodeIgniter\CodeIgniter->runController(Object(App\Controllers\Login))
 4 SYSTEMPATH\CodeIgniter.php(351): CodeIgniter\CodeIgniter->handleRequest(null, Object(Config\Cache), false)
 5 FCPATH\index.php(55): CodeIgniter\CodeIgniter->run()
 6 SYSTEMPATH\Commands\Server\rewrite.php(43): require_once('FCPATH\\index.php')
CRITICAL - 2022-06-22 06:28:23 --> Too few arguments to function App\Controllers\Admin::delete_account(), 0 passed in C:\Users\Nash\OneDrive\Desktop\THESIS PROJECT\system\CodeIgniter.php on line 898 and exactly 1 expected
in APPPATH\Controllers\Admin.php on line 100.
 1 SYSTEMPATH\CodeIgniter.php(898): App\Controllers\Admin->delete_account()
 2 SYSTEMPATH\CodeIgniter.php(468): CodeIgniter\CodeIgniter->runController(Object(App\Controllers\Admin))
 3 SYSTEMPATH\CodeIgniter.php(351): CodeIgniter\CodeIgniter->handleRequest(null, Object(Config\Cache), false)
 4 FCPATH\index.php(55): CodeIgniter\CodeIgniter->run()
 5 SYSTEMPATH\Commands\Server\rewrite.php(43): require_once('FCPATH\\index.php')
