CRITICAL - 2022-06-18 10:39:48 --> Argument 2 passed to view() must be of the type array, string given, called in C:\Users\Nash\OneDrive\Desktop\THESIS PROJECT\app\Controllers\Home.php on line 25
in SYSTEMPATH\Common.php on line 1121.
 1 APPPATH\Controllers\Home.php(25): view('user/sections/section', '1')
 2 SYSTEMPATH\CodeIgniter.php(898): App\Controllers\Home->student_year('1')
 3 SYSTEMPATH\CodeIgniter.php(468): CodeIgniter\CodeIgniter->runController(Object(App\Controllers\Home))
 4 SYSTEMPATH\CodeIgniter.php(351): CodeIgniter\CodeIgniter->handleRequest(null, Object(Config\Cache), false)
 5 FCPATH\index.php(55): CodeIgniter\CodeIgniter->run()
 6 SYSTEMPATH\Commands\Server\rewrite.php(43): require_once('FCPATH\\index.php')
CRITICAL - 2022-06-18 10:39:50 --> Argument 2 passed to view() must be of the type array, string given, called in C:\Users\Nash\OneDrive\Desktop\THESIS PROJECT\app\Controllers\Home.php on line 25
in SYSTEMPATH\Common.php on line 1121.
 1 APPPATH\Controllers\Home.php(25): view('user/sections/section', '1')
 2 SYSTEMPATH\CodeIgniter.php(898): App\Controllers\Home->student_year('1')
 3 SYSTEMPATH\CodeIgniter.php(468): CodeIgniter\CodeIgniter->runController(Object(App\Controllers\Home))
 4 SYSTEMPATH\CodeIgniter.php(351): CodeIgniter\CodeIgniter->handleRequest(null, Object(Config\Cache), false)
 5 FCPATH\index.php(55): CodeIgniter\CodeIgniter->run()
 6 SYSTEMPATH\Commands\Server\rewrite.php(43): require_once('FCPATH\\index.php')
CRITICAL - 2022-06-18 10:42:11 --> Argument 2 passed to view() must be of the type array, string given, called in C:\Users\Nash\OneDrive\Desktop\THESIS PROJECT\app\Controllers\Home.php on line 24
in SYSTEMPATH\Common.php on line 1121.
 1 APPPATH\Controllers\Home.php(24): view('user/sections/section', '1')
 2 SYSTEMPATH\CodeIgniter.php(898): App\Controllers\Home->student_year('1')
 3 SYSTEMPATH\CodeIgniter.php(468): CodeIgniter\CodeIgniter->runController(Object(App\Controllers\Home))
 4 SYSTEMPATH\CodeIgniter.php(351): CodeIgniter\CodeIgniter->handleRequest(null, Object(Config\Cache), false)
 5 FCPATH\index.php(55): CodeIgniter\CodeIgniter->run()
 6 SYSTEMPATH\Commands\Server\rewrite.php(43): require_once('FCPATH\\index.php')
CRITICAL - 2022-06-18 10:42:12 --> Argument 2 passed to view() must be of the type array, string given, called in C:\Users\Nash\OneDrive\Desktop\THESIS PROJECT\app\Controllers\Home.php on line 24
in SYSTEMPATH\Common.php on line 1121.
 1 APPPATH\Controllers\Home.php(24): view('user/sections/section', '1')
 2 SYSTEMPATH\CodeIgniter.php(898): App\Controllers\Home->student_year('1')
 3 SYSTEMPATH\CodeIgniter.php(468): CodeIgniter\CodeIgniter->runController(Object(App\Controllers\Home))
 4 SYSTEMPATH\CodeIgniter.php(351): CodeIgniter\CodeIgniter->handleRequest(null, Object(Config\Cache), false)
 5 FCPATH\index.php(55): CodeIgniter\CodeIgniter->run()
 6 SYSTEMPATH\Commands\Server\rewrite.php(43): require_once('FCPATH\\index.php')
CRITICAL - 2022-06-18 10:42:12 --> Argument 2 passed to view() must be of the type array, string given, called in C:\Users\Nash\OneDrive\Desktop\THESIS PROJECT\app\Controllers\Home.php on line 24
in SYSTEMPATH\Common.php on line 1121.
 1 APPPATH\Controllers\Home.php(24): view('user/sections/section', '1')
 2 SYSTEMPATH\CodeIgniter.php(898): App\Controllers\Home->student_year('1')
 3 SYSTEMPATH\CodeIgniter.php(468): CodeIgniter\CodeIgniter->runController(Object(App\Controllers\Home))
 4 SYSTEMPATH\CodeIgniter.php(351): CodeIgniter\CodeIgniter->handleRequest(null, Object(Config\Cache), false)
 5 FCPATH\index.php(55): CodeIgniter\CodeIgniter->run()
 6 SYSTEMPATH\Commands\Server\rewrite.php(43): require_once('FCPATH\\index.php')
CRITICAL - 2022-06-18 10:42:12 --> Argument 2 passed to view() must be of the type array, string given, called in C:\Users\Nash\OneDrive\Desktop\THESIS PROJECT\app\Controllers\Home.php on line 24
in SYSTEMPATH\Common.php on line 1121.
 1 APPPATH\Controllers\Home.php(24): view('user/sections/section', '1')
 2 SYSTEMPATH\CodeIgniter.php(898): App\Controllers\Home->student_year('1')
 3 SYSTEMPATH\CodeIgniter.php(468): CodeIgniter\CodeIgniter->runController(Object(App\Controllers\Home))
 4 SYSTEMPATH\CodeIgniter.php(351): CodeIgniter\CodeIgniter->handleRequest(null, Object(Config\Cache), false)
 5 FCPATH\index.php(55): CodeIgniter\CodeIgniter->run()
 6 SYSTEMPATH\Commands\Server\rewrite.php(43): require_once('FCPATH\\index.php')
CRITICAL - 2022-06-18 10:42:13 --> Argument 2 passed to view() must be of the type array, string given, called in C:\Users\Nash\OneDrive\Desktop\THESIS PROJECT\app\Controllers\Home.php on line 24
in SYSTEMPATH\Common.php on line 1121.
 1 APPPATH\Controllers\Home.php(24): view('user/sections/section', '1')
 2 SYSTEMPATH\CodeIgniter.php(898): App\Controllers\Home->student_year('1')
 3 SYSTEMPATH\CodeIgniter.php(468): CodeIgniter\CodeIgniter->runController(Object(App\Controllers\Home))
 4 SYSTEMPATH\CodeIgniter.php(351): CodeIgniter\CodeIgniter->handleRequest(null, Object(Config\Cache), false)
 5 FCPATH\index.php(55): CodeIgniter\CodeIgniter->run()
 6 SYSTEMPATH\Commands\Server\rewrite.php(43): require_once('FCPATH\\index.php')
CRITICAL - 2022-06-18 10:42:13 --> Argument 2 passed to view() must be of the type array, string given, called in C:\Users\Nash\OneDrive\Desktop\THESIS PROJECT\app\Controllers\Home.php on line 24
in SYSTEMPATH\Common.php on line 1121.
 1 APPPATH\Controllers\Home.php(24): view('user/sections/section', '1')
 2 SYSTEMPATH\CodeIgniter.php(898): App\Controllers\Home->student_year('1')
 3 SYSTEMPATH\CodeIgniter.php(468): CodeIgniter\CodeIgniter->runController(Object(App\Controllers\Home))
 4 SYSTEMPATH\CodeIgniter.php(351): CodeIgniter\CodeIgniter->handleRequest(null, Object(Config\Cache), false)
 5 FCPATH\index.php(55): CodeIgniter\CodeIgniter->run()
 6 SYSTEMPATH\Commands\Server\rewrite.php(43): require_once('FCPATH\\index.php')
