ERROR - 2023-01-11 06:10:28 --> Column 'VENUE' cannot be null
CRITICAL - 2023-01-11 06:10:28 --> Column 'VENUE' cannot be null
in SYSTEMPATH\Database\MySQLi\Connection.php on line 292.
 1 SYSTEMPATH\Database\MySQLi\Connection.php(292): mysqli->query('INSERT INTO `event` (`NAME`, `VENUE`, `SCHEDULE`, `DATE_CREATED`, `TYPE`) VALUES (\'School\', NULL, \'2023-01-28T20:10\', \'2023-01-11 06:10:28\', \'School Event\')', 0)
 2 SYSTEMPATH\Database\BaseConnection.php(678): CodeIgniter\Database\MySQLi\Connection->execute('INSERT INTO `event` (`NAME`, `VENUE`, `SCHEDULE`, `DATE_CREATED`, `TYPE`) VALUES (\'School\', NULL, \'2023-01-28T20:10\', \'2023-01-11 06:10:28\', \'School Event\')')
 3 SYSTEMPATH\Database\BaseConnection.php(606): CodeIgniter\Database\BaseConnection->simpleQuery('INSERT INTO `event` (`NAME`, `VENUE`, `SCHEDULE`, `DATE_CREATED`, `TYPE`) VALUES (\'School\', NULL, \'2023-01-28T20:10\', \'2023-01-11 06:10:28\', \'School Event\')')
 4 SYSTEMPATH\Database\BaseBuilder.php(1904): CodeIgniter\Database\BaseConnection->query('INSERT INTO `event` (`NAME`, `VENUE`, `SCHEDULE`, `DATE_CREATED`, `TYPE`) VALUES (:NAME:, :VENUE:, :SCHEDULE:, :DATE_CREATED:, :TYPE:)', [...], false)
 5 SYSTEMPATH\Model.php(278): CodeIgniter\Database\BaseBuilder->insert()
 6 SYSTEMPATH\BaseModel.php(738): CodeIgniter\Model->doInsert([...])
 7 SYSTEMPATH\Model.php(666): CodeIgniter\BaseModel->insert([...], false)
 8 SYSTEMPATH\BaseModel.php(658): CodeIgniter\Model->insert([...], false)
 9 APPPATH\Controllers\Admin.php(189): CodeIgniter\BaseModel->save([...])
10 SYSTEMPATH\CodeIgniter.php(898): App\Controllers\Admin->create_event()
11 SYSTEMPATH\CodeIgniter.php(468): CodeIgniter\CodeIgniter->runController(Object(App\Controllers\Admin))
12 SYSTEMPATH\CodeIgniter.php(351): CodeIgniter\CodeIgniter->handleRequest(null, Object(Config\Cache), false)
13 FCPATH\index.php(55): CodeIgniter\CodeIgniter->run()
14 SYSTEMPATH\Commands\Server\rewrite.php(43): require_once('FCPATH\\index.php')
CRITICAL - 2023-01-11 06:45:15 --> Undefined variable $id
in APPPATH\Controllers\Admin.php on line 330.
 1 APPPATH\Controllers\Admin.php(330): CodeIgniter\Debug\Exceptions->errorHandler(2, 'Undefined variable $id', 'APPPATH\\Controllers\\Admin.php', 330)
 2 SYSTEMPATH\CodeIgniter.php(898): App\Controllers\Admin->admin_update_student_status()
 3 SYSTEMPATH\CodeIgniter.php(468): CodeIgniter\CodeIgniter->runController(Object(App\Controllers\Admin))
 4 SYSTEMPATH\CodeIgniter.php(351): CodeIgniter\CodeIgniter->handleRequest(null, Object(Config\Cache), false)
 5 FCPATH\index.php(55): CodeIgniter\CodeIgniter->run()
 6 SYSTEMPATH\Commands\Server\rewrite.php(43): require_once('FCPATH\\index.php')
CRITICAL - 2023-01-11 06:52:59 --> CodeIgniter\HTTP\RedirectResponse::to(): Argument #1 ($uri) must be of type string, null given, called in C:\Users\Nash\Desktop\PROJECTS\MYPROJECTS\THESIS\WEB\Web-and-Mobile-Attendance-System\app\Controllers\PdfController.php on line 77
in SYSTEMPATH\HTTP\RedirectResponse.php on line 32.
 1 APPPATH\Controllers\PdfController.php(77): CodeIgniter\HTTP\RedirectResponse->to(null)
 2 SYSTEMPATH\CodeIgniter.php(898): App\Controllers\PdfController->studenHTMLTOPDF('2')
 3 SYSTEMPATH\CodeIgniter.php(468): CodeIgniter\CodeIgniter->runController(Object(App\Controllers\PdfController))
 4 SYSTEMPATH\CodeIgniter.php(351): CodeIgniter\CodeIgniter->handleRequest(null, Object(Config\Cache), false)
 5 FCPATH\index.php(55): CodeIgniter\CodeIgniter->run()
 6 SYSTEMPATH\Commands\Server\rewrite.php(43): require_once('FCPATH\\index.php')
CRITICAL - 2023-01-11 06:53:00 --> CodeIgniter\HTTP\RedirectResponse::to(): Argument #1 ($uri) must be of type string, null given, called in C:\Users\Nash\Desktop\PROJECTS\MYPROJECTS\THESIS\WEB\Web-and-Mobile-Attendance-System\app\Controllers\PdfController.php on line 77
in SYSTEMPATH\HTTP\RedirectResponse.php on line 32.
 1 APPPATH\Controllers\PdfController.php(77): CodeIgniter\HTTP\RedirectResponse->to(null)
 2 SYSTEMPATH\CodeIgniter.php(898): App\Controllers\PdfController->studenHTMLTOPDF('2')
 3 SYSTEMPATH\CodeIgniter.php(468): CodeIgniter\CodeIgniter->runController(Object(App\Controllers\PdfController))
 4 SYSTEMPATH\CodeIgniter.php(351): CodeIgniter\CodeIgniter->handleRequest(null, Object(Config\Cache), false)
 5 FCPATH\index.php(55): CodeIgniter\CodeIgniter->run()
 6 SYSTEMPATH\Commands\Server\rewrite.php(43): require_once('FCPATH\\index.php')
CRITICAL - 2023-01-11 07:17:07 --> Undefined array key 1
in APPPATH\Controllers\Admin.php on line 61.
 1 APPPATH\Controllers\Admin.php(61): CodeIgniter\Debug\Exceptions->errorHandler(2, 'Undefined array key 1', 'APPPATH\\Controllers\\Admin.php', 61)
 2 SYSTEMPATH\CodeIgniter.php(898): App\Controllers\Admin->add_student()
 3 SYSTEMPATH\CodeIgniter.php(468): CodeIgniter\CodeIgniter->runController(Object(App\Controllers\Admin))
 4 SYSTEMPATH\CodeIgniter.php(351): CodeIgniter\CodeIgniter->handleRequest(null, Object(Config\Cache), false)
 5 FCPATH\index.php(55): CodeIgniter\CodeIgniter->run()
 6 SYSTEMPATH\Commands\Server\rewrite.php(43): require_once('FCPATH\\index.php')
CRITICAL - 2023-01-11 07:57:45 --> Undefined variable $result
in APPPATH\Controllers\Home.php on line 115.
 1 APPPATH\Controllers\Home.php(115): CodeIgniter\Debug\Exceptions->errorHandler(2, 'Undefined variable $result', 'APPPATH\\Controllers\\Home.php', 115)
 2 SYSTEMPATH\CodeIgniter.php(898): App\Controllers\Home->event()
 3 SYSTEMPATH\CodeIgniter.php(468): CodeIgniter\CodeIgniter->runController(Object(App\Controllers\Home))
 4 SYSTEMPATH\CodeIgniter.php(351): CodeIgniter\CodeIgniter->handleRequest(null, Object(Config\Cache), false)
 5 FCPATH\index.php(55): CodeIgniter\CodeIgniter->run()
 6 SYSTEMPATH\Commands\Server\rewrite.php(43): require_once('FCPATH\\index.php')
CRITICAL - 2023-01-11 17:06:54 --> Undefined property: App\Controllers\Home::$teacherSectionModed
in APPPATH\Controllers\Home.php on line 232.
 1 APPPATH\Controllers\Home.php(232): CodeIgniter\Debug\Exceptions->errorHandler(2, 'Undefined property: App\\Controllers\\Home::$teacherSectionModed', 'APPPATH\\Controllers\\Home.php', 232)
 2 SYSTEMPATH\CodeIgniter.php(898): App\Controllers\Home->section_list()
 3 SYSTEMPATH\CodeIgniter.php(468): CodeIgniter\CodeIgniter->runController(Object(App\Controllers\Home))
 4 SYSTEMPATH\CodeIgniter.php(351): CodeIgniter\CodeIgniter->handleRequest(null, Object(Config\Cache), false)
 5 FCPATH\index.php(55): CodeIgniter\CodeIgniter->run()
 6 SYSTEMPATH\Commands\Server\rewrite.php(43): require_once('FCPATH\\index.php')
CRITICAL - 2023-01-11 17:07:04 --> Undefined property: App\Controllers\Home::$teacherSectionModel
in APPPATH\Controllers\Home.php on line 232.
 1 APPPATH\Controllers\Home.php(232): CodeIgniter\Debug\Exceptions->errorHandler(2, 'Undefined property: App\\Controllers\\Home::$teacherSectionModel', 'APPPATH\\Controllers\\Home.php', 232)
 2 SYSTEMPATH\CodeIgniter.php(898): App\Controllers\Home->section_list()
 3 SYSTEMPATH\CodeIgniter.php(468): CodeIgniter\CodeIgniter->runController(Object(App\Controllers\Home))
 4 SYSTEMPATH\CodeIgniter.php(351): CodeIgniter\CodeIgniter->handleRequest(null, Object(Config\Cache), false)
 5 FCPATH\index.php(55): CodeIgniter\CodeIgniter->run()
 6 SYSTEMPATH\Commands\Server\rewrite.php(43): require_once('FCPATH\\index.php')
CRITICAL - 2023-01-11 17:07:04 --> Undefined property: App\Controllers\Home::$teacherSectionModel
in APPPATH\Controllers\Home.php on line 232.
 1 APPPATH\Controllers\Home.php(232): CodeIgniter\Debug\Exceptions->errorHandler(2, 'Undefined property: App\\Controllers\\Home::$teacherSectionModel', 'APPPATH\\Controllers\\Home.php', 232)
 2 SYSTEMPATH\CodeIgniter.php(898): App\Controllers\Home->section_list()
 3 SYSTEMPATH\CodeIgniter.php(468): CodeIgniter\CodeIgniter->runController(Object(App\Controllers\Home))
 4 SYSTEMPATH\CodeIgniter.php(351): CodeIgniter\CodeIgniter->handleRequest(null, Object(Config\Cache), false)
 5 FCPATH\index.php(55): CodeIgniter\CodeIgniter->run()
 6 SYSTEMPATH\Commands\Server\rewrite.php(43): require_once('FCPATH\\index.php')
CRITICAL - 2023-01-11 17:07:17 --> Undefined variable $studentSection
in APPPATH\Views\user\sections.php on line 111.
 1 APPPATH\Views\user\sections.php(111): CodeIgniter\Debug\Exceptions->errorHandler(2, 'Undefined variable $studentSection', 'APPPATH\\Views\\user\\sections.php', 111)
 2 SYSTEMPATH\View\View.php(213): include('APPPATH\\Views\\user\\sections.php')
 3 SYSTEMPATH\View\View.php(216): CodeIgniter\View\View->CodeIgniter\View\{closure}()
 4 SYSTEMPATH\Common.php(1135): CodeIgniter\View\View->render('user/sections', [], true)
 5 APPPATH\Controllers\Home.php(260): view('user/sections', [...])
 6 SYSTEMPATH\CodeIgniter.php(898): App\Controllers\Home->section_list()
 7 SYSTEMPATH\CodeIgniter.php(468): CodeIgniter\CodeIgniter->runController(Object(App\Controllers\Home))
 8 SYSTEMPATH\CodeIgniter.php(351): CodeIgniter\CodeIgniter->handleRequest(null, Object(Config\Cache), false)
 9 FCPATH\index.php(55): CodeIgniter\CodeIgniter->run()
10 SYSTEMPATH\Commands\Server\rewrite.php(43): require_once('FCPATH\\index.php')
CRITICAL - 2023-01-11 17:08:03 --> Undefined variable $isSection
in APPPATH\Views\user\sections.php on line 104.
 1 APPPATH\Views\user\sections.php(104): CodeIgniter\Debug\Exceptions->errorHandler(2, 'Undefined variable $isSection', 'APPPATH\\Views\\user\\sections.php', 104)
 2 SYSTEMPATH\View\View.php(213): include('APPPATH\\Views\\user\\sections.php')
 3 SYSTEMPATH\View\View.php(216): CodeIgniter\View\View->CodeIgniter\View\{closure}()
 4 SYSTEMPATH\Common.php(1135): CodeIgniter\View\View->render('user/sections', [], true)
 5 APPPATH\Controllers\Home.php(256): view('user/sections', [...])
 6 SYSTEMPATH\CodeIgniter.php(898): App\Controllers\Home->section_list()
 7 SYSTEMPATH\CodeIgniter.php(468): CodeIgniter\CodeIgniter->runController(Object(App\Controllers\Home))
 8 SYSTEMPATH\CodeIgniter.php(351): CodeIgniter\CodeIgniter->handleRequest(null, Object(Config\Cache), false)
 9 FCPATH\index.php(55): CodeIgniter\CodeIgniter->run()
10 SYSTEMPATH\Commands\Server\rewrite.php(43): require_once('FCPATH\\index.php')
CRITICAL - 2023-01-11 18:18:09 --> Undefined variable $grade
in APPPATH\Views\user\section_attendance.php on line 81.
 1 APPPATH\Views\user\section_attendance.php(81): CodeIgniter\Debug\Exceptions->errorHandler(2, 'Undefined variable $grade', 'APPPATH\\Views\\user\\section_attendance.php', 81)
 2 SYSTEMPATH\View\View.php(213): include('APPPATH\\Views\\user\\section_attendance.php')
 3 SYSTEMPATH\View\View.php(216): CodeIgniter\View\View->CodeIgniter\View\{closure}()
 4 SYSTEMPATH\Common.php(1135): CodeIgniter\View\View->render('user/section_attendance', [], true)
 5 APPPATH\Controllers\Home.php(256): view('user/section_attendance', [...])
 6 SYSTEMPATH\CodeIgniter.php(898): App\Controllers\Home->section_attendance('MERCURY', '7', '1')
 7 SYSTEMPATH\CodeIgniter.php(468): CodeIgniter\CodeIgniter->runController(Object(App\Controllers\Home))
 8 SYSTEMPATH\CodeIgniter.php(351): CodeIgniter\CodeIgniter->handleRequest(null, Object(Config\Cache), false)
 9 FCPATH\index.php(55): CodeIgniter\CodeIgniter->run()
10 SYSTEMPATH\Commands\Server\rewrite.php(43): require_once('FCPATH\\index.php')
CRITICAL - 2023-01-11 18:18:33 --> Undefined variable $grade
in APPPATH\Views\user\section_attendance.php on line 81.
 1 APPPATH\Views\user\section_attendance.php(81): CodeIgniter\Debug\Exceptions->errorHandler(2, 'Undefined variable $grade', 'APPPATH\\Views\\user\\section_attendance.php', 81)
 2 SYSTEMPATH\View\View.php(213): include('APPPATH\\Views\\user\\section_attendance.php')
 3 SYSTEMPATH\View\View.php(216): CodeIgniter\View\View->CodeIgniter\View\{closure}()
 4 SYSTEMPATH\Common.php(1135): CodeIgniter\View\View->render('user/section_attendance', [], true)
 5 APPPATH\Controllers\Home.php(256): view('user/section_attendance', [...])
 6 SYSTEMPATH\CodeIgniter.php(898): App\Controllers\Home->section_attendance('MERCURY', '7', '1')
 7 SYSTEMPATH\CodeIgniter.php(468): CodeIgniter\CodeIgniter->runController(Object(App\Controllers\Home))
 8 SYSTEMPATH\CodeIgniter.php(351): CodeIgniter\CodeIgniter->handleRequest(null, Object(Config\Cache), false)
 9 FCPATH\index.php(55): CodeIgniter\CodeIgniter->run()
10 SYSTEMPATH\Commands\Server\rewrite.php(43): require_once('FCPATH\\index.php')
CRITICAL - 2023-01-11 18:18:40 --> Undefined property: mysqli::$DATE
in APPPATH\Views\user\section_attendance.php on line 99.
 1 APPPATH\Views\user\section_attendance.php(99): CodeIgniter\Debug\Exceptions->errorHandler(2, 'Undefined property: mysqli::$DATE', 'APPPATH\\Views\\user\\section_attendance.php', 99)
 2 SYSTEMPATH\View\View.php(213): include('APPPATH\\Views\\user\\section_attendance.php')
 3 SYSTEMPATH\View\View.php(216): CodeIgniter\View\View->CodeIgniter\View\{closure}()
 4 SYSTEMPATH\Common.php(1135): CodeIgniter\View\View->render('user/section_attendance', [], true)
 5 APPPATH\Controllers\Home.php(256): view('user/section_attendance', [...])
 6 SYSTEMPATH\CodeIgniter.php(898): App\Controllers\Home->section_attendance('MERCURY', '7', '1')
 7 SYSTEMPATH\CodeIgniter.php(468): CodeIgniter\CodeIgniter->runController(Object(App\Controllers\Home))
 8 SYSTEMPATH\CodeIgniter.php(351): CodeIgniter\CodeIgniter->handleRequest(null, Object(Config\Cache), false)
 9 FCPATH\index.php(55): CodeIgniter\CodeIgniter->run()
10 SYSTEMPATH\Commands\Server\rewrite.php(43): require_once('FCPATH\\index.php')
