CRITICAL - 2022-09-10 03:27:34 --> Undefined variable $descryptedQRCode
in APPPATH\Controllers\PdfController.php on line 44.
 1 APPPATH\Controllers\PdfController.php(44): CodeIgniter\Debug\Exceptions->errorHandler(2, 'Undefined variable $descryptedQRCode', 'APPPATH\\Controllers\\PdfController.php', 44)
 2 SYSTEMPATH\CodeIgniter.php(898): App\Controllers\PdfController->studenHTMLTOPDF('1')
 3 SYSTEMPATH\CodeIgniter.php(468): CodeIgniter\CodeIgniter->runController(Object(App\Controllers\PdfController))
 4 SYSTEMPATH\CodeIgniter.php(351): CodeIgniter\CodeIgniter->handleRequest(null, Object(Config\Cache), false)
 5 FCPATH\index.php(55): CodeIgniter\CodeIgniter->run()
 6 SYSTEMPATH\Commands\Server\rewrite.php(43): require_once('FCPATH\\index.php')
CRITICAL - 2022-09-10 03:28:19 --> Class "Mpdf\Mpdf" not found
in APPPATH\Controllers\PdfController.php on line 55.
 1 SYSTEMPATH\CodeIgniter.php(898): App\Controllers\PdfController->studenHTMLTOPDF('1')
 2 SYSTEMPATH\CodeIgniter.php(468): CodeIgniter\CodeIgniter->runController(Object(App\Controllers\PdfController))
 3 SYSTEMPATH\CodeIgniter.php(351): CodeIgniter\CodeIgniter->handleRequest(null, Object(Config\Cache), false)
 4 FCPATH\index.php(55): CodeIgniter\CodeIgniter->run()
 5 SYSTEMPATH\Commands\Server\rewrite.php(43): require_once('FCPATH\\index.php')
CRITICAL - 2022-09-10 03:31:20 --> CodeIgniter\HTTP\RedirectResponse::to(): Argument #1 ($uri) must be of type string, null given, called in C:\Users\Solutions Resource\Projects\Web-and-Mobile-Attendance-System\app\Controllers\PdfController.php on line 58
in SYSTEMPATH\HTTP\RedirectResponse.php on line 32.
 1 APPPATH\Controllers\PdfController.php(58): CodeIgniter\HTTP\RedirectResponse->to(null, 'I')
 2 SYSTEMPATH\CodeIgniter.php(898): App\Controllers\PdfController->studenHTMLTOPDF('1')
 3 SYSTEMPATH\CodeIgniter.php(468): CodeIgniter\CodeIgniter->runController(Object(App\Controllers\PdfController))
 4 SYSTEMPATH\CodeIgniter.php(351): CodeIgniter\CodeIgniter->handleRequest(null, Object(Config\Cache), false)
 5 FCPATH\index.php(55): CodeIgniter\CodeIgniter->run()
 6 SYSTEMPATH\Commands\Server\rewrite.php(43): require_once('FCPATH\\index.php')
CRITICAL - 2022-09-10 03:45:31 --> CodeIgniter\HTTP\RedirectResponse::to(): Argument #1 ($uri) must be of type string, null given, called in C:\Users\Solutions Resource\Projects\Web-and-Mobile-Attendance-System\app\Controllers\PdfController.php on line 58
in SYSTEMPATH\HTTP\RedirectResponse.php on line 32.
 1 APPPATH\Controllers\PdfController.php(58): CodeIgniter\HTTP\RedirectResponse->to(null)
 2 SYSTEMPATH\CodeIgniter.php(898): App\Controllers\PdfController->studenHTMLTOPDF('1')
 3 SYSTEMPATH\CodeIgniter.php(468): CodeIgniter\CodeIgniter->runController(Object(App\Controllers\PdfController))
 4 SYSTEMPATH\CodeIgniter.php(351): CodeIgniter\CodeIgniter->handleRequest(null, Object(Config\Cache), false)
 5 FCPATH\index.php(55): CodeIgniter\CodeIgniter->run()
 6 SYSTEMPATH\Commands\Server\rewrite.php(43): require_once('FCPATH\\index.php')
CRITICAL - 2022-09-10 03:49:29 --> CodeIgniter\HTTP\RedirectResponse::to(): Argument #1 ($uri) must be of type string, null given, called in C:\Users\Solutions Resource\Projects\Web-and-Mobile-Attendance-System\app\Controllers\PdfController.php on line 58
in SYSTEMPATH\HTTP\RedirectResponse.php on line 32.
 1 APPPATH\Controllers\PdfController.php(58): CodeIgniter\HTTP\RedirectResponse->to(null)
 2 SYSTEMPATH\CodeIgniter.php(898): App\Controllers\PdfController->studenHTMLTOPDF('1')
 3 SYSTEMPATH\CodeIgniter.php(468): CodeIgniter\CodeIgniter->runController(Object(App\Controllers\PdfController))
 4 SYSTEMPATH\CodeIgniter.php(351): CodeIgniter\CodeIgniter->handleRequest(null, Object(Config\Cache), false)
 5 FCPATH\index.php(55): CodeIgniter\CodeIgniter->run()
 6 SYSTEMPATH\Commands\Server\rewrite.php(43): require_once('FCPATH\\index.php')
CRITICAL - 2022-09-10 03:55:34 --> CodeIgniter\HTTP\RedirectResponse::to(): Argument #1 ($uri) must be of type string, null given, called in C:\Users\Solutions Resource\Projects\Web-and-Mobile-Attendance-System\app\Controllers\PdfController.php on line 60
in SYSTEMPATH\HTTP\RedirectResponse.php on line 32.
 1 APPPATH\Controllers\PdfController.php(60): CodeIgniter\HTTP\RedirectResponse->to(null)
 2 SYSTEMPATH\CodeIgniter.php(898): App\Controllers\PdfController->studenHTMLTOPDF('1')
 3 SYSTEMPATH\CodeIgniter.php(468): CodeIgniter\CodeIgniter->runController(Object(App\Controllers\PdfController))
 4 SYSTEMPATH\CodeIgniter.php(351): CodeIgniter\CodeIgniter->handleRequest(null, Object(Config\Cache), false)
 5 FCPATH\index.php(55): CodeIgniter\CodeIgniter->run()
 6 SYSTEMPATH\Commands\Server\rewrite.php(43): require_once('FCPATH\\index.php')
CRITICAL - 2022-09-10 03:57:34 --> CodeIgniter\HTTP\RedirectResponse::to(): Argument #1 ($uri) must be of type string, null given, called in C:\Users\Solutions Resource\Projects\Web-and-Mobile-Attendance-System\app\Controllers\PdfController.php on line 60
in SYSTEMPATH\HTTP\RedirectResponse.php on line 32.
 1 APPPATH\Controllers\PdfController.php(60): CodeIgniter\HTTP\RedirectResponse->to(null)
 2 SYSTEMPATH\CodeIgniter.php(898): App\Controllers\PdfController->studenHTMLTOPDF('1')
 3 SYSTEMPATH\CodeIgniter.php(468): CodeIgniter\CodeIgniter->runController(Object(App\Controllers\PdfController))
 4 SYSTEMPATH\CodeIgniter.php(351): CodeIgniter\CodeIgniter->handleRequest(null, Object(Config\Cache), false)
 5 FCPATH\index.php(55): CodeIgniter\CodeIgniter->run()
 6 SYSTEMPATH\Commands\Server\rewrite.php(43): require_once('FCPATH\\index.php')
CRITICAL - 2022-09-10 03:57:47 --> CodeIgniter\HTTP\RedirectResponse::to(): Argument #1 ($uri) must be of type string, null given, called in C:\Users\Solutions Resource\Projects\Web-and-Mobile-Attendance-System\app\Controllers\PdfController.php on line 60
in SYSTEMPATH\HTTP\RedirectResponse.php on line 32.
 1 APPPATH\Controllers\PdfController.php(60): CodeIgniter\HTTP\RedirectResponse->to(null)
 2 SYSTEMPATH\CodeIgniter.php(898): App\Controllers\PdfController->studenHTMLTOPDF('1')
 3 SYSTEMPATH\CodeIgniter.php(468): CodeIgniter\CodeIgniter->runController(Object(App\Controllers\PdfController))
 4 SYSTEMPATH\CodeIgniter.php(351): CodeIgniter\CodeIgniter->handleRequest(null, Object(Config\Cache), false)
 5 FCPATH\index.php(55): CodeIgniter\CodeIgniter->run()
 6 SYSTEMPATH\Commands\Server\rewrite.php(43): require_once('FCPATH\\index.php')
CRITICAL - 2022-09-10 03:58:09 --> CodeIgniter\HTTP\RedirectResponse::to(): Argument #1 ($uri) must be of type string, null given, called in C:\Users\Solutions Resource\Projects\Web-and-Mobile-Attendance-System\app\Controllers\PdfController.php on line 60
in SYSTEMPATH\HTTP\RedirectResponse.php on line 32.
 1 APPPATH\Controllers\PdfController.php(60): CodeIgniter\HTTP\RedirectResponse->to(null)
 2 SYSTEMPATH\CodeIgniter.php(898): App\Controllers\PdfController->studenHTMLTOPDF('1')
 3 SYSTEMPATH\CodeIgniter.php(468): CodeIgniter\CodeIgniter->runController(Object(App\Controllers\PdfController))
 4 SYSTEMPATH\CodeIgniter.php(351): CodeIgniter\CodeIgniter->handleRequest(null, Object(Config\Cache), false)
 5 FCPATH\index.php(55): CodeIgniter\CodeIgniter->run()
 6 SYSTEMPATH\Commands\Server\rewrite.php(43): require_once('FCPATH\\index.php')
CRITICAL - 2022-09-10 04:55:25 --> CodeIgniter\HTTP\RedirectResponse::to(): Argument #1 ($uri) must be of type string, null given, called in C:\Users\Solutions Resource\Projects\Web-and-Mobile-Attendance-System\app\Controllers\PdfController.php on line 60
in SYSTEMPATH\HTTP\RedirectResponse.php on line 32.
 1 APPPATH\Controllers\PdfController.php(60): CodeIgniter\HTTP\RedirectResponse->to(null)
 2 SYSTEMPATH\CodeIgniter.php(898): App\Controllers\PdfController->studenHTMLTOPDF('1')
 3 SYSTEMPATH\CodeIgniter.php(468): CodeIgniter\CodeIgniter->runController(Object(App\Controllers\PdfController))
 4 SYSTEMPATH\CodeIgniter.php(351): CodeIgniter\CodeIgniter->handleRequest(null, Object(Config\Cache), false)
 5 FCPATH\index.php(55): CodeIgniter\CodeIgniter->run()
 6 SYSTEMPATH\Commands\Server\rewrite.php(43): require_once('FCPATH\\index.php')
CRITICAL - 2022-09-10 04:55:48 --> CodeIgniter\HTTP\RedirectResponse::to(): Argument #1 ($uri) must be of type string, null given, called in C:\Users\Solutions Resource\Projects\Web-and-Mobile-Attendance-System\app\Controllers\PdfController.php on line 60
in SYSTEMPATH\HTTP\RedirectResponse.php on line 32.
 1 APPPATH\Controllers\PdfController.php(60): CodeIgniter\HTTP\RedirectResponse->to(null)
 2 SYSTEMPATH\CodeIgniter.php(898): App\Controllers\PdfController->studenHTMLTOPDF('1')
 3 SYSTEMPATH\CodeIgniter.php(468): CodeIgniter\CodeIgniter->runController(Object(App\Controllers\PdfController))
 4 SYSTEMPATH\CodeIgniter.php(351): CodeIgniter\CodeIgniter->handleRequest(null, Object(Config\Cache), false)
 5 FCPATH\index.php(55): CodeIgniter\CodeIgniter->run()
 6 SYSTEMPATH\Commands\Server\rewrite.php(43): require_once('FCPATH\\index.php')
CRITICAL - 2022-09-10 04:58:41 --> Undefined variable $tester
in APPPATH\Controllers\PdfController.php on line 60.
 1 APPPATH\Controllers\PdfController.php(60): CodeIgniter\Debug\Exceptions->errorHandler(2, 'Undefined variable $tester', 'APPPATH\\Controllers\\PdfController.php', 60)
 2 SYSTEMPATH\CodeIgniter.php(898): App\Controllers\PdfController->studenHTMLTOPDF('1')
 3 SYSTEMPATH\CodeIgniter.php(468): CodeIgniter\CodeIgniter->runController(Object(App\Controllers\PdfController))
 4 SYSTEMPATH\CodeIgniter.php(351): CodeIgniter\CodeIgniter->handleRequest(null, Object(Config\Cache), false)
 5 FCPATH\index.php(55): CodeIgniter\CodeIgniter->run()
 6 SYSTEMPATH\Commands\Server\rewrite.php(43): require_once('FCPATH\\index.php')
CRITICAL - 2022-09-10 04:58:59 --> CodeIgniter\HTTP\RedirectResponse::to(): Argument #1 ($uri) must be of type string, null given, called in C:\Users\Solutions Resource\Projects\Web-and-Mobile-Attendance-System\app\Controllers\PdfController.php on line 62
in SYSTEMPATH\HTTP\RedirectResponse.php on line 32.
 1 APPPATH\Controllers\PdfController.php(62): CodeIgniter\HTTP\RedirectResponse->to(null)
 2 SYSTEMPATH\CodeIgniter.php(898): App\Controllers\PdfController->studenHTMLTOPDF('1')
 3 SYSTEMPATH\CodeIgniter.php(468): CodeIgniter\CodeIgniter->runController(Object(App\Controllers\PdfController))
 4 SYSTEMPATH\CodeIgniter.php(351): CodeIgniter\CodeIgniter->handleRequest(null, Object(Config\Cache), false)
 5 FCPATH\index.php(55): CodeIgniter\CodeIgniter->run()
 6 SYSTEMPATH\Commands\Server\rewrite.php(43): require_once('FCPATH\\index.php')
CRITICAL - 2022-09-10 05:17:08 --> CodeIgniter\HTTP\RedirectResponse::to(): Argument #1 ($uri) must be of type string, null given, called in C:\Users\Solutions Resource\Projects\Web-and-Mobile-Attendance-System\app\Controllers\PdfController.php on line 62
in SYSTEMPATH\HTTP\RedirectResponse.php on line 32.
 1 APPPATH\Controllers\PdfController.php(62): CodeIgniter\HTTP\RedirectResponse->to(null)
 2 SYSTEMPATH\CodeIgniter.php(898): App\Controllers\PdfController->studenHTMLTOPDF('1')
 3 SYSTEMPATH\CodeIgniter.php(468): CodeIgniter\CodeIgniter->runController(Object(App\Controllers\PdfController))
 4 SYSTEMPATH\CodeIgniter.php(351): CodeIgniter\CodeIgniter->handleRequest(null, Object(Config\Cache), false)
 5 FCPATH\index.php(55): CodeIgniter\CodeIgniter->run()
 6 SYSTEMPATH\Commands\Server\rewrite.php(43): require_once('FCPATH\\index.php')
CRITICAL - 2022-09-10 05:17:38 --> CodeIgniter\HTTP\RedirectResponse::to(): Argument #1 ($uri) must be of type string, null given, called in C:\Users\Solutions Resource\Projects\Web-and-Mobile-Attendance-System\app\Controllers\PdfController.php on line 62
in SYSTEMPATH\HTTP\RedirectResponse.php on line 32.
 1 APPPATH\Controllers\PdfController.php(62): CodeIgniter\HTTP\RedirectResponse->to(null)
 2 SYSTEMPATH\CodeIgniter.php(898): App\Controllers\PdfController->studenHTMLTOPDF('1')
 3 SYSTEMPATH\CodeIgniter.php(468): CodeIgniter\CodeIgniter->runController(Object(App\Controllers\PdfController))
 4 SYSTEMPATH\CodeIgniter.php(351): CodeIgniter\CodeIgniter->handleRequest(null, Object(Config\Cache), false)
 5 FCPATH\index.php(55): CodeIgniter\CodeIgniter->run()
 6 SYSTEMPATH\Commands\Server\rewrite.php(43): require_once('FCPATH\\index.php')
CRITICAL - 2022-09-10 05:17:45 --> CodeIgniter\HTTP\RedirectResponse::to(): Argument #1 ($uri) must be of type string, null given, called in C:\Users\Solutions Resource\Projects\Web-and-Mobile-Attendance-System\app\Controllers\PdfController.php on line 62
in SYSTEMPATH\HTTP\RedirectResponse.php on line 32.
 1 APPPATH\Controllers\PdfController.php(62): CodeIgniter\HTTP\RedirectResponse->to(null)
 2 SYSTEMPATH\CodeIgniter.php(898): App\Controllers\PdfController->studenHTMLTOPDF('1')
 3 SYSTEMPATH\CodeIgniter.php(468): CodeIgniter\CodeIgniter->runController(Object(App\Controllers\PdfController))
 4 SYSTEMPATH\CodeIgniter.php(351): CodeIgniter\CodeIgniter->handleRequest(null, Object(Config\Cache), false)
 5 FCPATH\index.php(55): CodeIgniter\CodeIgniter->run()
 6 SYSTEMPATH\Commands\Server\rewrite.php(43): require_once('FCPATH\\index.php')
CRITICAL - 2022-09-10 05:29:18 --> Unsupported operand types: string + string
in APPPATH\Controllers\PdfController.php on line 65.
 1 SYSTEMPATH\CodeIgniter.php(898): App\Controllers\PdfController->studenHTMLTOPDF('1')
 2 SYSTEMPATH\CodeIgniter.php(468): CodeIgniter\CodeIgniter->runController(Object(App\Controllers\PdfController))
 3 SYSTEMPATH\CodeIgniter.php(351): CodeIgniter\CodeIgniter->handleRequest(null, Object(Config\Cache), false)
 4 FCPATH\index.php(55): CodeIgniter\CodeIgniter->run()
 5 SYSTEMPATH\Commands\Server\rewrite.php(43): require_once('FCPATH\\index.php')
CRITICAL - 2022-09-10 05:29:48 --> Unsupported operand types: string + bool
in APPPATH\Controllers\PdfController.php on line 65.
 1 SYSTEMPATH\CodeIgniter.php(898): App\Controllers\PdfController->studenHTMLTOPDF('1')
 2 SYSTEMPATH\CodeIgniter.php(468): CodeIgniter\CodeIgniter->runController(Object(App\Controllers\PdfController))
 3 SYSTEMPATH\CodeIgniter.php(351): CodeIgniter\CodeIgniter->handleRequest(null, Object(Config\Cache), false)
 4 FCPATH\index.php(55): CodeIgniter\CodeIgniter->run()
 5 SYSTEMPATH\Commands\Server\rewrite.php(43): require_once('FCPATH\\index.php')
CRITICAL - 2022-09-10 05:30:28 --> Unsupported operand types: string + string
in APPPATH\Controllers\PdfController.php on line 66.
 1 SYSTEMPATH\CodeIgniter.php(898): App\Controllers\PdfController->studenHTMLTOPDF('1')
 2 SYSTEMPATH\CodeIgniter.php(468): CodeIgniter\CodeIgniter->runController(Object(App\Controllers\PdfController))
 3 SYSTEMPATH\CodeIgniter.php(351): CodeIgniter\CodeIgniter->handleRequest(null, Object(Config\Cache), false)
 4 FCPATH\index.php(55): CodeIgniter\CodeIgniter->run()
 5 SYSTEMPATH\Commands\Server\rewrite.php(43): require_once('FCPATH\\index.php')
CRITICAL - 2022-09-10 05:31:26 --> Unsupported operand types: string + string
in APPPATH\Controllers\PdfController.php on line 66.
 1 SYSTEMPATH\CodeIgniter.php(898): App\Controllers\PdfController->studenHTMLTOPDF('1')
 2 SYSTEMPATH\CodeIgniter.php(468): CodeIgniter\CodeIgniter->runController(Object(App\Controllers\PdfController))
 3 SYSTEMPATH\CodeIgniter.php(351): CodeIgniter\CodeIgniter->handleRequest(null, Object(Config\Cache), false)
 4 FCPATH\index.php(55): CodeIgniter\CodeIgniter->run()
 5 SYSTEMPATH\Commands\Server\rewrite.php(43): require_once('FCPATH\\index.php')
CRITICAL - 2022-09-10 05:31:45 --> CodeIgniter\HTTP\RedirectResponse::to(): Argument #1 ($uri) must be of type string, null given, called in C:\Users\Solutions Resource\Projects\Web-and-Mobile-Attendance-System\app\Controllers\PdfController.php on line 72
in SYSTEMPATH\HTTP\RedirectResponse.php on line 32.
 1 APPPATH\Controllers\PdfController.php(72): CodeIgniter\HTTP\RedirectResponse->to(null)
 2 SYSTEMPATH\CodeIgniter.php(898): App\Controllers\PdfController->studenHTMLTOPDF('1')
 3 SYSTEMPATH\CodeIgniter.php(468): CodeIgniter\CodeIgniter->runController(Object(App\Controllers\PdfController))
 4 SYSTEMPATH\CodeIgniter.php(351): CodeIgniter\CodeIgniter->handleRequest(null, Object(Config\Cache), false)
 5 FCPATH\index.php(55): CodeIgniter\CodeIgniter->run()
 6 SYSTEMPATH\Commands\Server\rewrite.php(43): require_once('FCPATH\\index.php')
CRITICAL - 2022-09-10 05:33:20 --> CodeIgniter\HTTP\RedirectResponse::to(): Argument #1 ($uri) must be of type string, null given, called in C:\Users\Solutions Resource\Projects\Web-and-Mobile-Attendance-System\app\Controllers\PdfController.php on line 72
in SYSTEMPATH\HTTP\RedirectResponse.php on line 32.
 1 APPPATH\Controllers\PdfController.php(72): CodeIgniter\HTTP\RedirectResponse->to(null)
 2 SYSTEMPATH\CodeIgniter.php(898): App\Controllers\PdfController->studenHTMLTOPDF('1')
 3 SYSTEMPATH\CodeIgniter.php(468): CodeIgniter\CodeIgniter->runController(Object(App\Controllers\PdfController))
 4 SYSTEMPATH\CodeIgniter.php(351): CodeIgniter\CodeIgniter->handleRequest(null, Object(Config\Cache), false)
 5 FCPATH\index.php(55): CodeIgniter\CodeIgniter->run()
 6 SYSTEMPATH\Commands\Server\rewrite.php(43): require_once('FCPATH\\index.php')
CRITICAL - 2022-09-10 05:33:41 --> CodeIgniter\HTTP\RedirectResponse::to(): Argument #1 ($uri) must be of type string, null given, called in C:\Users\Solutions Resource\Projects\Web-and-Mobile-Attendance-System\app\Controllers\PdfController.php on line 72
in SYSTEMPATH\HTTP\RedirectResponse.php on line 32.
 1 APPPATH\Controllers\PdfController.php(72): CodeIgniter\HTTP\RedirectResponse->to(null)
 2 SYSTEMPATH\CodeIgniter.php(898): App\Controllers\PdfController->studenHTMLTOPDF('1')
 3 SYSTEMPATH\CodeIgniter.php(468): CodeIgniter\CodeIgniter->runController(Object(App\Controllers\PdfController))
 4 SYSTEMPATH\CodeIgniter.php(351): CodeIgniter\CodeIgniter->handleRequest(null, Object(Config\Cache), false)
 5 FCPATH\index.php(55): CodeIgniter\CodeIgniter->run()
 6 SYSTEMPATH\Commands\Server\rewrite.php(43): require_once('FCPATH\\index.php')
CRITICAL - 2022-09-10 05:34:21 --> CodeIgniter\HTTP\RedirectResponse::to(): Argument #1 ($uri) must be of type string, null given, called in C:\Users\Solutions Resource\Projects\Web-and-Mobile-Attendance-System\app\Controllers\PdfController.php on line 72
in SYSTEMPATH\HTTP\RedirectResponse.php on line 32.
 1 APPPATH\Controllers\PdfController.php(72): CodeIgniter\HTTP\RedirectResponse->to(null)
 2 SYSTEMPATH\CodeIgniter.php(898): App\Controllers\PdfController->studenHTMLTOPDF('1')
 3 SYSTEMPATH\CodeIgniter.php(468): CodeIgniter\CodeIgniter->runController(Object(App\Controllers\PdfController))
 4 SYSTEMPATH\CodeIgniter.php(351): CodeIgniter\CodeIgniter->handleRequest(null, Object(Config\Cache), false)
 5 FCPATH\index.php(55): CodeIgniter\CodeIgniter->run()
 6 SYSTEMPATH\Commands\Server\rewrite.php(43): require_once('FCPATH\\index.php')
CRITICAL - 2022-09-10 05:35:13 --> CodeIgniter\HTTP\RedirectResponse::to(): Argument #1 ($uri) must be of type string, null given, called in C:\Users\Solutions Resource\Projects\Web-and-Mobile-Attendance-System\app\Controllers\PdfController.php on line 72
in SYSTEMPATH\HTTP\RedirectResponse.php on line 32.
 1 APPPATH\Controllers\PdfController.php(72): CodeIgniter\HTTP\RedirectResponse->to(null)
 2 SYSTEMPATH\CodeIgniter.php(898): App\Controllers\PdfController->studenHTMLTOPDF('1')
 3 SYSTEMPATH\CodeIgniter.php(468): CodeIgniter\CodeIgniter->runController(Object(App\Controllers\PdfController))
 4 SYSTEMPATH\CodeIgniter.php(351): CodeIgniter\CodeIgniter->handleRequest(null, Object(Config\Cache), false)
 5 FCPATH\index.php(55): CodeIgniter\CodeIgniter->run()
 6 SYSTEMPATH\Commands\Server\rewrite.php(43): require_once('FCPATH\\index.php')
CRITICAL - 2022-09-10 05:35:18 --> CodeIgniter\HTTP\RedirectResponse::to(): Argument #1 ($uri) must be of type string, null given, called in C:\Users\Solutions Resource\Projects\Web-and-Mobile-Attendance-System\app\Controllers\PdfController.php on line 72
in SYSTEMPATH\HTTP\RedirectResponse.php on line 32.
 1 APPPATH\Controllers\PdfController.php(72): CodeIgniter\HTTP\RedirectResponse->to(null)
 2 SYSTEMPATH\CodeIgniter.php(898): App\Controllers\PdfController->studenHTMLTOPDF('1')
 3 SYSTEMPATH\CodeIgniter.php(468): CodeIgniter\CodeIgniter->runController(Object(App\Controllers\PdfController))
 4 SYSTEMPATH\CodeIgniter.php(351): CodeIgniter\CodeIgniter->handleRequest(null, Object(Config\Cache), false)
 5 FCPATH\index.php(55): CodeIgniter\CodeIgniter->run()
 6 SYSTEMPATH\Commands\Server\rewrite.php(43): require_once('FCPATH\\index.php')
CRITICAL - 2022-09-10 05:37:29 --> CodeIgniter\HTTP\RedirectResponse::to(): Argument #1 ($uri) must be of type string, null given, called in C:\Users\Solutions Resource\Projects\Web-and-Mobile-Attendance-System\app\Controllers\PdfController.php on line 74
in SYSTEMPATH\HTTP\RedirectResponse.php on line 32.
 1 APPPATH\Controllers\PdfController.php(74): CodeIgniter\HTTP\RedirectResponse->to(null)
 2 SYSTEMPATH\CodeIgniter.php(898): App\Controllers\PdfController->studenHTMLTOPDF('1')
 3 SYSTEMPATH\CodeIgniter.php(468): CodeIgniter\CodeIgniter->runController(Object(App\Controllers\PdfController))
 4 SYSTEMPATH\CodeIgniter.php(351): CodeIgniter\CodeIgniter->handleRequest(null, Object(Config\Cache), false)
 5 FCPATH\index.php(55): CodeIgniter\CodeIgniter->run()
 6 SYSTEMPATH\Commands\Server\rewrite.php(43): require_once('FCPATH\\index.php')
CRITICAL - 2022-09-10 05:37:36 --> CodeIgniter\HTTP\RedirectResponse::to(): Argument #1 ($uri) must be of type string, null given, called in C:\Users\Solutions Resource\Projects\Web-and-Mobile-Attendance-System\app\Controllers\PdfController.php on line 74
in SYSTEMPATH\HTTP\RedirectResponse.php on line 32.
 1 APPPATH\Controllers\PdfController.php(74): CodeIgniter\HTTP\RedirectResponse->to(null)
 2 SYSTEMPATH\CodeIgniter.php(898): App\Controllers\PdfController->studenHTMLTOPDF('1')
 3 SYSTEMPATH\CodeIgniter.php(468): CodeIgniter\CodeIgniter->runController(Object(App\Controllers\PdfController))
 4 SYSTEMPATH\CodeIgniter.php(351): CodeIgniter\CodeIgniter->handleRequest(null, Object(Config\Cache), false)
 5 FCPATH\index.php(55): CodeIgniter\CodeIgniter->run()
 6 SYSTEMPATH\Commands\Server\rewrite.php(43): require_once('FCPATH\\index.php')
CRITICAL - 2022-09-10 05:38:22 --> CodeIgniter\HTTP\RedirectResponse::to(): Argument #1 ($uri) must be of type string, null given, called in C:\Users\Solutions Resource\Projects\Web-and-Mobile-Attendance-System\app\Controllers\PdfController.php on line 74
in SYSTEMPATH\HTTP\RedirectResponse.php on line 32.
 1 APPPATH\Controllers\PdfController.php(74): CodeIgniter\HTTP\RedirectResponse->to(null)
 2 SYSTEMPATH\CodeIgniter.php(898): App\Controllers\PdfController->studenHTMLTOPDF('1')
 3 SYSTEMPATH\CodeIgniter.php(468): CodeIgniter\CodeIgniter->runController(Object(App\Controllers\PdfController))
 4 SYSTEMPATH\CodeIgniter.php(351): CodeIgniter\CodeIgniter->handleRequest(null, Object(Config\Cache), false)
 5 FCPATH\index.php(55): CodeIgniter\CodeIgniter->run()
 6 SYSTEMPATH\Commands\Server\rewrite.php(43): require_once('FCPATH\\index.php')
CRITICAL - 2022-09-10 05:38:28 --> CodeIgniter\HTTP\RedirectResponse::to(): Argument #1 ($uri) must be of type string, null given, called in C:\Users\Solutions Resource\Projects\Web-and-Mobile-Attendance-System\app\Controllers\PdfController.php on line 74
in SYSTEMPATH\HTTP\RedirectResponse.php on line 32.
 1 APPPATH\Controllers\PdfController.php(74): CodeIgniter\HTTP\RedirectResponse->to(null)
 2 SYSTEMPATH\CodeIgniter.php(898): App\Controllers\PdfController->studenHTMLTOPDF('1')
 3 SYSTEMPATH\CodeIgniter.php(468): CodeIgniter\CodeIgniter->runController(Object(App\Controllers\PdfController))
 4 SYSTEMPATH\CodeIgniter.php(351): CodeIgniter\CodeIgniter->handleRequest(null, Object(Config\Cache), false)
 5 FCPATH\index.php(55): CodeIgniter\CodeIgniter->run()
 6 SYSTEMPATH\Commands\Server\rewrite.php(43): require_once('FCPATH\\index.php')
CRITICAL - 2022-09-10 05:38:40 --> CodeIgniter\HTTP\RedirectResponse::to(): Argument #1 ($uri) must be of type string, null given, called in C:\Users\Solutions Resource\Projects\Web-and-Mobile-Attendance-System\app\Controllers\PdfController.php on line 74
in SYSTEMPATH\HTTP\RedirectResponse.php on line 32.
 1 APPPATH\Controllers\PdfController.php(74): CodeIgniter\HTTP\RedirectResponse->to(null)
 2 SYSTEMPATH\CodeIgniter.php(898): App\Controllers\PdfController->studenHTMLTOPDF('1')
 3 SYSTEMPATH\CodeIgniter.php(468): CodeIgniter\CodeIgniter->runController(Object(App\Controllers\PdfController))
 4 SYSTEMPATH\CodeIgniter.php(351): CodeIgniter\CodeIgniter->handleRequest(null, Object(Config\Cache), false)
 5 FCPATH\index.php(55): CodeIgniter\CodeIgniter->run()
 6 SYSTEMPATH\Commands\Server\rewrite.php(43): require_once('FCPATH\\index.php')
CRITICAL - 2022-09-10 05:38:46 --> CodeIgniter\HTTP\RedirectResponse::to(): Argument #1 ($uri) must be of type string, null given, called in C:\Users\Solutions Resource\Projects\Web-and-Mobile-Attendance-System\app\Controllers\PdfController.php on line 74
in SYSTEMPATH\HTTP\RedirectResponse.php on line 32.
 1 APPPATH\Controllers\PdfController.php(74): CodeIgniter\HTTP\RedirectResponse->to(null)
 2 SYSTEMPATH\CodeIgniter.php(898): App\Controllers\PdfController->studenHTMLTOPDF('1')
 3 SYSTEMPATH\CodeIgniter.php(468): CodeIgniter\CodeIgniter->runController(Object(App\Controllers\PdfController))
 4 SYSTEMPATH\CodeIgniter.php(351): CodeIgniter\CodeIgniter->handleRequest(null, Object(Config\Cache), false)
 5 FCPATH\index.php(55): CodeIgniter\CodeIgniter->run()
 6 SYSTEMPATH\Commands\Server\rewrite.php(43): require_once('FCPATH\\index.php')
CRITICAL - 2022-09-10 05:39:03 --> CodeIgniter\HTTP\RedirectResponse::to(): Argument #1 ($uri) must be of type string, null given, called in C:\Users\Solutions Resource\Projects\Web-and-Mobile-Attendance-System\app\Controllers\PdfController.php on line 74
in SYSTEMPATH\HTTP\RedirectResponse.php on line 32.
 1 APPPATH\Controllers\PdfController.php(74): CodeIgniter\HTTP\RedirectResponse->to(null)
 2 SYSTEMPATH\CodeIgniter.php(898): App\Controllers\PdfController->studenHTMLTOPDF('1')
 3 SYSTEMPATH\CodeIgniter.php(468): CodeIgniter\CodeIgniter->runController(Object(App\Controllers\PdfController))
 4 SYSTEMPATH\CodeIgniter.php(351): CodeIgniter\CodeIgniter->handleRequest(null, Object(Config\Cache), false)
 5 FCPATH\index.php(55): CodeIgniter\CodeIgniter->run()
 6 SYSTEMPATH\Commands\Server\rewrite.php(43): require_once('FCPATH\\index.php')
CRITICAL - 2022-09-10 05:39:11 --> CodeIgniter\HTTP\RedirectResponse::to(): Argument #1 ($uri) must be of type string, null given, called in C:\Users\Solutions Resource\Projects\Web-and-Mobile-Attendance-System\app\Controllers\PdfController.php on line 74
in SYSTEMPATH\HTTP\RedirectResponse.php on line 32.
 1 APPPATH\Controllers\PdfController.php(74): CodeIgniter\HTTP\RedirectResponse->to(null)
 2 SYSTEMPATH\CodeIgniter.php(898): App\Controllers\PdfController->studenHTMLTOPDF('1')
 3 SYSTEMPATH\CodeIgniter.php(468): CodeIgniter\CodeIgniter->runController(Object(App\Controllers\PdfController))
 4 SYSTEMPATH\CodeIgniter.php(351): CodeIgniter\CodeIgniter->handleRequest(null, Object(Config\Cache), false)
 5 FCPATH\index.php(55): CodeIgniter\CodeIgniter->run()
 6 SYSTEMPATH\Commands\Server\rewrite.php(43): require_once('FCPATH\\index.php')
CRITICAL - 2022-09-10 05:39:15 --> CodeIgniter\HTTP\RedirectResponse::to(): Argument #1 ($uri) must be of type string, null given, called in C:\Users\Solutions Resource\Projects\Web-and-Mobile-Attendance-System\app\Controllers\PdfController.php on line 74
in SYSTEMPATH\HTTP\RedirectResponse.php on line 32.
 1 APPPATH\Controllers\PdfController.php(74): CodeIgniter\HTTP\RedirectResponse->to(null)
 2 SYSTEMPATH\CodeIgniter.php(898): App\Controllers\PdfController->studenHTMLTOPDF('1')
 3 SYSTEMPATH\CodeIgniter.php(468): CodeIgniter\CodeIgniter->runController(Object(App\Controllers\PdfController))
 4 SYSTEMPATH\CodeIgniter.php(351): CodeIgniter\CodeIgniter->handleRequest(null, Object(Config\Cache), false)
 5 FCPATH\index.php(55): CodeIgniter\CodeIgniter->run()
 6 SYSTEMPATH\Commands\Server\rewrite.php(43): require_once('FCPATH\\index.php')
CRITICAL - 2022-09-10 05:39:21 --> CodeIgniter\HTTP\RedirectResponse::to(): Argument #1 ($uri) must be of type string, null given, called in C:\Users\Solutions Resource\Projects\Web-and-Mobile-Attendance-System\app\Controllers\PdfController.php on line 74
in SYSTEMPATH\HTTP\RedirectResponse.php on line 32.
 1 APPPATH\Controllers\PdfController.php(74): CodeIgniter\HTTP\RedirectResponse->to(null)
 2 SYSTEMPATH\CodeIgniter.php(898): App\Controllers\PdfController->studenHTMLTOPDF('1')
 3 SYSTEMPATH\CodeIgniter.php(468): CodeIgniter\CodeIgniter->runController(Object(App\Controllers\PdfController))
 4 SYSTEMPATH\CodeIgniter.php(351): CodeIgniter\CodeIgniter->handleRequest(null, Object(Config\Cache), false)
 5 FCPATH\index.php(55): CodeIgniter\CodeIgniter->run()
 6 SYSTEMPATH\Commands\Server\rewrite.php(43): require_once('FCPATH\\index.php')
CRITICAL - 2022-09-10 05:39:29 --> CodeIgniter\HTTP\RedirectResponse::to(): Argument #1 ($uri) must be of type string, null given, called in C:\Users\Solutions Resource\Projects\Web-and-Mobile-Attendance-System\app\Controllers\PdfController.php on line 74
in SYSTEMPATH\HTTP\RedirectResponse.php on line 32.
 1 APPPATH\Controllers\PdfController.php(74): CodeIgniter\HTTP\RedirectResponse->to(null)
 2 SYSTEMPATH\CodeIgniter.php(898): App\Controllers\PdfController->studenHTMLTOPDF('1')
 3 SYSTEMPATH\CodeIgniter.php(468): CodeIgniter\CodeIgniter->runController(Object(App\Controllers\PdfController))
 4 SYSTEMPATH\CodeIgniter.php(351): CodeIgniter\CodeIgniter->handleRequest(null, Object(Config\Cache), false)
 5 FCPATH\index.php(55): CodeIgniter\CodeIgniter->run()
 6 SYSTEMPATH\Commands\Server\rewrite.php(43): require_once('FCPATH\\index.php')
CRITICAL - 2022-09-10 05:39:35 --> CodeIgniter\HTTP\RedirectResponse::to(): Argument #1 ($uri) must be of type string, null given, called in C:\Users\Solutions Resource\Projects\Web-and-Mobile-Attendance-System\app\Controllers\PdfController.php on line 74
in SYSTEMPATH\HTTP\RedirectResponse.php on line 32.
 1 APPPATH\Controllers\PdfController.php(74): CodeIgniter\HTTP\RedirectResponse->to(null)
 2 SYSTEMPATH\CodeIgniter.php(898): App\Controllers\PdfController->studenHTMLTOPDF('1')
 3 SYSTEMPATH\CodeIgniter.php(468): CodeIgniter\CodeIgniter->runController(Object(App\Controllers\PdfController))
 4 SYSTEMPATH\CodeIgniter.php(351): CodeIgniter\CodeIgniter->handleRequest(null, Object(Config\Cache), false)
 5 FCPATH\index.php(55): CodeIgniter\CodeIgniter->run()
 6 SYSTEMPATH\Commands\Server\rewrite.php(43): require_once('FCPATH\\index.php')
CRITICAL - 2022-09-10 05:39:46 --> CodeIgniter\HTTP\RedirectResponse::to(): Argument #1 ($uri) must be of type string, null given, called in C:\Users\Solutions Resource\Projects\Web-and-Mobile-Attendance-System\app\Controllers\PdfController.php on line 74
in SYSTEMPATH\HTTP\RedirectResponse.php on line 32.
 1 APPPATH\Controllers\PdfController.php(74): CodeIgniter\HTTP\RedirectResponse->to(null)
 2 SYSTEMPATH\CodeIgniter.php(898): App\Controllers\PdfController->studenHTMLTOPDF('1')
 3 SYSTEMPATH\CodeIgniter.php(468): CodeIgniter\CodeIgniter->runController(Object(App\Controllers\PdfController))
 4 SYSTEMPATH\CodeIgniter.php(351): CodeIgniter\CodeIgniter->handleRequest(null, Object(Config\Cache), false)
 5 FCPATH\index.php(55): CodeIgniter\CodeIgniter->run()
 6 SYSTEMPATH\Commands\Server\rewrite.php(43): require_once('FCPATH\\index.php')
CRITICAL - 2022-09-10 05:40:14 --> CodeIgniter\HTTP\RedirectResponse::to(): Argument #1 ($uri) must be of type string, null given, called in C:\Users\Solutions Resource\Projects\Web-and-Mobile-Attendance-System\app\Controllers\PdfController.php on line 74
in SYSTEMPATH\HTTP\RedirectResponse.php on line 32.
 1 APPPATH\Controllers\PdfController.php(74): CodeIgniter\HTTP\RedirectResponse->to(null)
 2 SYSTEMPATH\CodeIgniter.php(898): App\Controllers\PdfController->studenHTMLTOPDF('1')
 3 SYSTEMPATH\CodeIgniter.php(468): CodeIgniter\CodeIgniter->runController(Object(App\Controllers\PdfController))
 4 SYSTEMPATH\CodeIgniter.php(351): CodeIgniter\CodeIgniter->handleRequest(null, Object(Config\Cache), false)
 5 FCPATH\index.php(55): CodeIgniter\CodeIgniter->run()
 6 SYSTEMPATH\Commands\Server\rewrite.php(43): require_once('FCPATH\\index.php')
CRITICAL - 2022-09-10 05:40:19 --> CodeIgniter\HTTP\RedirectResponse::to(): Argument #1 ($uri) must be of type string, null given, called in C:\Users\Solutions Resource\Projects\Web-and-Mobile-Attendance-System\app\Controllers\PdfController.php on line 74
in SYSTEMPATH\HTTP\RedirectResponse.php on line 32.
 1 APPPATH\Controllers\PdfController.php(74): CodeIgniter\HTTP\RedirectResponse->to(null)
 2 SYSTEMPATH\CodeIgniter.php(898): App\Controllers\PdfController->studenHTMLTOPDF('1')
 3 SYSTEMPATH\CodeIgniter.php(468): CodeIgniter\CodeIgniter->runController(Object(App\Controllers\PdfController))
 4 SYSTEMPATH\CodeIgniter.php(351): CodeIgniter\CodeIgniter->handleRequest(null, Object(Config\Cache), false)
 5 FCPATH\index.php(55): CodeIgniter\CodeIgniter->run()
 6 SYSTEMPATH\Commands\Server\rewrite.php(43): require_once('FCPATH\\index.php')
CRITICAL - 2022-09-10 05:40:40 --> CodeIgniter\HTTP\RedirectResponse::to(): Argument #1 ($uri) must be of type string, null given, called in C:\Users\Solutions Resource\Projects\Web-and-Mobile-Attendance-System\app\Controllers\PdfController.php on line 74
in SYSTEMPATH\HTTP\RedirectResponse.php on line 32.
 1 APPPATH\Controllers\PdfController.php(74): CodeIgniter\HTTP\RedirectResponse->to(null)
 2 SYSTEMPATH\CodeIgniter.php(898): App\Controllers\PdfController->studenHTMLTOPDF('1')
 3 SYSTEMPATH\CodeIgniter.php(468): CodeIgniter\CodeIgniter->runController(Object(App\Controllers\PdfController))
 4 SYSTEMPATH\CodeIgniter.php(351): CodeIgniter\CodeIgniter->handleRequest(null, Object(Config\Cache), false)
 5 FCPATH\index.php(55): CodeIgniter\CodeIgniter->run()
 6 SYSTEMPATH\Commands\Server\rewrite.php(43): require_once('FCPATH\\index.php')
CRITICAL - 2022-09-10 05:42:20 --> CodeIgniter\HTTP\RedirectResponse::to(): Argument #1 ($uri) must be of type string, null given, called in C:\Users\Solutions Resource\Projects\Web-and-Mobile-Attendance-System\app\Controllers\PdfController.php on line 75
in SYSTEMPATH\HTTP\RedirectResponse.php on line 32.
 1 APPPATH\Controllers\PdfController.php(75): CodeIgniter\HTTP\RedirectResponse->to(null)
 2 SYSTEMPATH\CodeIgniter.php(898): App\Controllers\PdfController->studenHTMLTOPDF('1')
 3 SYSTEMPATH\CodeIgniter.php(468): CodeIgniter\CodeIgniter->runController(Object(App\Controllers\PdfController))
 4 SYSTEMPATH\CodeIgniter.php(351): CodeIgniter\CodeIgniter->handleRequest(null, Object(Config\Cache), false)
 5 FCPATH\index.php(55): CodeIgniter\CodeIgniter->run()
 6 SYSTEMPATH\Commands\Server\rewrite.php(43): require_once('FCPATH\\index.php')
CRITICAL - 2022-09-10 05:43:59 --> CodeIgniter\HTTP\RedirectResponse::to(): Argument #1 ($uri) must be of type string, null given, called in C:\Users\Solutions Resource\Projects\Web-and-Mobile-Attendance-System\app\Controllers\PdfController.php on line 81
in SYSTEMPATH\HTTP\RedirectResponse.php on line 32.
 1 APPPATH\Controllers\PdfController.php(81): CodeIgniter\HTTP\RedirectResponse->to(null)
 2 SYSTEMPATH\CodeIgniter.php(898): App\Controllers\PdfController->studenHTMLTOPDF('1')
 3 SYSTEMPATH\CodeIgniter.php(468): CodeIgniter\CodeIgniter->runController(Object(App\Controllers\PdfController))
 4 SYSTEMPATH\CodeIgniter.php(351): CodeIgniter\CodeIgniter->handleRequest(null, Object(Config\Cache), false)
 5 FCPATH\index.php(55): CodeIgniter\CodeIgniter->run()
 6 SYSTEMPATH\Commands\Server\rewrite.php(43): require_once('FCPATH\\index.php')
CRITICAL - 2022-09-10 05:44:05 --> CodeIgniter\HTTP\RedirectResponse::to(): Argument #1 ($uri) must be of type string, null given, called in C:\Users\Solutions Resource\Projects\Web-and-Mobile-Attendance-System\app\Controllers\PdfController.php on line 81
in SYSTEMPATH\HTTP\RedirectResponse.php on line 32.
 1 APPPATH\Controllers\PdfController.php(81): CodeIgniter\HTTP\RedirectResponse->to(null)
 2 SYSTEMPATH\CodeIgniter.php(898): App\Controllers\PdfController->studenHTMLTOPDF('1')
 3 SYSTEMPATH\CodeIgniter.php(468): CodeIgniter\CodeIgniter->runController(Object(App\Controllers\PdfController))
 4 SYSTEMPATH\CodeIgniter.php(351): CodeIgniter\CodeIgniter->handleRequest(null, Object(Config\Cache), false)
 5 FCPATH\index.php(55): CodeIgniter\CodeIgniter->run()
 6 SYSTEMPATH\Commands\Server\rewrite.php(43): require_once('FCPATH\\index.php')
CRITICAL - 2022-09-10 05:44:13 --> CodeIgniter\HTTP\RedirectResponse::to(): Argument #1 ($uri) must be of type string, null given, called in C:\Users\Solutions Resource\Projects\Web-and-Mobile-Attendance-System\app\Controllers\PdfController.php on line 76
in SYSTEMPATH\HTTP\RedirectResponse.php on line 32.
 1 APPPATH\Controllers\PdfController.php(76): CodeIgniter\HTTP\RedirectResponse->to(null)
 2 SYSTEMPATH\CodeIgniter.php(898): App\Controllers\PdfController->studenHTMLTOPDF('1')
 3 SYSTEMPATH\CodeIgniter.php(468): CodeIgniter\CodeIgniter->runController(Object(App\Controllers\PdfController))
 4 SYSTEMPATH\CodeIgniter.php(351): CodeIgniter\CodeIgniter->handleRequest(null, Object(Config\Cache), false)
 5 FCPATH\index.php(55): CodeIgniter\CodeIgniter->run()
 6 SYSTEMPATH\Commands\Server\rewrite.php(43): require_once('FCPATH\\index.php')
CRITICAL - 2022-09-10 05:45:03 --> CodeIgniter\HTTP\RedirectResponse::to(): Argument #1 ($uri) must be of type string, null given, called in C:\Users\Solutions Resource\Projects\Web-and-Mobile-Attendance-System\app\Controllers\PdfController.php on line 76
in SYSTEMPATH\HTTP\RedirectResponse.php on line 32.
 1 APPPATH\Controllers\PdfController.php(76): CodeIgniter\HTTP\RedirectResponse->to(null)
 2 SYSTEMPATH\CodeIgniter.php(898): App\Controllers\PdfController->studenHTMLTOPDF('1')
 3 SYSTEMPATH\CodeIgniter.php(468): CodeIgniter\CodeIgniter->runController(Object(App\Controllers\PdfController))
 4 SYSTEMPATH\CodeIgniter.php(351): CodeIgniter\CodeIgniter->handleRequest(null, Object(Config\Cache), false)
 5 FCPATH\index.php(55): CodeIgniter\CodeIgniter->run()
 6 SYSTEMPATH\Commands\Server\rewrite.php(43): require_once('FCPATH\\index.php')
CRITICAL - 2022-09-10 05:45:27 --> CodeIgniter\HTTP\RedirectResponse::to(): Argument #1 ($uri) must be of type string, null given, called in C:\Users\Solutions Resource\Projects\Web-and-Mobile-Attendance-System\app\Controllers\PdfController.php on line 76
in SYSTEMPATH\HTTP\RedirectResponse.php on line 32.
 1 APPPATH\Controllers\PdfController.php(76): CodeIgniter\HTTP\RedirectResponse->to(null)
 2 SYSTEMPATH\CodeIgniter.php(898): App\Controllers\PdfController->studenHTMLTOPDF('1')
 3 SYSTEMPATH\CodeIgniter.php(468): CodeIgniter\CodeIgniter->runController(Object(App\Controllers\PdfController))
 4 SYSTEMPATH\CodeIgniter.php(351): CodeIgniter\CodeIgniter->handleRequest(null, Object(Config\Cache), false)
 5 FCPATH\index.php(55): CodeIgniter\CodeIgniter->run()
 6 SYSTEMPATH\Commands\Server\rewrite.php(43): require_once('FCPATH\\index.php')
CRITICAL - 2022-09-10 05:45:38 --> CodeIgniter\HTTP\RedirectResponse::to(): Argument #1 ($uri) must be of type string, null given, called in C:\Users\Solutions Resource\Projects\Web-and-Mobile-Attendance-System\app\Controllers\PdfController.php on line 76
in SYSTEMPATH\HTTP\RedirectResponse.php on line 32.
 1 APPPATH\Controllers\PdfController.php(76): CodeIgniter\HTTP\RedirectResponse->to(null)
 2 SYSTEMPATH\CodeIgniter.php(898): App\Controllers\PdfController->studenHTMLTOPDF('1')
 3 SYSTEMPATH\CodeIgniter.php(468): CodeIgniter\CodeIgniter->runController(Object(App\Controllers\PdfController))
 4 SYSTEMPATH\CodeIgniter.php(351): CodeIgniter\CodeIgniter->handleRequest(null, Object(Config\Cache), false)
 5 FCPATH\index.php(55): CodeIgniter\CodeIgniter->run()
 6 SYSTEMPATH\Commands\Server\rewrite.php(43): require_once('FCPATH\\index.php')
CRITICAL - 2022-09-10 05:45:45 --> CodeIgniter\HTTP\RedirectResponse::to(): Argument #1 ($uri) must be of type string, null given, called in C:\Users\Solutions Resource\Projects\Web-and-Mobile-Attendance-System\app\Controllers\PdfController.php on line 76
in SYSTEMPATH\HTTP\RedirectResponse.php on line 32.
 1 APPPATH\Controllers\PdfController.php(76): CodeIgniter\HTTP\RedirectResponse->to(null)
 2 SYSTEMPATH\CodeIgniter.php(898): App\Controllers\PdfController->studenHTMLTOPDF('1')
 3 SYSTEMPATH\CodeIgniter.php(468): CodeIgniter\CodeIgniter->runController(Object(App\Controllers\PdfController))
 4 SYSTEMPATH\CodeIgniter.php(351): CodeIgniter\CodeIgniter->handleRequest(null, Object(Config\Cache), false)
 5 FCPATH\index.php(55): CodeIgniter\CodeIgniter->run()
 6 SYSTEMPATH\Commands\Server\rewrite.php(43): require_once('FCPATH\\index.php')
CRITICAL - 2022-09-10 05:45:55 --> CodeIgniter\HTTP\RedirectResponse::to(): Argument #1 ($uri) must be of type string, null given, called in C:\Users\Solutions Resource\Projects\Web-and-Mobile-Attendance-System\app\Controllers\PdfController.php on line 76
in SYSTEMPATH\HTTP\RedirectResponse.php on line 32.
 1 APPPATH\Controllers\PdfController.php(76): CodeIgniter\HTTP\RedirectResponse->to(null)
 2 SYSTEMPATH\CodeIgniter.php(898): App\Controllers\PdfController->studenHTMLTOPDF('1')
 3 SYSTEMPATH\CodeIgniter.php(468): CodeIgniter\CodeIgniter->runController(Object(App\Controllers\PdfController))
 4 SYSTEMPATH\CodeIgniter.php(351): CodeIgniter\CodeIgniter->handleRequest(null, Object(Config\Cache), false)
 5 FCPATH\index.php(55): CodeIgniter\CodeIgniter->run()
 6 SYSTEMPATH\Commands\Server\rewrite.php(43): require_once('FCPATH\\index.php')
CRITICAL - 2022-09-10 05:46:10 --> CodeIgniter\HTTP\RedirectResponse::to(): Argument #1 ($uri) must be of type string, null given, called in C:\Users\Solutions Resource\Projects\Web-and-Mobile-Attendance-System\app\Controllers\PdfController.php on line 76
in SYSTEMPATH\HTTP\RedirectResponse.php on line 32.
 1 APPPATH\Controllers\PdfController.php(76): CodeIgniter\HTTP\RedirectResponse->to(null)
 2 SYSTEMPATH\CodeIgniter.php(898): App\Controllers\PdfController->studenHTMLTOPDF('1')
 3 SYSTEMPATH\CodeIgniter.php(468): CodeIgniter\CodeIgniter->runController(Object(App\Controllers\PdfController))
 4 SYSTEMPATH\CodeIgniter.php(351): CodeIgniter\CodeIgniter->handleRequest(null, Object(Config\Cache), false)
 5 FCPATH\index.php(55): CodeIgniter\CodeIgniter->run()
 6 SYSTEMPATH\Commands\Server\rewrite.php(43): require_once('FCPATH\\index.php')
CRITICAL - 2022-09-10 05:46:14 --> CodeIgniter\HTTP\RedirectResponse::to(): Argument #1 ($uri) must be of type string, null given, called in C:\Users\Solutions Resource\Projects\Web-and-Mobile-Attendance-System\app\Controllers\PdfController.php on line 76
in SYSTEMPATH\HTTP\RedirectResponse.php on line 32.
 1 APPPATH\Controllers\PdfController.php(76): CodeIgniter\HTTP\RedirectResponse->to(null)
 2 SYSTEMPATH\CodeIgniter.php(898): App\Controllers\PdfController->studenHTMLTOPDF('1')
 3 SYSTEMPATH\CodeIgniter.php(468): CodeIgniter\CodeIgniter->runController(Object(App\Controllers\PdfController))
 4 SYSTEMPATH\CodeIgniter.php(351): CodeIgniter\CodeIgniter->handleRequest(null, Object(Config\Cache), false)
 5 FCPATH\index.php(55): CodeIgniter\CodeIgniter->run()
 6 SYSTEMPATH\Commands\Server\rewrite.php(43): require_once('FCPATH\\index.php')
CRITICAL - 2022-09-10 05:46:17 --> CodeIgniter\HTTP\RedirectResponse::to(): Argument #1 ($uri) must be of type string, null given, called in C:\Users\Solutions Resource\Projects\Web-and-Mobile-Attendance-System\app\Controllers\PdfController.php on line 76
in SYSTEMPATH\HTTP\RedirectResponse.php on line 32.
 1 APPPATH\Controllers\PdfController.php(76): CodeIgniter\HTTP\RedirectResponse->to(null)
 2 SYSTEMPATH\CodeIgniter.php(898): App\Controllers\PdfController->studenHTMLTOPDF('1')
 3 SYSTEMPATH\CodeIgniter.php(468): CodeIgniter\CodeIgniter->runController(Object(App\Controllers\PdfController))
 4 SYSTEMPATH\CodeIgniter.php(351): CodeIgniter\CodeIgniter->handleRequest(null, Object(Config\Cache), false)
 5 FCPATH\index.php(55): CodeIgniter\CodeIgniter->run()
 6 SYSTEMPATH\Commands\Server\rewrite.php(43): require_once('FCPATH\\index.php')
CRITICAL - 2022-09-10 05:46:27 --> CodeIgniter\HTTP\RedirectResponse::to(): Argument #1 ($uri) must be of type string, null given, called in C:\Users\Solutions Resource\Projects\Web-and-Mobile-Attendance-System\app\Controllers\PdfController.php on line 76
in SYSTEMPATH\HTTP\RedirectResponse.php on line 32.
 1 APPPATH\Controllers\PdfController.php(76): CodeIgniter\HTTP\RedirectResponse->to(null)
 2 SYSTEMPATH\CodeIgniter.php(898): App\Controllers\PdfController->studenHTMLTOPDF('1')
 3 SYSTEMPATH\CodeIgniter.php(468): CodeIgniter\CodeIgniter->runController(Object(App\Controllers\PdfController))
 4 SYSTEMPATH\CodeIgniter.php(351): CodeIgniter\CodeIgniter->handleRequest(null, Object(Config\Cache), false)
 5 FCPATH\index.php(55): CodeIgniter\CodeIgniter->run()
 6 SYSTEMPATH\Commands\Server\rewrite.php(43): require_once('FCPATH\\index.php')
CRITICAL - 2022-09-10 05:46:43 --> CodeIgniter\HTTP\RedirectResponse::to(): Argument #1 ($uri) must be of type string, null given, called in C:\Users\Solutions Resource\Projects\Web-and-Mobile-Attendance-System\app\Controllers\PdfController.php on line 77
in SYSTEMPATH\HTTP\RedirectResponse.php on line 32.
 1 APPPATH\Controllers\PdfController.php(77): CodeIgniter\HTTP\RedirectResponse->to(null)
 2 SYSTEMPATH\CodeIgniter.php(898): App\Controllers\PdfController->studenHTMLTOPDF('1')
 3 SYSTEMPATH\CodeIgniter.php(468): CodeIgniter\CodeIgniter->runController(Object(App\Controllers\PdfController))
 4 SYSTEMPATH\CodeIgniter.php(351): CodeIgniter\CodeIgniter->handleRequest(null, Object(Config\Cache), false)
 5 FCPATH\index.php(55): CodeIgniter\CodeIgniter->run()
 6 SYSTEMPATH\Commands\Server\rewrite.php(43): require_once('FCPATH\\index.php')
CRITICAL - 2022-09-10 05:47:14 --> CodeIgniter\HTTP\RedirectResponse::to(): Argument #1 ($uri) must be of type string, null given, called in C:\Users\Solutions Resource\Projects\Web-and-Mobile-Attendance-System\app\Controllers\PdfController.php on line 77
in SYSTEMPATH\HTTP\RedirectResponse.php on line 32.
 1 APPPATH\Controllers\PdfController.php(77): CodeIgniter\HTTP\RedirectResponse->to(null)
 2 SYSTEMPATH\CodeIgniter.php(898): App\Controllers\PdfController->studenHTMLTOPDF('1')
 3 SYSTEMPATH\CodeIgniter.php(468): CodeIgniter\CodeIgniter->runController(Object(App\Controllers\PdfController))
 4 SYSTEMPATH\CodeIgniter.php(351): CodeIgniter\CodeIgniter->handleRequest(null, Object(Config\Cache), false)
 5 FCPATH\index.php(55): CodeIgniter\CodeIgniter->run()
 6 SYSTEMPATH\Commands\Server\rewrite.php(43): require_once('FCPATH\\index.php')
CRITICAL - 2022-09-10 05:47:32 --> CodeIgniter\HTTP\RedirectResponse::to(): Argument #1 ($uri) must be of type string, null given, called in C:\Users\Solutions Resource\Projects\Web-and-Mobile-Attendance-System\app\Controllers\PdfController.php on line 77
in SYSTEMPATH\HTTP\RedirectResponse.php on line 32.
 1 APPPATH\Controllers\PdfController.php(77): CodeIgniter\HTTP\RedirectResponse->to(null)
 2 SYSTEMPATH\CodeIgniter.php(898): App\Controllers\PdfController->studenHTMLTOPDF('1')
 3 SYSTEMPATH\CodeIgniter.php(468): CodeIgniter\CodeIgniter->runController(Object(App\Controllers\PdfController))
 4 SYSTEMPATH\CodeIgniter.php(351): CodeIgniter\CodeIgniter->handleRequest(null, Object(Config\Cache), false)
 5 FCPATH\index.php(55): CodeIgniter\CodeIgniter->run()
 6 SYSTEMPATH\Commands\Server\rewrite.php(43): require_once('FCPATH\\index.php')
CRITICAL - 2022-09-10 05:48:15 --> CodeIgniter\HTTP\RedirectResponse::to(): Argument #1 ($uri) must be of type string, null given, called in C:\Users\Solutions Resource\Projects\Web-and-Mobile-Attendance-System\app\Controllers\PdfController.php on line 78
in SYSTEMPATH\HTTP\RedirectResponse.php on line 32.
 1 APPPATH\Controllers\PdfController.php(78): CodeIgniter\HTTP\RedirectResponse->to(null)
 2 SYSTEMPATH\CodeIgniter.php(898): App\Controllers\PdfController->studenHTMLTOPDF('1')
 3 SYSTEMPATH\CodeIgniter.php(468): CodeIgniter\CodeIgniter->runController(Object(App\Controllers\PdfController))
 4 SYSTEMPATH\CodeIgniter.php(351): CodeIgniter\CodeIgniter->handleRequest(null, Object(Config\Cache), false)
 5 FCPATH\index.php(55): CodeIgniter\CodeIgniter->run()
 6 SYSTEMPATH\Commands\Server\rewrite.php(43): require_once('FCPATH\\index.php')
CRITICAL - 2022-09-10 05:48:24 --> CodeIgniter\HTTP\RedirectResponse::to(): Argument #1 ($uri) must be of type string, null given, called in C:\Users\Solutions Resource\Projects\Web-and-Mobile-Attendance-System\app\Controllers\PdfController.php on line 78
in SYSTEMPATH\HTTP\RedirectResponse.php on line 32.
 1 APPPATH\Controllers\PdfController.php(78): CodeIgniter\HTTP\RedirectResponse->to(null)
 2 SYSTEMPATH\CodeIgniter.php(898): App\Controllers\PdfController->studenHTMLTOPDF('1')
 3 SYSTEMPATH\CodeIgniter.php(468): CodeIgniter\CodeIgniter->runController(Object(App\Controllers\PdfController))
 4 SYSTEMPATH\CodeIgniter.php(351): CodeIgniter\CodeIgniter->handleRequest(null, Object(Config\Cache), false)
 5 FCPATH\index.php(55): CodeIgniter\CodeIgniter->run()
 6 SYSTEMPATH\Commands\Server\rewrite.php(43): require_once('FCPATH\\index.php')
CRITICAL - 2022-09-10 05:49:32 --> CodeIgniter\HTTP\RedirectResponse::to(): Argument #1 ($uri) must be of type string, null given, called in C:\Users\Solutions Resource\Projects\Web-and-Mobile-Attendance-System\app\Controllers\PdfController.php on line 78
in SYSTEMPATH\HTTP\RedirectResponse.php on line 32.
 1 APPPATH\Controllers\PdfController.php(78): CodeIgniter\HTTP\RedirectResponse->to(null)
 2 SYSTEMPATH\CodeIgniter.php(898): App\Controllers\PdfController->studenHTMLTOPDF('1')
 3 SYSTEMPATH\CodeIgniter.php(468): CodeIgniter\CodeIgniter->runController(Object(App\Controllers\PdfController))
 4 SYSTEMPATH\CodeIgniter.php(351): CodeIgniter\CodeIgniter->handleRequest(null, Object(Config\Cache), false)
 5 FCPATH\index.php(55): CodeIgniter\CodeIgniter->run()
 6 SYSTEMPATH\Commands\Server\rewrite.php(43): require_once('FCPATH\\index.php')
CRITICAL - 2022-09-10 05:49:37 --> CodeIgniter\HTTP\RedirectResponse::to(): Argument #1 ($uri) must be of type string, null given, called in C:\Users\Solutions Resource\Projects\Web-and-Mobile-Attendance-System\app\Controllers\PdfController.php on line 78
in SYSTEMPATH\HTTP\RedirectResponse.php on line 32.
 1 APPPATH\Controllers\PdfController.php(78): CodeIgniter\HTTP\RedirectResponse->to(null)
 2 SYSTEMPATH\CodeIgniter.php(898): App\Controllers\PdfController->studenHTMLTOPDF('1')
 3 SYSTEMPATH\CodeIgniter.php(468): CodeIgniter\CodeIgniter->runController(Object(App\Controllers\PdfController))
 4 SYSTEMPATH\CodeIgniter.php(351): CodeIgniter\CodeIgniter->handleRequest(null, Object(Config\Cache), false)
 5 FCPATH\index.php(55): CodeIgniter\CodeIgniter->run()
 6 SYSTEMPATH\Commands\Server\rewrite.php(43): require_once('FCPATH\\index.php')
CRITICAL - 2022-09-10 05:50:12 --> CodeIgniter\HTTP\RedirectResponse::to(): Argument #1 ($uri) must be of type string, null given, called in C:\Users\Solutions Resource\Projects\Web-and-Mobile-Attendance-System\app\Controllers\PdfController.php on line 78
in SYSTEMPATH\HTTP\RedirectResponse.php on line 32.
 1 APPPATH\Controllers\PdfController.php(78): CodeIgniter\HTTP\RedirectResponse->to(null)
 2 SYSTEMPATH\CodeIgniter.php(898): App\Controllers\PdfController->studenHTMLTOPDF('1')
 3 SYSTEMPATH\CodeIgniter.php(468): CodeIgniter\CodeIgniter->runController(Object(App\Controllers\PdfController))
 4 SYSTEMPATH\CodeIgniter.php(351): CodeIgniter\CodeIgniter->handleRequest(null, Object(Config\Cache), false)
 5 FCPATH\index.php(55): CodeIgniter\CodeIgniter->run()
 6 SYSTEMPATH\Commands\Server\rewrite.php(43): require_once('FCPATH\\index.php')
CRITICAL - 2022-09-10 05:51:14 --> CodeIgniter\HTTP\RedirectResponse::to(): Argument #1 ($uri) must be of type string, null given, called in C:\Users\Solutions Resource\Projects\Web-and-Mobile-Attendance-System\app\Controllers\PdfController.php on line 78
in SYSTEMPATH\HTTP\RedirectResponse.php on line 32.
 1 APPPATH\Controllers\PdfController.php(78): CodeIgniter\HTTP\RedirectResponse->to(null)
 2 SYSTEMPATH\CodeIgniter.php(898): App\Controllers\PdfController->studenHTMLTOPDF('1')
 3 SYSTEMPATH\CodeIgniter.php(468): CodeIgniter\CodeIgniter->runController(Object(App\Controllers\PdfController))
 4 SYSTEMPATH\CodeIgniter.php(351): CodeIgniter\CodeIgniter->handleRequest(null, Object(Config\Cache), false)
 5 FCPATH\index.php(55): CodeIgniter\CodeIgniter->run()
 6 SYSTEMPATH\Commands\Server\rewrite.php(43): require_once('FCPATH\\index.php')
CRITICAL - 2022-09-10 05:52:22 --> CodeIgniter\HTTP\RedirectResponse::to(): Argument #1 ($uri) must be of type string, null given, called in C:\Users\Solutions Resource\Projects\Web-and-Mobile-Attendance-System\app\Controllers\PdfController.php on line 78
in SYSTEMPATH\HTTP\RedirectResponse.php on line 32.
 1 APPPATH\Controllers\PdfController.php(78): CodeIgniter\HTTP\RedirectResponse->to(null)
 2 SYSTEMPATH\CodeIgniter.php(898): App\Controllers\PdfController->studenHTMLTOPDF('11')
 3 SYSTEMPATH\CodeIgniter.php(468): CodeIgniter\CodeIgniter->runController(Object(App\Controllers\PdfController))
 4 SYSTEMPATH\CodeIgniter.php(351): CodeIgniter\CodeIgniter->handleRequest(null, Object(Config\Cache), false)
 5 FCPATH\index.php(55): CodeIgniter\CodeIgniter->run()
 6 SYSTEMPATH\Commands\Server\rewrite.php(43): require_once('FCPATH\\index.php')
CRITICAL - 2022-09-10 05:54:50 --> CodeIgniter\HTTP\RedirectResponse::to(): Argument #1 ($uri) must be of type string, null given, called in C:\Users\Solutions Resource\Projects\Web-and-Mobile-Attendance-System\app\Controllers\PdfController.php on line 77
in SYSTEMPATH\HTTP\RedirectResponse.php on line 32.
 1 APPPATH\Controllers\PdfController.php(77): CodeIgniter\HTTP\RedirectResponse->to(null)
 2 SYSTEMPATH\CodeIgniter.php(898): App\Controllers\PdfController->studenHTMLTOPDF('11')
 3 SYSTEMPATH\CodeIgniter.php(468): CodeIgniter\CodeIgniter->runController(Object(App\Controllers\PdfController))
 4 SYSTEMPATH\CodeIgniter.php(351): CodeIgniter\CodeIgniter->handleRequest(null, Object(Config\Cache), false)
 5 FCPATH\index.php(55): CodeIgniter\CodeIgniter->run()
 6 SYSTEMPATH\Commands\Server\rewrite.php(43): require_once('FCPATH\\index.php')
CRITICAL - 2022-09-10 05:59:49 --> CodeIgniter\HTTP\RedirectResponse::to(): Argument #1 ($uri) must be of type string, null given, called in C:\Users\Solutions Resource\Projects\Web-and-Mobile-Attendance-System\app\Controllers\PdfController.php on line 77
in SYSTEMPATH\HTTP\RedirectResponse.php on line 32.
 1 APPPATH\Controllers\PdfController.php(77): CodeIgniter\HTTP\RedirectResponse->to(null)
 2 SYSTEMPATH\CodeIgniter.php(898): App\Controllers\PdfController->studenHTMLTOPDF('1')
 3 SYSTEMPATH\CodeIgniter.php(468): CodeIgniter\CodeIgniter->runController(Object(App\Controllers\PdfController))
 4 SYSTEMPATH\CodeIgniter.php(351): CodeIgniter\CodeIgniter->handleRequest(null, Object(Config\Cache), false)
 5 FCPATH\index.php(55): CodeIgniter\CodeIgniter->run()
 6 SYSTEMPATH\Commands\Server\rewrite.php(43): require_once('FCPATH\\index.php')
CRITICAL - 2022-09-10 06:00:00 --> CodeIgniter\HTTP\RedirectResponse::to(): Argument #1 ($uri) must be of type string, null given, called in C:\Users\Solutions Resource\Projects\Web-and-Mobile-Attendance-System\app\Controllers\PdfController.php on line 77
in SYSTEMPATH\HTTP\RedirectResponse.php on line 32.
 1 APPPATH\Controllers\PdfController.php(77): CodeIgniter\HTTP\RedirectResponse->to(null)
 2 SYSTEMPATH\CodeIgniter.php(898): App\Controllers\PdfController->studenHTMLTOPDF('13')
 3 SYSTEMPATH\CodeIgniter.php(468): CodeIgniter\CodeIgniter->runController(Object(App\Controllers\PdfController))
 4 SYSTEMPATH\CodeIgniter.php(351): CodeIgniter\CodeIgniter->handleRequest(null, Object(Config\Cache), false)
 5 FCPATH\index.php(55): CodeIgniter\CodeIgniter->run()
 6 SYSTEMPATH\Commands\Server\rewrite.php(43): require_once('FCPATH\\index.php')
CRITICAL - 2022-09-10 06:16:22 --> Trying to access array offset on value of type null
in APPPATH\Controllers\PdfController.php on line 36.
 1 APPPATH\Controllers\PdfController.php(36): CodeIgniter\Debug\Exceptions->errorHandler(2, 'Trying to access array offset on value of type null', 'APPPATH\\Controllers\\PdfController.php', 36)
 2 SYSTEMPATH\CodeIgniter.php(898): App\Controllers\PdfController->studenHTMLTOPDF('1321323123')
 3 SYSTEMPATH\CodeIgniter.php(468): CodeIgniter\CodeIgniter->runController(Object(App\Controllers\PdfController))
 4 SYSTEMPATH\CodeIgniter.php(351): CodeIgniter\CodeIgniter->handleRequest(null, Object(Config\Cache), false)
 5 FCPATH\index.php(55): CodeIgniter\CodeIgniter->run()
 6 SYSTEMPATH\Commands\Server\rewrite.php(43): require_once('FCPATH\\index.php')
CRITICAL - 2022-09-10 06:16:36 --> Trying to access array offset on value of type null
in APPPATH\Controllers\PdfController.php on line 36.
 1 APPPATH\Controllers\PdfController.php(36): CodeIgniter\Debug\Exceptions->errorHandler(2, 'Trying to access array offset on value of type null', 'APPPATH\\Controllers\\PdfController.php', 36)
 2 SYSTEMPATH\CodeIgniter.php(898): App\Controllers\PdfController->studenHTMLTOPDF('54409405')
 3 SYSTEMPATH\CodeIgniter.php(468): CodeIgniter\CodeIgniter->runController(Object(App\Controllers\PdfController))
 4 SYSTEMPATH\CodeIgniter.php(351): CodeIgniter\CodeIgniter->handleRequest(null, Object(Config\Cache), false)
 5 FCPATH\index.php(55): CodeIgniter\CodeIgniter->run()
 6 SYSTEMPATH\Commands\Server\rewrite.php(43): require_once('FCPATH\\index.php')
CRITICAL - 2022-09-10 06:16:51 --> Trying to access array offset on value of type null
in APPPATH\Controllers\PdfController.php on line 36.
 1 APPPATH\Controllers\PdfController.php(36): CodeIgniter\Debug\Exceptions->errorHandler(2, 'Trying to access array offset on value of type null', 'APPPATH\\Controllers\\PdfController.php', 36)
 2 SYSTEMPATH\CodeIgniter.php(898): App\Controllers\PdfController->studenHTMLTOPDF('123123512512')
 3 SYSTEMPATH\CodeIgniter.php(468): CodeIgniter\CodeIgniter->runController(Object(App\Controllers\PdfController))
 4 SYSTEMPATH\CodeIgniter.php(351): CodeIgniter\CodeIgniter->handleRequest(null, Object(Config\Cache), false)
 5 FCPATH\index.php(55): CodeIgniter\CodeIgniter->run()
 6 SYSTEMPATH\Commands\Server\rewrite.php(43): require_once('FCPATH\\index.php')
CRITICAL - 2022-09-10 06:17:56 --> CodeIgniter\HTTP\RedirectResponse::to(): Argument #1 ($uri) must be of type string, null given, called in C:\Users\Solutions Resource\Projects\Web-and-Mobile-Attendance-System\app\Controllers\PdfController.php on line 77
in SYSTEMPATH\HTTP\RedirectResponse.php on line 32.
 1 APPPATH\Controllers\PdfController.php(77): CodeIgniter\HTTP\RedirectResponse->to(null)
 2 SYSTEMPATH\CodeIgniter.php(898): App\Controllers\PdfController->studenHTMLTOPDF('13')
 3 SYSTEMPATH\CodeIgniter.php(468): CodeIgniter\CodeIgniter->runController(Object(App\Controllers\PdfController))
 4 SYSTEMPATH\CodeIgniter.php(351): CodeIgniter\CodeIgniter->handleRequest(null, Object(Config\Cache), false)
 5 FCPATH\index.php(55): CodeIgniter\CodeIgniter->run()
 6 SYSTEMPATH\Commands\Server\rewrite.php(43): require_once('FCPATH\\index.php')
CRITICAL - 2022-09-10 06:19:13 --> CodeIgniter\HTTP\RedirectResponse::to(): Argument #1 ($uri) must be of type string, null given, called in C:\Users\Solutions Resource\Projects\Web-and-Mobile-Attendance-System\app\Controllers\PdfController.php on line 77
in SYSTEMPATH\HTTP\RedirectResponse.php on line 32.
 1 APPPATH\Controllers\PdfController.php(77): CodeIgniter\HTTP\RedirectResponse->to(null)
 2 SYSTEMPATH\CodeIgniter.php(898): App\Controllers\PdfController->studenHTMLTOPDF('13')
 3 SYSTEMPATH\CodeIgniter.php(468): CodeIgniter\CodeIgniter->runController(Object(App\Controllers\PdfController))
 4 SYSTEMPATH\CodeIgniter.php(351): CodeIgniter\CodeIgniter->handleRequest(null, Object(Config\Cache), false)
 5 FCPATH\index.php(55): CodeIgniter\CodeIgniter->run()
 6 SYSTEMPATH\Commands\Server\rewrite.php(43): require_once('FCPATH\\index.php')
CRITICAL - 2022-09-10 06:38:10 --> CodeIgniter\HTTP\RedirectResponse::to(): Argument #1 ($uri) must be of type string, null given, called in C:\Users\Solutions Resource\Projects\Web-and-Mobile-Attendance-System\app\Controllers\PdfController.php on line 77
in SYSTEMPATH\HTTP\RedirectResponse.php on line 32.
 1 APPPATH\Controllers\PdfController.php(77): CodeIgniter\HTTP\RedirectResponse->to(null)
 2 SYSTEMPATH\CodeIgniter.php(898): App\Controllers\PdfController->studenHTMLTOPDF('1')
 3 SYSTEMPATH\CodeIgniter.php(468): CodeIgniter\CodeIgniter->runController(Object(App\Controllers\PdfController))
 4 SYSTEMPATH\CodeIgniter.php(351): CodeIgniter\CodeIgniter->handleRequest(null, Object(Config\Cache), false)
 5 FCPATH\index.php(55): CodeIgniter\CodeIgniter->run()
 6 SYSTEMPATH\Commands\Server\rewrite.php(43): require_once('FCPATH\\index.php')
CRITICAL - 2022-09-10 06:40:37 --> CodeIgniter\HTTP\RedirectResponse::to(): Argument #1 ($uri) must be of type string, null given, called in C:\Users\Solutions Resource\Projects\Web-and-Mobile-Attendance-System\app\Controllers\PdfController.php on line 77
in SYSTEMPATH\HTTP\RedirectResponse.php on line 32.
 1 APPPATH\Controllers\PdfController.php(77): CodeIgniter\HTTP\RedirectResponse->to(null)
 2 SYSTEMPATH\CodeIgniter.php(898): App\Controllers\PdfController->studenHTMLTOPDF('1')
 3 SYSTEMPATH\CodeIgniter.php(468): CodeIgniter\CodeIgniter->runController(Object(App\Controllers\PdfController))
 4 SYSTEMPATH\CodeIgniter.php(351): CodeIgniter\CodeIgniter->handleRequest(null, Object(Config\Cache), false)
 5 FCPATH\index.php(55): CodeIgniter\CodeIgniter->run()
 6 SYSTEMPATH\Commands\Server\rewrite.php(43): require_once('FCPATH\\index.php')
