CRITICAL - 2022-10-31 00:22:02 --> CodeIgniter\HTTP\RedirectResponse::to(): Argument #1 ($uri) must be of type string, null given, called in C:\Users\Nash\Desktop\PROJECTS\MYPROJECTS\THESIS\WEB\Web-and-Mobile-Attendance-System\app\Controllers\PdfController.php on line 77
in SYSTEMPATH\HTTP\RedirectResponse.php on line 32.
 1 APPPATH\Controllers\PdfController.php(77): CodeIgniter\HTTP\RedirectResponse->to(null)
 2 SYSTEMPATH\CodeIgniter.php(898): App\Controllers\PdfController->studenHTMLTOPDF('1')
 3 SYSTEMPATH\CodeIgniter.php(468): CodeIgniter\CodeIgniter->runController(Object(App\Controllers\PdfController))
 4 SYSTEMPATH\CodeIgniter.php(351): CodeIgniter\CodeIgniter->handleRequest(null, Object(Config\Cache), false)
 5 FCPATH\index.php(55): CodeIgniter\CodeIgniter->run()
 6 SYSTEMPATH\Commands\Server\rewrite.php(43): require_once('FCPATH\\index.php')
CRITICAL - 2022-10-31 00:32:41 --> CodeIgniter\HTTP\RedirectResponse::to(): Argument #1 ($uri) must be of type string, null given, called in C:\Users\Nash\Desktop\PROJECTS\MYPROJECTS\THESIS\WEB\Web-and-Mobile-Attendance-System\app\Controllers\PdfController.php on line 77
in SYSTEMPATH\HTTP\RedirectResponse.php on line 32.
 1 APPPATH\Controllers\PdfController.php(77): CodeIgniter\HTTP\RedirectResponse->to(null)
 2 SYSTEMPATH\CodeIgniter.php(898): App\Controllers\PdfController->studenHTMLTOPDF('3')
 3 SYSTEMPATH\CodeIgniter.php(468): CodeIgniter\CodeIgniter->runController(Object(App\Controllers\PdfController))
 4 SYSTEMPATH\CodeIgniter.php(351): CodeIgniter\CodeIgniter->handleRequest(null, Object(Config\Cache), false)
 5 FCPATH\index.php(55): CodeIgniter\CodeIgniter->run()
 6 SYSTEMPATH\Commands\Server\rewrite.php(43): require_once('FCPATH\\index.php')
ERROR - 2022-10-31 00:44:12 --> Cannot add or update a child row: a foreign key constraint fails (`attendance_management_system`.`account`, CONSTRAINT `account_ibfk_1` FOREIGN KEY (`CLASS_ID`) REFERENCES `gradesection` (`ID`))
CRITICAL - 2022-10-31 00:44:12 --> Cannot add or update a child row: a foreign key constraint fails (`attendance_management_system`.`account`, CONSTRAINT `account_ibfk_1` FOREIGN KEY (`CLASS_ID`) REFERENCES `gradesection` (`ID`))
in SYSTEMPATH\Database\MySQLi\Connection.php on line 292.
 1 SYSTEMPATH\Database\MySQLi\Connection.php(292): mysqli->query('INSERT INTO `account` (`USERNAME`, `PASSWORD`, `FNAME`, `LNAME`, `AGE`, `USERTYPE`, `DATE`) VALUES (\'Test\', \'$2y$10$uUb3.uAmPhuHRrAp5QzhquTBGWRXM6hVL9FZEfImR5Y8WffLp1DNS\', \'Test\', \'Test\', \'Test\', \'1\', \'2022-10-31 00:44:12\')', 0)
 2 SYSTEMPATH\Database\BaseConnection.php(678): CodeIgniter\Database\MySQLi\Connection->execute('INSERT INTO `account` (`USERNAME`, `PASSWORD`, `FNAME`, `LNAME`, `AGE`, `USERTYPE`, `DATE`) VALUES (\'Test\', \'$2y$10$uUb3.uAmPhuHRrAp5QzhquTBGWRXM6hVL9FZEfImR5Y8WffLp1DNS\', \'Test\', \'Test\', \'Test\', \'1\', \'2022-10-31 00:44:12\')')
 3 SYSTEMPATH\Database\BaseConnection.php(606): CodeIgniter\Database\BaseConnection->simpleQuery('INSERT INTO `account` (`USERNAME`, `PASSWORD`, `FNAME`, `LNAME`, `AGE`, `USERTYPE`, `DATE`) VALUES (\'Test\', \'$2y$10$uUb3.uAmPhuHRrAp5QzhquTBGWRXM6hVL9FZEfImR5Y8WffLp1DNS\', \'Test\', \'Test\', \'Test\', \'1\', \'2022-10-31 00:44:12\')')
 4 SYSTEMPATH\Database\BaseBuilder.php(1904): CodeIgniter\Database\BaseConnection->query('INSERT INTO `account` (`USERNAME`, `PASSWORD`, `FNAME`, `LNAME`, `AGE`, `USERTYPE`, `DATE`) VALUES (:USERNAME:, :PASSWORD:, :FNAME:, :LNAME:, :AGE:, :USERTYPE:, :DATE:)', [...], false)
 5 SYSTEMPATH\Model.php(278): CodeIgniter\Database\BaseBuilder->insert()
 6 SYSTEMPATH\BaseModel.php(738): CodeIgniter\Model->doInsert([...])
 7 SYSTEMPATH\Model.php(666): CodeIgniter\BaseModel->insert([...], false)
 8 SYSTEMPATH\BaseModel.php(658): CodeIgniter\Model->insert([...], false)
 9 APPPATH\Controllers\Admin.php(54): CodeIgniter\BaseModel->save([...])
10 SYSTEMPATH\CodeIgniter.php(898): App\Controllers\Admin->create_user()
11 SYSTEMPATH\CodeIgniter.php(468): CodeIgniter\CodeIgniter->runController(Object(App\Controllers\Admin))
12 SYSTEMPATH\CodeIgniter.php(351): CodeIgniter\CodeIgniter->handleRequest(null, Object(Config\Cache), false)
13 FCPATH\index.php(55): CodeIgniter\CodeIgniter->run()
14 SYSTEMPATH\Commands\Server\rewrite.php(43): require_once('FCPATH\\index.php')
ERROR - 2022-10-31 00:45:53 --> Cannot add or update a child row: a foreign key constraint fails (`attendance_management_system`.`account`, CONSTRAINT `account_ibfk_1` FOREIGN KEY (`CLASS_ID`) REFERENCES `gradesection` (`ID`))
CRITICAL - 2022-10-31 00:45:53 --> Cannot add or update a child row: a foreign key constraint fails (`attendance_management_system`.`account`, CONSTRAINT `account_ibfk_1` FOREIGN KEY (`CLASS_ID`) REFERENCES `gradesection` (`ID`))
in SYSTEMPATH\Database\MySQLi\Connection.php on line 292.
 1 SYSTEMPATH\Database\MySQLi\Connection.php(292): mysqli->query('INSERT INTO `account` (`USERNAME`, `PASSWORD`, `FNAME`, `LNAME`, `AGE`, `USERTYPE`, `DATE`, `CLASS_ID`) VALUES (\'test\', \'$2y$10$WMkR/UemD5CPPODykAWA8uhEDSazlXjaUPKiYhpjI3Z7QpPcKaEKy\', \'test\', \'test\', \'21\', \'2\', \'2022-10-31 00:45:53\', 0)', 0)
 2 SYSTEMPATH\Database\BaseConnection.php(678): CodeIgniter\Database\MySQLi\Connection->execute('INSERT INTO `account` (`USERNAME`, `PASSWORD`, `FNAME`, `LNAME`, `AGE`, `USERTYPE`, `DATE`, `CLASS_ID`) VALUES (\'test\', \'$2y$10$WMkR/UemD5CPPODykAWA8uhEDSazlXjaUPKiYhpjI3Z7QpPcKaEKy\', \'test\', \'test\', \'21\', \'2\', \'2022-10-31 00:45:53\', 0)')
 3 SYSTEMPATH\Database\BaseConnection.php(606): CodeIgniter\Database\BaseConnection->simpleQuery('INSERT INTO `account` (`USERNAME`, `PASSWORD`, `FNAME`, `LNAME`, `AGE`, `USERTYPE`, `DATE`, `CLASS_ID`) VALUES (\'test\', \'$2y$10$WMkR/UemD5CPPODykAWA8uhEDSazlXjaUPKiYhpjI3Z7QpPcKaEKy\', \'test\', \'test\', \'21\', \'2\', \'2022-10-31 00:45:53\', 0)')
 4 SYSTEMPATH\Database\BaseBuilder.php(1904): CodeIgniter\Database\BaseConnection->query('INSERT INTO `account` (`USERNAME`, `PASSWORD`, `FNAME`, `LNAME`, `AGE`, `USERTYPE`, `DATE`, `CLASS_ID`) VALUES (:USERNAME:, :PASSWORD:, :FNAME:, :LNAME:, :AGE:, :USERTYPE:, :DATE:, :CLASS_ID:)', [...], false)
 5 SYSTEMPATH\Model.php(278): CodeIgniter\Database\BaseBuilder->insert()
 6 SYSTEMPATH\BaseModel.php(738): CodeIgniter\Model->doInsert([...])
 7 SYSTEMPATH\Model.php(666): CodeIgniter\BaseModel->insert([...], false)
 8 SYSTEMPATH\BaseModel.php(658): CodeIgniter\Model->insert([...], false)
 9 APPPATH\Controllers\Admin.php(55): CodeIgniter\BaseModel->save([...])
10 SYSTEMPATH\CodeIgniter.php(898): App\Controllers\Admin->create_user()
11 SYSTEMPATH\CodeIgniter.php(468): CodeIgniter\CodeIgniter->runController(Object(App\Controllers\Admin))
12 SYSTEMPATH\CodeIgniter.php(351): CodeIgniter\CodeIgniter->handleRequest(null, Object(Config\Cache), false)
13 FCPATH\index.php(55): CodeIgniter\CodeIgniter->run()
14 SYSTEMPATH\Commands\Server\rewrite.php(43): require_once('FCPATH\\index.php')
CRITICAL - 2022-10-31 01:27:43 --> Undefined variable $studentSection
in APPPATH\Views\admin\adduser.php on line 100.
 1 APPPATH\Views\admin\adduser.php(100): CodeIgniter\Debug\Exceptions->errorHandler(2, 'Undefined variable $studentSection', 'APPPATH\\Views\\admin\\adduser.php', 100)
 2 SYSTEMPATH\View\View.php(213): include('APPPATH\\Views\\admin\\adduser.php')
 3 SYSTEMPATH\View\View.php(216): CodeIgniter\View\View->CodeIgniter\View\{closure}()
 4 SYSTEMPATH\Common.php(1135): CodeIgniter\View\View->render('admin/adduser', [], true)
 5 APPPATH\Controllers\Admin.php(20): view('admin/adduser', [...])
 6 SYSTEMPATH\CodeIgniter.php(898): App\Controllers\Admin->add_user()
 7 SYSTEMPATH\CodeIgniter.php(468): CodeIgniter\CodeIgniter->runController(Object(App\Controllers\Admin))
 8 SYSTEMPATH\CodeIgniter.php(351): CodeIgniter\CodeIgniter->handleRequest(null, Object(Config\Cache), false)
 9 FCPATH\index.php(55): CodeIgniter\CodeIgniter->run()
10 SYSTEMPATH\Commands\Server\rewrite.php(43): require_once('FCPATH\\index.php')
CRITICAL - 2022-10-31 01:28:13 --> Undefined variable $studentSection
in APPPATH\Views\admin\adduser.php on line 100.
 1 APPPATH\Views\admin\adduser.php(100): CodeIgniter\Debug\Exceptions->errorHandler(2, 'Undefined variable $studentSection', 'APPPATH\\Views\\admin\\adduser.php', 100)
 2 SYSTEMPATH\View\View.php(213): include('APPPATH\\Views\\admin\\adduser.php')
 3 SYSTEMPATH\View\View.php(216): CodeIgniter\View\View->CodeIgniter\View\{closure}()
 4 SYSTEMPATH\Common.php(1135): CodeIgniter\View\View->render('admin/adduser', [], true)
 5 APPPATH\Controllers\Admin.php(20): view('admin/adduser', [...])
 6 SYSTEMPATH\CodeIgniter.php(898): App\Controllers\Admin->add_user()
 7 SYSTEMPATH\CodeIgniter.php(468): CodeIgniter\CodeIgniter->runController(Object(App\Controllers\Admin))
 8 SYSTEMPATH\CodeIgniter.php(351): CodeIgniter\CodeIgniter->handleRequest(null, Object(Config\Cache), false)
 9 FCPATH\index.php(55): CodeIgniter\CodeIgniter->run()
10 SYSTEMPATH\Commands\Server\rewrite.php(43): require_once('FCPATH\\index.php')
CRITICAL - 2022-10-31 01:30:21 --> Undefined variable $studentSection
in APPPATH\Views\admin\adduser.php on line 100.
 1 APPPATH\Views\admin\adduser.php(100): CodeIgniter\Debug\Exceptions->errorHandler(2, 'Undefined variable $studentSection', 'APPPATH\\Views\\admin\\adduser.php', 100)
 2 SYSTEMPATH\View\View.php(213): include('APPPATH\\Views\\admin\\adduser.php')
 3 SYSTEMPATH\View\View.php(216): CodeIgniter\View\View->CodeIgniter\View\{closure}()
 4 SYSTEMPATH\Common.php(1135): CodeIgniter\View\View->render('admin/adduser', [], true)
 5 APPPATH\Controllers\Admin.php(22): view('admin/adduser', [...])
 6 SYSTEMPATH\CodeIgniter.php(898): App\Controllers\Admin->add_user()
 7 SYSTEMPATH\CodeIgniter.php(468): CodeIgniter\CodeIgniter->runController(Object(App\Controllers\Admin))
 8 SYSTEMPATH\CodeIgniter.php(351): CodeIgniter\CodeIgniter->handleRequest(null, Object(Config\Cache), false)
 9 FCPATH\index.php(55): CodeIgniter\CodeIgniter->run()
10 SYSTEMPATH\Commands\Server\rewrite.php(43): require_once('FCPATH\\index.php')
