CRITICAL - 2022-09-29 03:17:46 --> Call to undefined method CodeIgniter\Database\MySQLi\Result::num_rows()
in APPPATH\Controllers\Home.php on line 268.
 1 SYSTEMPATH\CodeIgniter.php(898): App\Controllers\Home->add_attendance()
 2 SYSTEMPATH\CodeIgniter.php(468): CodeIgniter\CodeIgniter->runController(Object(App\Controllers\Home))
 3 SYSTEMPATH\CodeIgniter.php(351): CodeIgniter\CodeIgniter->handleRequest(null, Object(Config\Cache), false)
 4 FCPATH\index.php(55): CodeIgniter\CodeIgniter->run()
 5 SYSTEMPATH\Commands\Server\rewrite.php(43): require_once('FCPATH\\index.php')
CRITICAL - 2022-09-29 03:18:21 --> Call to undefined method CodeIgniter\Database\MySQLi\Result::countAll()
in APPPATH\Controllers\Home.php on line 268.
 1 SYSTEMPATH\CodeIgniter.php(898): App\Controllers\Home->add_attendance()
 2 SYSTEMPATH\CodeIgniter.php(468): CodeIgniter\CodeIgniter->runController(Object(App\Controllers\Home))
 3 SYSTEMPATH\CodeIgniter.php(351): CodeIgniter\CodeIgniter->handleRequest(null, Object(Config\Cache), false)
 4 FCPATH\index.php(55): CodeIgniter\CodeIgniter->run()
 5 SYSTEMPATH\Commands\Server\rewrite.php(43): require_once('FCPATH\\index.php')
CRITICAL - 2022-09-29 03:22:24 --> count(): Parameter must be an array or an object that implements Countable
in APPPATH\Controllers\Home.php on line 262.
 1 [internal function]: CodeIgniter\Debug\Exceptions->errorHandler(2, 'count(): Parameter must be an array or an object that implements Countable', 'APPPATH\\Controllers\\Home.php', 262, [...])
 2 APPPATH\Controllers\Home.php(262): count(true)
 3 SYSTEMPATH\CodeIgniter.php(898): App\Controllers\Home->add_attendance()
 4 SYSTEMPATH\CodeIgniter.php(468): CodeIgniter\CodeIgniter->runController(Object(App\Controllers\Home))
 5 SYSTEMPATH\CodeIgniter.php(351): CodeIgniter\CodeIgniter->handleRequest(null, Object(Config\Cache), false)
 6 FCPATH\index.php(55): CodeIgniter\CodeIgniter->run()
 7 SYSTEMPATH\Commands\Server\rewrite.php(43): require_once('FCPATH\\index.php')
CRITICAL - 2022-09-29 03:27:17 --> Undefined variable: session
in APPPATH\Views\user\attendance.php on line 69.
 1 APPPATH\Views\user\attendance.php(69): CodeIgniter\Debug\Exceptions->errorHandler(8, 'Undefined variable: session', 'APPPATH\\Views\\user\\attendance.php', 69, [...])
 2 SYSTEMPATH\View\View.php(213): include('APPPATH\\Views\\user\\attendance.php')
 3 SYSTEMPATH\View\View.php(216): CodeIgniter\View\View->CodeIgniter\View\{closure}()
 4 SYSTEMPATH\Common.php(1135): CodeIgniter\View\View->render('user/attendance', [], true)
 5 APPPATH\Controllers\Home.php(253): view('user/attendance', [...])
 6 SYSTEMPATH\CodeIgniter.php(898): App\Controllers\Home->attendance()
 7 SYSTEMPATH\CodeIgniter.php(468): CodeIgniter\CodeIgniter->runController(Object(App\Controllers\Home))
 8 SYSTEMPATH\CodeIgniter.php(351): CodeIgniter\CodeIgniter->handleRequest(null, Object(Config\Cache), false)
 9 FCPATH\index.php(55): CodeIgniter\CodeIgniter->run()
10 SYSTEMPATH\Commands\Server\rewrite.php(43): require_once('FCPATH\\index.php')
CRITICAL - 2022-09-29 03:34:24 --> Class 'Date' not found
in APPPATH\Views\user\attendance.php on line 68.
 1 SYSTEMPATH\View\View.php(213): include()
 2 SYSTEMPATH\View\View.php(216): CodeIgniter\View\View->CodeIgniter\View\{closure}()
 3 SYSTEMPATH\Common.php(1135): CodeIgniter\View\View->render('user/attendance', [], true)
 4 APPPATH\Controllers\Home.php(253): view('user/attendance', [...])
 5 SYSTEMPATH\CodeIgniter.php(898): App\Controllers\Home->attendance()
 6 SYSTEMPATH\CodeIgniter.php(468): CodeIgniter\CodeIgniter->runController(Object(App\Controllers\Home))
 7 SYSTEMPATH\CodeIgniter.php(351): CodeIgniter\CodeIgniter->handleRequest(null, Object(Config\Cache), false)
 8 FCPATH\index.php(55): CodeIgniter\CodeIgniter->run()
 9 SYSTEMPATH\Commands\Server\rewrite.php(43): require_once('FCPATH\\index.php')
CRITICAL - 2022-09-29 04:17:15 --> Argument 1 passed to CodeIgniter\HTTP\RedirectResponse::to() must be of the type string, null given, called in C:\Users\Nash\Desktop\PROJECTS\MYPROJECTS\THESIS\WEB\Web-and-Mobile-Attendance-System\app\Controllers\PdfController.php on line 77
in SYSTEMPATH\HTTP\RedirectResponse.php on line 32.
 1 APPPATH\Controllers\PdfController.php(77): CodeIgniter\HTTP\RedirectResponse->to(null)
 2 SYSTEMPATH\CodeIgniter.php(898): App\Controllers\PdfController->studenHTMLTOPDF('1')
 3 SYSTEMPATH\CodeIgniter.php(468): CodeIgniter\CodeIgniter->runController(Object(App\Controllers\PdfController))
 4 SYSTEMPATH\CodeIgniter.php(351): CodeIgniter\CodeIgniter->handleRequest(null, Object(Config\Cache), false)
 5 FCPATH\index.php(55): CodeIgniter\CodeIgniter->run()
 6 SYSTEMPATH\Commands\Server\rewrite.php(43): require_once('FCPATH\\index.php')
CRITICAL - 2022-09-29 04:27:47 --> Argument 1 passed to CodeIgniter\HTTP\RedirectResponse::to() must be of the type string, null given, called in C:\Users\Nash\Desktop\PROJECTS\MYPROJECTS\THESIS\WEB\Web-and-Mobile-Attendance-System\app\Controllers\PdfController.php on line 77
in SYSTEMPATH\HTTP\RedirectResponse.php on line 32.
 1 APPPATH\Controllers\PdfController.php(77): CodeIgniter\HTTP\RedirectResponse->to(null)
 2 SYSTEMPATH\CodeIgniter.php(898): App\Controllers\PdfController->studenHTMLTOPDF('1')
 3 SYSTEMPATH\CodeIgniter.php(468): CodeIgniter\CodeIgniter->runController(Object(App\Controllers\PdfController))
 4 SYSTEMPATH\CodeIgniter.php(351): CodeIgniter\CodeIgniter->handleRequest(null, Object(Config\Cache), false)
 5 FCPATH\index.php(55): CodeIgniter\CodeIgniter->run()
 6 SYSTEMPATH\Commands\Server\rewrite.php(43): require_once('FCPATH\\index.php')
CRITICAL - 2022-09-29 05:04:19 --> Trying to get property 'FIRSTNAME' of non-object
in APPPATH\Controllers\Home.php on line 235.
 1 APPPATH\Controllers\Home.php(235): CodeIgniter\Debug\Exceptions->errorHandler(8, 'Trying to get property \'FIRSTNAME\' of non-object', 'APPPATH\\Controllers\\Home.php', 235, [...])
 2 SYSTEMPATH\CodeIgniter.php(898): App\Controllers\Home->attendance()
 3 SYSTEMPATH\CodeIgniter.php(468): CodeIgniter\CodeIgniter->runController(Object(App\Controllers\Home))
 4 SYSTEMPATH\CodeIgniter.php(351): CodeIgniter\CodeIgniter->handleRequest(null, Object(Config\Cache), false)
 5 FCPATH\index.php(55): CodeIgniter\CodeIgniter->run()
 6 SYSTEMPATH\Commands\Server\rewrite.php(43): require_once('FCPATH\\index.php')
CRITICAL - 2022-09-29 05:04:27 --> Trying to get property 'FIRSTNAME' of non-object
in APPPATH\Controllers\Home.php on line 235.
 1 APPPATH\Controllers\Home.php(235): CodeIgniter\Debug\Exceptions->errorHandler(8, 'Trying to get property \'FIRSTNAME\' of non-object', 'APPPATH\\Controllers\\Home.php', 235, [...])
 2 SYSTEMPATH\CodeIgniter.php(898): App\Controllers\Home->attendance()
 3 SYSTEMPATH\CodeIgniter.php(468): CodeIgniter\CodeIgniter->runController(Object(App\Controllers\Home))
 4 SYSTEMPATH\CodeIgniter.php(351): CodeIgniter\CodeIgniter->handleRequest(null, Object(Config\Cache), false)
 5 FCPATH\index.php(55): CodeIgniter\CodeIgniter->run()
 6 SYSTEMPATH\Commands\Server\rewrite.php(43): require_once('FCPATH\\index.php')
CRITICAL - 2022-09-29 05:04:41 --> Trying to get property 'FIRSTNAME' of non-object
in APPPATH\Controllers\Home.php on line 235.
 1 APPPATH\Controllers\Home.php(235): CodeIgniter\Debug\Exceptions->errorHandler(8, 'Trying to get property \'FIRSTNAME\' of non-object', 'APPPATH\\Controllers\\Home.php', 235, [...])
 2 SYSTEMPATH\CodeIgniter.php(898): App\Controllers\Home->attendance()
 3 SYSTEMPATH\CodeIgniter.php(468): CodeIgniter\CodeIgniter->runController(Object(App\Controllers\Home))
 4 SYSTEMPATH\CodeIgniter.php(351): CodeIgniter\CodeIgniter->handleRequest(null, Object(Config\Cache), false)
 5 FCPATH\index.php(55): CodeIgniter\CodeIgniter->run()
 6 SYSTEMPATH\Commands\Server\rewrite.php(43): require_once('FCPATH\\index.php')
CRITICAL - 2022-09-29 05:05:10 --> Trying to get property 'FIRSTNAME' of non-object
in APPPATH\Controllers\Home.php on line 235.
 1 APPPATH\Controllers\Home.php(235): CodeIgniter\Debug\Exceptions->errorHandler(8, 'Trying to get property \'FIRSTNAME\' of non-object', 'APPPATH\\Controllers\\Home.php', 235, [...])
 2 SYSTEMPATH\CodeIgniter.php(898): App\Controllers\Home->attendance()
 3 SYSTEMPATH\CodeIgniter.php(468): CodeIgniter\CodeIgniter->runController(Object(App\Controllers\Home))
 4 SYSTEMPATH\CodeIgniter.php(351): CodeIgniter\CodeIgniter->handleRequest(null, Object(Config\Cache), false)
 5 FCPATH\index.php(55): CodeIgniter\CodeIgniter->run()
 6 SYSTEMPATH\Commands\Server\rewrite.php(43): require_once('FCPATH\\index.php')
CRITICAL - 2022-09-29 05:05:46 --> Trying to get property 'FIRSTNAME' of non-object
in APPPATH\Controllers\Home.php on line 235.
 1 APPPATH\Controllers\Home.php(235): CodeIgniter\Debug\Exceptions->errorHandler(8, 'Trying to get property \'FIRSTNAME\' of non-object', 'APPPATH\\Controllers\\Home.php', 235, [...])
 2 SYSTEMPATH\CodeIgniter.php(898): App\Controllers\Home->attendance()
 3 SYSTEMPATH\CodeIgniter.php(468): CodeIgniter\CodeIgniter->runController(Object(App\Controllers\Home))
 4 SYSTEMPATH\CodeIgniter.php(351): CodeIgniter\CodeIgniter->handleRequest(null, Object(Config\Cache), false)
 5 FCPATH\index.php(55): CodeIgniter\CodeIgniter->run()
 6 SYSTEMPATH\Commands\Server\rewrite.php(43): require_once('FCPATH\\index.php')
CRITICAL - 2022-09-29 05:05:47 --> Trying to get property 'FIRSTNAME' of non-object
in APPPATH\Controllers\Home.php on line 235.
 1 APPPATH\Controllers\Home.php(235): CodeIgniter\Debug\Exceptions->errorHandler(8, 'Trying to get property \'FIRSTNAME\' of non-object', 'APPPATH\\Controllers\\Home.php', 235, [...])
 2 SYSTEMPATH\CodeIgniter.php(898): App\Controllers\Home->attendance()
 3 SYSTEMPATH\CodeIgniter.php(468): CodeIgniter\CodeIgniter->runController(Object(App\Controllers\Home))
 4 SYSTEMPATH\CodeIgniter.php(351): CodeIgniter\CodeIgniter->handleRequest(null, Object(Config\Cache), false)
 5 FCPATH\index.php(55): CodeIgniter\CodeIgniter->run()
 6 SYSTEMPATH\Commands\Server\rewrite.php(43): require_once('FCPATH\\index.php')
CRITICAL - 2022-09-29 11:51:08 --> Undefined variable: date_today
in APPPATH\Controllers\Home.php on line 263.
 1 APPPATH\Controllers\Home.php(263): CodeIgniter\Debug\Exceptions->errorHandler(8, 'Undefined variable: date_today', 'APPPATH\\Controllers\\Home.php', 263, [...])
 2 SYSTEMPATH\CodeIgniter.php(898): App\Controllers\Home->add_attendance()
 3 SYSTEMPATH\CodeIgniter.php(468): CodeIgniter\CodeIgniter->runController(Object(App\Controllers\Home))
 4 SYSTEMPATH\CodeIgniter.php(351): CodeIgniter\CodeIgniter->handleRequest(null, Object(Config\Cache), false)
 5 FCPATH\index.php(55): CodeIgniter\CodeIgniter->run()
 6 SYSTEMPATH\Commands\Server\rewrite.php(43): require_once('FCPATH\\index.php')
CRITICAL - 2022-09-29 11:54:09 --> Undefined variable: date_today
in APPPATH\Controllers\Home.php on line 224.
 1 APPPATH\Controllers\Home.php(224): CodeIgniter\Debug\Exceptions->errorHandler(8, 'Undefined variable: date_today', 'APPPATH\\Controllers\\Home.php', 224, [...])
 2 SYSTEMPATH\CodeIgniter.php(898): App\Controllers\Home->attendance()
 3 SYSTEMPATH\CodeIgniter.php(468): CodeIgniter\CodeIgniter->runController(Object(App\Controllers\Home))
 4 SYSTEMPATH\CodeIgniter.php(351): CodeIgniter\CodeIgniter->handleRequest(null, Object(Config\Cache), false)
 5 FCPATH\index.php(55): CodeIgniter\CodeIgniter->run()
 6 SYSTEMPATH\Commands\Server\rewrite.php(43): require_once('FCPATH\\index.php')
CRITICAL - 2022-09-29 11:55:45 --> localtime() expects parameter 1 to be int, string given
in APPPATH\Controllers\Home.php on line 223.
 1 [internal function]: CodeIgniter\Debug\Exceptions->errorHandler(2, 'localtime() expects parameter 1 to be int, string given', 'APPPATH\\Controllers\\Home.php', 223, [...])
 2 APPPATH\Controllers\Home.php(223): localtime('Y-m-d')
 3 SYSTEMPATH\CodeIgniter.php(898): App\Controllers\Home->attendance()
 4 SYSTEMPATH\CodeIgniter.php(468): CodeIgniter\CodeIgniter->runController(Object(App\Controllers\Home))
 5 SYSTEMPATH\CodeIgniter.php(351): CodeIgniter\CodeIgniter->handleRequest(null, Object(Config\Cache), false)
 6 FCPATH\index.php(55): CodeIgniter\CodeIgniter->run()
 7 SYSTEMPATH\Commands\Server\rewrite.php(43): require_once('FCPATH\\index.php')
CRITICAL - 2022-09-29 11:56:39 --> localtime() expects parameter 1 to be int, array given
in APPPATH\Controllers\Home.php on line 223.
 1 [internal function]: CodeIgniter\Debug\Exceptions->errorHandler(2, 'localtime() expects parameter 1 to be int, array given', 'APPPATH\\Controllers\\Home.php', 223, [...])
 2 APPPATH\Controllers\Home.php(223): localtime([...])
 3 SYSTEMPATH\CodeIgniter.php(898): App\Controllers\Home->attendance()
 4 SYSTEMPATH\CodeIgniter.php(468): CodeIgniter\CodeIgniter->runController(Object(App\Controllers\Home))
 5 SYSTEMPATH\CodeIgniter.php(351): CodeIgniter\CodeIgniter->handleRequest(null, Object(Config\Cache), false)
 6 FCPATH\index.php(55): CodeIgniter\CodeIgniter->run()
 7 SYSTEMPATH\Commands\Server\rewrite.php(43): require_once('FCPATH\\index.php')
CRITICAL - 2022-09-29 11:57:50 --> localtime() expects parameter 1 to be int, string given
in APPPATH\Controllers\Home.php on line 223.
 1 [internal function]: CodeIgniter\Debug\Exceptions->errorHandler(2, 'localtime() expects parameter 1 to be int, string given', 'APPPATH\\Controllers\\Home.php', 223, [...])
 2 APPPATH\Controllers\Home.php(223): localtime('tm_mday', true)
 3 SYSTEMPATH\CodeIgniter.php(898): App\Controllers\Home->attendance()
 4 SYSTEMPATH\CodeIgniter.php(468): CodeIgniter\CodeIgniter->runController(Object(App\Controllers\Home))
 5 SYSTEMPATH\CodeIgniter.php(351): CodeIgniter\CodeIgniter->handleRequest(null, Object(Config\Cache), false)
 6 FCPATH\index.php(55): CodeIgniter\CodeIgniter->run()
 7 SYSTEMPATH\Commands\Server\rewrite.php(43): require_once('FCPATH\\index.php')
CRITICAL - 2022-09-29 11:59:16 --> Undefined offset: 9
in APPPATH\Controllers\Home.php on line 223.
 1 APPPATH\Controllers\Home.php(223): CodeIgniter\Debug\Exceptions->errorHandler(8, 'Undefined offset: 9', 'APPPATH\\Controllers\\Home.php', 223, [...])
 2 SYSTEMPATH\CodeIgniter.php(898): App\Controllers\Home->attendance()
 3 SYSTEMPATH\CodeIgniter.php(468): CodeIgniter\CodeIgniter->runController(Object(App\Controllers\Home))
 4 SYSTEMPATH\CodeIgniter.php(351): CodeIgniter\CodeIgniter->handleRequest(null, Object(Config\Cache), false)
 5 FCPATH\index.php(55): CodeIgniter\CodeIgniter->run()
 6 SYSTEMPATH\Commands\Server\rewrite.php(43): require_once('FCPATH\\index.php')
